[2024-07-06T00:47:46.592+0000] {taskinstance.py:1165} INFO - Dependencies all met for <TaskInstance: parallel_dag.extract_b scheduled__2024-07-05T00:00:00+00:00 [queued]>
[2024-07-06T00:47:46.721+0000] {taskinstance.py:1165} INFO - Dependencies all met for <TaskInstance: parallel_dag.extract_b scheduled__2024-07-05T00:00:00+00:00 [queued]>
[2024-07-06T00:47:46.764+0000] {taskinstance.py:1362} INFO - 
--------------------------------------------------------------------------------
[2024-07-06T00:47:46.764+0000] {taskinstance.py:1363} INFO - Starting attempt 1 of 1
[2024-07-06T00:47:46.765+0000] {taskinstance.py:1364} INFO - 
--------------------------------------------------------------------------------
[2024-07-06T00:47:46.841+0000] {taskinstance.py:1383} INFO - Executing <Task(BashOperator): extract_b> on 2024-07-05 00:00:00+00:00
[2024-07-06T00:47:46.879+0000] {standard_task_runner.py:55} INFO - Started process 1216 to run task
[2024-07-06T00:47:46.895+0000] {standard_task_runner.py:82} INFO - Running: ['***', 'tasks', 'run', 'parallel_dag', 'extract_b', 'scheduled__2024-07-05T00:00:00+00:00', '--job-id', '93', '--raw', '--subdir', 'DAGS_FOLDER/parallel.py', '--cfg-path', '/tmp/tmpavc1k9_s']
[2024-07-06T00:47:46.914+0000] {standard_task_runner.py:83} INFO - Job 93: Subtask extract_b
[2024-07-06T00:47:47.304+0000] {task_command.py:376} INFO - Running <TaskInstance: parallel_dag.extract_b scheduled__2024-07-05T00:00:00+00:00 [running]> on host 1d08768f7af2
[2024-07-06T00:47:47.793+0000] {taskinstance.py:1592} INFO - Exporting the following env vars:
AIRFLOW_CTX_DAG_OWNER=***
AIRFLOW_CTX_DAG_ID=parallel_dag
AIRFLOW_CTX_TASK_ID=extract_b
AIRFLOW_CTX_EXECUTION_DATE=2024-07-05T00:00:00+00:00
AIRFLOW_CTX_TRY_NUMBER=1
AIRFLOW_CTX_DAG_RUN_ID=scheduled__2024-07-05T00:00:00+00:00
[2024-07-06T00:47:47.796+0000] {subprocess.py:63} INFO - Tmp dir root location: 
 /tmp
[2024-07-06T00:47:47.798+0000] {subprocess.py:75} INFO - Running command: ['/bin/bash', '-c', 'sleep 10']
[2024-07-06T00:47:47.847+0000] {subprocess.py:86} INFO - Output:
[2024-07-06T00:47:57.882+0000] {subprocess.py:97} INFO - Command exited with return code 0
[2024-07-06T00:47:57.935+0000] {taskinstance.py:1406} INFO - Marking task as SUCCESS. dag_id=parallel_dag, task_id=extract_b, execution_date=20240705T000000, start_date=20240706T004746, end_date=20240706T004757
[2024-07-06T00:47:57.968+0000] {local_task_job.py:164} INFO - Task exited with return code 0
[2024-07-06T00:47:57.993+0000] {local_task_job.py:273} INFO - 1 downstream tasks scheduled from follow-on schedule check
