[2024-06-30T10:11:17.340+0000] {taskinstance.py:1165} INFO - Dependencies all met for <TaskInstance: user_processing.create_table scheduled__2024-06-29T00:00:00+00:00 [queued]>
[2024-06-30T10:11:17.357+0000] {taskinstance.py:1165} INFO - Dependencies all met for <TaskInstance: user_processing.create_table scheduled__2024-06-29T00:00:00+00:00 [queued]>
[2024-06-30T10:11:17.358+0000] {taskinstance.py:1362} INFO - 
--------------------------------------------------------------------------------
[2024-06-30T10:11:17.359+0000] {taskinstance.py:1363} INFO - Starting attempt 1 of 1
[2024-06-30T10:11:17.359+0000] {taskinstance.py:1364} INFO - 
--------------------------------------------------------------------------------
[2024-06-30T10:11:17.383+0000] {taskinstance.py:1383} INFO - Executing <Task(PostgresOperator): create_table> on 2024-06-29 00:00:00+00:00
[2024-06-30T10:11:17.390+0000] {standard_task_runner.py:55} INFO - Started process 26165 to run task
[2024-06-30T10:11:17.403+0000] {standard_task_runner.py:82} INFO - Running: ['***', 'tasks', 'run', 'user_processing', 'create_table', 'scheduled__2024-06-29T00:00:00+00:00', '--job-id', '33', '--raw', '--subdir', 'DAGS_FOLDER/user_processing.py', '--cfg-path', '/tmp/tmpgem_05h_']
[2024-06-30T10:11:17.406+0000] {standard_task_runner.py:83} INFO - Job 33: Subtask create_table
[2024-06-30T10:11:17.526+0000] {task_command.py:376} INFO - Running <TaskInstance: user_processing.create_table scheduled__2024-06-29T00:00:00+00:00 [running]> on host 409ff340d891
[2024-06-30T10:11:17.591+0000] {taskinstance.py:1592} INFO - Exporting the following env vars:
AIRFLOW_CTX_DAG_OWNER=***
AIRFLOW_CTX_DAG_ID=user_processing
AIRFLOW_CTX_TASK_ID=create_table
AIRFLOW_CTX_EXECUTION_DATE=2024-06-29T00:00:00+00:00
AIRFLOW_CTX_TRY_NUMBER=1
AIRFLOW_CTX_DAG_RUN_ID=scheduled__2024-06-29T00:00:00+00:00
[2024-06-30T10:11:17.599+0000] {base.py:71} INFO - Using connection ID 'postgres' for task execution.
[2024-06-30T10:11:17.602+0000] {sql.py:315} INFO - Running statement: 
            CREATE TABLE IF NOT EXISTS users (
                firstname TEXT NOT NULL,
                lastname TEXT NOT NULL,
                country TEXT NOT NULL,
                username TEXT NOT NULL,
                password TEXT NOT NULL,
                email TEXT NOT NULL
            );
        , parameters: None
[2024-06-30T10:11:17.619+0000] {taskinstance.py:1406} INFO - Marking task as SUCCESS. dag_id=user_processing, task_id=create_table, execution_date=20240629T000000, start_date=20240630T101117, end_date=20240630T101117
[2024-06-30T10:11:17.651+0000] {local_task_job.py:164} INFO - Task exited with return code 0
[2024-06-30T10:11:17.668+0000] {local_task_job.py:273} INFO - 0 downstream tasks scheduled from follow-on schedule check
