[2024-07-05T01:07:45.444+0000] {taskinstance.py:1165} INFO - Dependencies all met for <TaskInstance: example_bash_operator.runme_1 scheduled__2024-07-04T00:00:00+00:00 [queued]>
[2024-07-05T01:07:45.483+0000] {taskinstance.py:1165} INFO - Dependencies all met for <TaskInstance: example_bash_operator.runme_1 scheduled__2024-07-04T00:00:00+00:00 [queued]>
[2024-07-05T01:07:45.485+0000] {taskinstance.py:1362} INFO - 
--------------------------------------------------------------------------------
[2024-07-05T01:07:45.486+0000] {taskinstance.py:1363} INFO - Starting attempt 1 of 1
[2024-07-05T01:07:45.487+0000] {taskinstance.py:1364} INFO - 
--------------------------------------------------------------------------------
[2024-07-05T01:07:45.580+0000] {taskinstance.py:1383} INFO - Executing <Task(BashOperator): runme_1> on 2024-07-04 00:00:00+00:00
[2024-07-05T01:07:45.849+0000] {standard_task_runner.py:82} INFO - Running: ['***', 'tasks', 'run', 'example_bash_operator', 'runme_1', 'scheduled__2024-07-04T00:00:00+00:00', '--job-id', '61', '--raw', '--subdir', '/home/***/.local/lib/python3.7/site-packages/***/example_dags/example_bash_operator.py', '--cfg-path', '/tmp/tmpa4rwehh7']
[2024-07-05T01:07:45.851+0000] {standard_task_runner.py:83} INFO - Job 61: Subtask runme_1
[2024-07-05T01:07:45.843+0000] {standard_task_runner.py:55} INFO - Started process 71755 to run task
[2024-07-05T01:07:46.200+0000] {task_command.py:376} INFO - Running <TaskInstance: example_bash_operator.runme_1 scheduled__2024-07-04T00:00:00+00:00 [running]> on host 409ff340d891
[2024-07-05T01:07:46.402+0000] {taskinstance.py:1592} INFO - Exporting the following env vars:
AIRFLOW_CTX_DAG_OWNER=***
AIRFLOW_CTX_DAG_ID=example_bash_operator
AIRFLOW_CTX_TASK_ID=runme_1
AIRFLOW_CTX_EXECUTION_DATE=2024-07-04T00:00:00+00:00
AIRFLOW_CTX_TRY_NUMBER=1
AIRFLOW_CTX_DAG_RUN_ID=scheduled__2024-07-04T00:00:00+00:00
[2024-07-05T01:07:46.459+0000] {subprocess.py:63} INFO - Tmp dir root location: 
 /tmp
[2024-07-05T01:07:46.470+0000] {subprocess.py:75} INFO - Running command: ['/bin/bash', '-c', 'echo "example_bash_operator__runme_1__20240704" && sleep 1']
[2024-07-05T01:07:46.540+0000] {subprocess.py:86} INFO - Output:
[2024-07-05T01:07:46.547+0000] {subprocess.py:93} INFO - example_bash_operator__runme_1__20240704
[2024-07-05T01:07:47.568+0000] {subprocess.py:97} INFO - Command exited with return code 0
[2024-07-05T01:07:47.632+0000] {taskinstance.py:1406} INFO - Marking task as SUCCESS. dag_id=example_bash_operator, task_id=runme_1, execution_date=20240704T000000, start_date=20240705T010745, end_date=20240705T010747
[2024-07-05T01:07:47.718+0000] {local_task_job.py:164} INFO - Task exited with return code 0
[2024-07-05T01:07:47.768+0000] {local_task_job.py:273} INFO - 0 downstream tasks scheduled from follow-on schedule check
