[2024-07-05T09:53:03.421+0000] {taskinstance.py:1165} INFO - Dependencies all met for <TaskInstance: user_processing.extract_user scheduled__2024-07-04T00:00:00+00:00 [queued]>
[2024-07-05T09:53:03.430+0000] {taskinstance.py:1165} INFO - Dependencies all met for <TaskInstance: user_processing.extract_user scheduled__2024-07-04T00:00:00+00:00 [queued]>
[2024-07-05T09:53:03.430+0000] {taskinstance.py:1362} INFO - 
--------------------------------------------------------------------------------
[2024-07-05T09:53:03.430+0000] {taskinstance.py:1363} INFO - Starting attempt 2 of 2
[2024-07-05T09:53:03.430+0000] {taskinstance.py:1364} INFO - 
--------------------------------------------------------------------------------
[2024-07-05T09:53:03.440+0000] {taskinstance.py:1383} INFO - Executing <Task(SimpleHttpOperator): extract_user> on 2024-07-04 00:00:00+00:00
[2024-07-05T09:53:03.443+0000] {standard_task_runner.py:55} INFO - Started process 83718 to run task
[2024-07-05T09:53:03.447+0000] {standard_task_runner.py:82} INFO - Running: ['***', 'tasks', 'run', 'user_processing', 'extract_user', 'scheduled__2024-07-04T00:00:00+00:00', '--job-id', '70', '--raw', '--subdir', 'DAGS_FOLDER/user_processing.py', '--cfg-path', '/tmp/tmpnpobs3up']
[2024-07-05T09:53:03.449+0000] {standard_task_runner.py:83} INFO - Job 70: Subtask extract_user
[2024-07-05T09:53:03.506+0000] {task_command.py:376} INFO - Running <TaskInstance: user_processing.extract_user scheduled__2024-07-04T00:00:00+00:00 [running]> on host 409ff340d891
[2024-07-05T09:53:03.598+0000] {taskinstance.py:1592} INFO - Exporting the following env vars:
AIRFLOW_CTX_DAG_OWNER=***
AIRFLOW_CTX_DAG_ID=user_processing
AIRFLOW_CTX_TASK_ID=extract_user
AIRFLOW_CTX_EXECUTION_DATE=2024-07-04T00:00:00+00:00
AIRFLOW_CTX_TRY_NUMBER=2
AIRFLOW_CTX_DAG_RUN_ID=scheduled__2024-07-04T00:00:00+00:00
[2024-07-05T09:53:03.599+0000] {http.py:121} INFO - Calling HTTP method
[2024-07-05T09:53:03.606+0000] {base.py:71} INFO - Using connection ID 'user_api' for task execution.
[2024-07-05T09:53:03.607+0000] {http.py:148} INFO - Sending 'GET' to url: https://randomuser.me/api/
[2024-07-05T09:53:05.922+0000] {http.py:125} INFO - {"results":[{"gender":"female","name":{"title":"Miss","first":"Deniz","last":"Tekelioğlu"},"location":{"street":{"number":8711,"name":"Talak Göktepe Cd"},"city":"Şanlıurfa","state":"Nevşehir","country":"Turkey","postcode":79814,"coordinates":{"latitude":"72.1893","longitude":"19.8508"},"timezone":{"offset":"+2:00","description":"Kaliningrad, South Africa"}},"email":"deniz.tekelioglu@example.com","login":{"uuid":"4c48d4c9-c022-4e7d-9cb4-77449ede1515","username":"crazykoala500","password":"quick","salt":"cij4D2MW","md5":"06acd4dc667574d4d9ebf9f6902b32f0","sha1":"4572526aa635375dbeb5caf6a0ece61bba4ead9e","sha256":"6894741c9752198cfe24ec30ca3c38510fc23a37f562f9ed29e0f55ea30cd4aa"},"dob":{"date":"1959-01-15T03:54:56.205Z","age":65},"registered":{"date":"2007-08-04T09:29:20.772Z","age":16},"phone":"(889)-131-3359","cell":"(097)-147-8009","id":{"name":"","value":null},"picture":{"large":"https://randomuser.me/api/portraits/women/59.jpg","medium":"https://randomuser.me/api/portraits/med/women/59.jpg","thumbnail":"https://randomuser.me/api/portraits/thumb/women/59.jpg"},"nat":"TR"}],"info":{"seed":"f86a34bccc73d9c9","results":1,"page":1,"version":"1.4"}}
[2024-07-05T09:53:05.970+0000] {taskinstance.py:1406} INFO - Marking task as SUCCESS. dag_id=user_processing, task_id=extract_user, execution_date=20240704T000000, start_date=20240705T095303, end_date=20240705T095305
[2024-07-05T09:53:05.998+0000] {local_task_job.py:164} INFO - Task exited with return code 0
[2024-07-05T09:53:06.022+0000] {local_task_job.py:273} INFO - 1 downstream tasks scheduled from follow-on schedule check
