[2024-07-05T09:55:13.045+0000] {taskinstance.py:1165} INFO - Dependencies all met for <TaskInstance: user_processing.extract_user scheduled__2024-07-04T00:00:00+00:00 [queued]>
[2024-07-05T09:55:13.059+0000] {taskinstance.py:1165} INFO - Dependencies all met for <TaskInstance: user_processing.extract_user scheduled__2024-07-04T00:00:00+00:00 [queued]>
[2024-07-05T09:55:13.059+0000] {taskinstance.py:1362} INFO - 
--------------------------------------------------------------------------------
[2024-07-05T09:55:13.060+0000] {taskinstance.py:1363} INFO - Starting attempt 3 of 3
[2024-07-05T09:55:13.060+0000] {taskinstance.py:1364} INFO - 
--------------------------------------------------------------------------------
[2024-07-05T09:55:13.077+0000] {taskinstance.py:1383} INFO - Executing <Task(SimpleHttpOperator): extract_user> on 2024-07-04 00:00:00+00:00
[2024-07-05T09:55:13.084+0000] {standard_task_runner.py:55} INFO - Started process 83844 to run task
[2024-07-05T09:55:13.090+0000] {standard_task_runner.py:82} INFO - Running: ['***', 'tasks', 'run', 'user_processing', 'extract_user', 'scheduled__2024-07-04T00:00:00+00:00', '--job-id', '76', '--raw', '--subdir', 'DAGS_FOLDER/user_processing.py', '--cfg-path', '/tmp/tmpvtywqutx']
[2024-07-05T09:55:13.093+0000] {standard_task_runner.py:83} INFO - Job 76: Subtask extract_user
[2024-07-05T09:55:13.175+0000] {task_command.py:376} INFO - Running <TaskInstance: user_processing.extract_user scheduled__2024-07-04T00:00:00+00:00 [running]> on host 409ff340d891
[2024-07-05T09:55:13.250+0000] {taskinstance.py:1592} INFO - Exporting the following env vars:
AIRFLOW_CTX_DAG_OWNER=***
AIRFLOW_CTX_DAG_ID=user_processing
AIRFLOW_CTX_TASK_ID=extract_user
AIRFLOW_CTX_EXECUTION_DATE=2024-07-04T00:00:00+00:00
AIRFLOW_CTX_TRY_NUMBER=3
AIRFLOW_CTX_DAG_RUN_ID=scheduled__2024-07-04T00:00:00+00:00
[2024-07-05T09:55:13.251+0000] {http.py:121} INFO - Calling HTTP method
[2024-07-05T09:55:13.261+0000] {base.py:71} INFO - Using connection ID 'user_api' for task execution.
[2024-07-05T09:55:13.262+0000] {http.py:148} INFO - Sending 'GET' to url: https://randomuser.me/api/
[2024-07-05T09:55:14.855+0000] {http.py:125} INFO - {"results":[{"gender":"female","name":{"title":"Ms","first":"Cristina","last":"Verduzco"},"location":{"street":{"number":654,"name":"Circunvalación Guerrero"},"city":"Veinte de Noviembre","state":"Zacatecas","country":"Mexico","postcode":90112,"coordinates":{"latitude":"27.3900","longitude":"144.6257"},"timezone":{"offset":"+9:00","description":"Tokyo, Seoul, Osaka, Sapporo, Yakutsk"}},"email":"cristina.verduzco@example.com","login":{"uuid":"4fee16ff-e6ce-4ec5-b300-d03c07584c3a","username":"angryswan123","password":"1234567","salt":"zX43VvBp","md5":"5deb9e8f38415ee8177c84cdcc81797d","sha1":"e76f1e753502552bf124fc4e0ec61488ad84a310","sha256":"fc691a79709823b92cf0cddd67b59d7c26bce3993b5849fedf32b8842beb5faf"},"dob":{"date":"1957-07-12T15:24:24.881Z","age":66},"registered":{"date":"2018-07-05T20:59:57.390Z","age":5},"phone":"(643) 527 1610","cell":"(653) 320 5937","id":{"name":"NSS","value":"90 64 08 3700 1"},"picture":{"large":"https://randomuser.me/api/portraits/women/5.jpg","medium":"https://randomuser.me/api/portraits/med/women/5.jpg","thumbnail":"https://randomuser.me/api/portraits/thumb/women/5.jpg"},"nat":"MX"}],"info":{"seed":"19b880e92c0bf203","results":1,"page":1,"version":"1.4"}}
[2024-07-05T09:55:14.888+0000] {taskinstance.py:1406} INFO - Marking task as SUCCESS. dag_id=user_processing, task_id=extract_user, execution_date=20240704T000000, start_date=20240705T095513, end_date=20240705T095514
[2024-07-05T09:55:14.925+0000] {local_task_job.py:164} INFO - Task exited with return code 0
[2024-07-05T09:55:14.949+0000] {local_task_job.py:273} INFO - 1 downstream tasks scheduled from follow-on schedule check
