[2024-07-05T09:26:06.553+0000] {taskinstance.py:1165} INFO - Dependencies all met for <TaskInstance: user_processing.extract_user scheduled__2024-07-04T00:00:00+00:00 [queued]>
[2024-07-05T09:26:06.579+0000] {taskinstance.py:1165} INFO - Dependencies all met for <TaskInstance: user_processing.extract_user scheduled__2024-07-04T00:00:00+00:00 [queued]>
[2024-07-05T09:26:06.580+0000] {taskinstance.py:1362} INFO - 
--------------------------------------------------------------------------------
[2024-07-05T09:26:06.590+0000] {taskinstance.py:1363} INFO - Starting attempt 1 of 1
[2024-07-05T09:26:06.592+0000] {taskinstance.py:1364} INFO - 
--------------------------------------------------------------------------------
[2024-07-05T09:26:06.635+0000] {taskinstance.py:1383} INFO - Executing <Task(SimpleHttpOperator): extract_user> on 2024-07-04 00:00:00+00:00
[2024-07-05T09:26:06.654+0000] {standard_task_runner.py:55} INFO - Started process 82437 to run task
[2024-07-05T09:26:06.680+0000] {standard_task_runner.py:82} INFO - Running: ['***', 'tasks', 'run', 'user_processing', 'extract_user', 'scheduled__2024-07-04T00:00:00+00:00', '--job-id', '67', '--raw', '--subdir', 'DAGS_FOLDER/user_processing.py', '--cfg-path', '/tmp/tmpgdfefvnz']
[2024-07-05T09:26:06.700+0000] {standard_task_runner.py:83} INFO - Job 67: Subtask extract_user
[2024-07-05T09:26:07.026+0000] {task_command.py:376} INFO - Running <TaskInstance: user_processing.extract_user scheduled__2024-07-04T00:00:00+00:00 [running]> on host 409ff340d891
[2024-07-05T09:26:07.289+0000] {taskinstance.py:1592} INFO - Exporting the following env vars:
AIRFLOW_CTX_DAG_OWNER=***
AIRFLOW_CTX_DAG_ID=user_processing
AIRFLOW_CTX_TASK_ID=extract_user
AIRFLOW_CTX_EXECUTION_DATE=2024-07-04T00:00:00+00:00
AIRFLOW_CTX_TRY_NUMBER=1
AIRFLOW_CTX_DAG_RUN_ID=scheduled__2024-07-04T00:00:00+00:00
[2024-07-05T09:26:07.296+0000] {http.py:121} INFO - Calling HTTP method
[2024-07-05T09:26:07.328+0000] {base.py:71} INFO - Using connection ID 'user_api' for task execution.
[2024-07-05T09:26:07.340+0000] {http.py:148} INFO - Sending 'GET' to url: https://randomuser.me/api/
[2024-07-05T09:27:23.931+0000] {http.py:125} INFO - {"results":[{"gender":"male","name":{"title":"Mr","first":"Liam","last":"Brar"},"location":{"street":{"number":9628,"name":"Concession Road 6"},"city":"Port Elgin","state":"Québec","country":"Canada","postcode":"O0G 0H5","coordinates":{"latitude":"-70.3171","longitude":"-105.4906"},"timezone":{"offset":"+8:00","description":"Beijing, Perth, Singapore, Hong Kong"}},"email":"liam.brar@example.com","login":{"uuid":"81df5ad3-4df1-415b-ae54-1d449720f8cb","username":"greenfish211","password":"system","salt":"s28hfwSk","md5":"6a668e1468803180fa3b6e07aba26b02","sha1":"8520ab3692d0a86754efbee6d1a4744796c8662d","sha256":"9491412e2449834e047b4ef1231a8e983fd04b2244818bce18b0079a19de3103"},"dob":{"date":"1991-05-05T21:33:05.066Z","age":33},"registered":{"date":"2008-03-24T13:23:05.236Z","age":16},"phone":"P41 A95-7723","cell":"C14 O20-1415","id":{"name":"SIN","value":"975267857"},"picture":{"large":"https://randomuser.me/api/portraits/men/30.jpg","medium":"https://randomuser.me/api/portraits/med/men/30.jpg","thumbnail":"https://randomuser.me/api/portraits/thumb/men/30.jpg"},"nat":"CA"}],"info":{"seed":"f6f2f48d626e0411","results":1,"page":1,"version":"1.4"}}
[2024-07-05T09:27:23.979+0000] {taskinstance.py:1406} INFO - Marking task as SUCCESS. dag_id=user_processing, task_id=extract_user, execution_date=20240704T000000, start_date=20240705T092606, end_date=20240705T092723
[2024-07-05T09:27:24.038+0000] {local_task_job.py:164} INFO - Task exited with return code 0
[2024-07-05T09:27:24.057+0000] {local_task_job.py:273} INFO - 0 downstream tasks scheduled from follow-on schedule check
