[2024-07-06T10:43:25.375+0000] {taskinstance.py:1165} INFO - Dependencies all met for <TaskInstance: group_dag.transform_a scheduled__2024-07-05T00:00:00+00:00 [queued]>
[2024-07-06T10:43:25.393+0000] {taskinstance.py:1165} INFO - Dependencies all met for <TaskInstance: group_dag.transform_a scheduled__2024-07-05T00:00:00+00:00 [queued]>
[2024-07-06T10:43:25.393+0000] {taskinstance.py:1362} INFO - 
--------------------------------------------------------------------------------
[2024-07-06T10:43:25.394+0000] {taskinstance.py:1363} INFO - Starting attempt 1 of 1
[2024-07-06T10:43:25.395+0000] {taskinstance.py:1364} INFO - 
--------------------------------------------------------------------------------
[2024-07-06T10:43:25.422+0000] {taskinstance.py:1383} INFO - Executing <Task(BashOperator): transform_a> on 2024-07-05 00:00:00+00:00
[2024-07-06T10:43:25.432+0000] {standard_task_runner.py:55} INFO - Started process 8621 to run task
[2024-07-06T10:43:25.440+0000] {standard_task_runner.py:82} INFO - Running: ['***', 'tasks', 'run', 'group_dag', 'transform_a', 'scheduled__2024-07-05T00:00:00+00:00', '--job-id', '111', '--raw', '--subdir', 'DAGS_FOLDER/group_dag.py', '--cfg-path', '/tmp/tmp3vw4fa9z']
[2024-07-06T10:43:25.441+0000] {standard_task_runner.py:83} INFO - Job 111: Subtask transform_a
[2024-07-06T10:43:25.614+0000] {task_command.py:376} INFO - Running <TaskInstance: group_dag.transform_a scheduled__2024-07-05T00:00:00+00:00 [running]> on host 1d08768f7af2
[2024-07-06T10:43:25.779+0000] {taskinstance.py:1592} INFO - Exporting the following env vars:
AIRFLOW_CTX_DAG_OWNER=***
AIRFLOW_CTX_DAG_ID=group_dag
AIRFLOW_CTX_TASK_ID=transform_a
AIRFLOW_CTX_EXECUTION_DATE=2024-07-05T00:00:00+00:00
AIRFLOW_CTX_TRY_NUMBER=1
AIRFLOW_CTX_DAG_RUN_ID=scheduled__2024-07-05T00:00:00+00:00
[2024-07-06T10:43:25.784+0000] {subprocess.py:63} INFO - Tmp dir root location: 
 /tmp
[2024-07-06T10:43:25.787+0000] {subprocess.py:75} INFO - Running command: ['/bin/bash', '-c', 'sleep 10']
[2024-07-06T10:43:25.820+0000] {subprocess.py:86} INFO - Output:
[2024-07-06T10:43:35.831+0000] {subprocess.py:97} INFO - Command exited with return code 0
[2024-07-06T10:43:35.880+0000] {taskinstance.py:1406} INFO - Marking task as SUCCESS. dag_id=group_dag, task_id=transform_a, execution_date=20240705T000000, start_date=20240706T104325, end_date=20240706T104335
[2024-07-06T10:43:35.934+0000] {local_task_job.py:164} INFO - Task exited with return code 0
[2024-07-06T10:43:35.975+0000] {local_task_job.py:273} INFO - 0 downstream tasks scheduled from follow-on schedule check
