[2024-07-05T09:52:59.104+0000] {taskinstance.py:1165} INFO - Dependencies all met for <TaskInstance: user_processing.create_table scheduled__2024-07-04T00:00:00+00:00 [queued]>
[2024-07-05T09:52:59.111+0000] {taskinstance.py:1165} INFO - Dependencies all met for <TaskInstance: user_processing.create_table scheduled__2024-07-04T00:00:00+00:00 [queued]>
[2024-07-05T09:52:59.112+0000] {taskinstance.py:1362} INFO - 
--------------------------------------------------------------------------------
[2024-07-05T09:52:59.112+0000] {taskinstance.py:1363} INFO - Starting attempt 2 of 2
[2024-07-05T09:52:59.112+0000] {taskinstance.py:1364} INFO - 
--------------------------------------------------------------------------------
[2024-07-05T09:52:59.122+0000] {taskinstance.py:1383} INFO - Executing <Task(PostgresOperator): create_table> on 2024-07-04 00:00:00+00:00
[2024-07-05T09:52:59.127+0000] {standard_task_runner.py:55} INFO - Started process 83712 to run task
[2024-07-05T09:52:59.131+0000] {standard_task_runner.py:82} INFO - Running: ['***', 'tasks', 'run', 'user_processing', 'create_table', 'scheduled__2024-07-04T00:00:00+00:00', '--job-id', '68', '--raw', '--subdir', 'DAGS_FOLDER/user_processing.py', '--cfg-path', '/tmp/tmptdbqu4qr']
[2024-07-05T09:52:59.133+0000] {standard_task_runner.py:83} INFO - Job 68: Subtask create_table
[2024-07-05T09:52:59.197+0000] {task_command.py:376} INFO - Running <TaskInstance: user_processing.create_table scheduled__2024-07-04T00:00:00+00:00 [running]> on host 409ff340d891
[2024-07-05T09:52:59.250+0000] {taskinstance.py:1592} INFO - Exporting the following env vars:
AIRFLOW_CTX_DAG_OWNER=***
AIRFLOW_CTX_DAG_ID=user_processing
AIRFLOW_CTX_TASK_ID=create_table
AIRFLOW_CTX_EXECUTION_DATE=2024-07-04T00:00:00+00:00
AIRFLOW_CTX_TRY_NUMBER=2
AIRFLOW_CTX_DAG_RUN_ID=scheduled__2024-07-04T00:00:00+00:00
[2024-07-05T09:52:59.257+0000] {base.py:71} INFO - Using connection ID 'postgres' for task execution.
[2024-07-05T09:52:59.261+0000] {sql.py:315} INFO - Running statement: 
            CREATE TABLE IF NOT EXISTS users (
                firstname TEXT NOT NULL,
                lastname TEXT NOT NULL,
                country TEXT NOT NULL,
                username TEXT NOT NULL,
                password TEXT NOT NULL,
                email TEXT NOT NULL
            );
        , parameters: None
[2024-07-05T09:52:59.261+0000] {postgres.py:96} INFO - NOTICE:  relation "users" already exists, skipping

[2024-07-05T09:52:59.268+0000] {taskinstance.py:1406} INFO - Marking task as SUCCESS. dag_id=user_processing, task_id=create_table, execution_date=20240704T000000, start_date=20240705T095259, end_date=20240705T095259
[2024-07-05T09:52:59.306+0000] {local_task_job.py:164} INFO - Task exited with return code 0
[2024-07-05T09:52:59.337+0000] {local_task_job.py:273} INFO - 1 downstream tasks scheduled from follow-on schedule check
