[2024-07-06T00:47:53.425+0000] {taskinstance.py:1165} INFO - Dependencies all met for <TaskInstance: user_processing.extract_user scheduled__2024-07-05T00:00:00+00:00 [queued]>
[2024-07-06T00:47:53.437+0000] {taskinstance.py:1165} INFO - Dependencies all met for <TaskInstance: user_processing.extract_user scheduled__2024-07-05T00:00:00+00:00 [queued]>
[2024-07-06T00:47:53.437+0000] {taskinstance.py:1362} INFO - 
--------------------------------------------------------------------------------
[2024-07-06T00:47:53.438+0000] {taskinstance.py:1363} INFO - Starting attempt 1 of 1
[2024-07-06T00:47:53.438+0000] {taskinstance.py:1364} INFO - 
--------------------------------------------------------------------------------
[2024-07-06T00:47:53.451+0000] {taskinstance.py:1383} INFO - Executing <Task(SimpleHttpOperator): extract_user> on 2024-07-05 00:00:00+00:00
[2024-07-06T00:47:53.458+0000] {standard_task_runner.py:55} INFO - Started process 1236 to run task
[2024-07-06T00:47:53.463+0000] {standard_task_runner.py:82} INFO - Running: ['***', 'tasks', 'run', 'user_processing', 'extract_user', 'scheduled__2024-07-05T00:00:00+00:00', '--job-id', '98', '--raw', '--subdir', 'DAGS_FOLDER/user_processing.py', '--cfg-path', '/tmp/tmpsbmcr0wc']
[2024-07-06T00:47:53.465+0000] {standard_task_runner.py:83} INFO - Job 98: Subtask extract_user
[2024-07-06T00:47:53.527+0000] {task_command.py:376} INFO - Running <TaskInstance: user_processing.extract_user scheduled__2024-07-05T00:00:00+00:00 [running]> on host 1d08768f7af2
[2024-07-06T00:47:53.590+0000] {taskinstance.py:1592} INFO - Exporting the following env vars:
AIRFLOW_CTX_DAG_OWNER=***
AIRFLOW_CTX_DAG_ID=user_processing
AIRFLOW_CTX_TASK_ID=extract_user
AIRFLOW_CTX_EXECUTION_DATE=2024-07-05T00:00:00+00:00
AIRFLOW_CTX_TRY_NUMBER=1
AIRFLOW_CTX_DAG_RUN_ID=scheduled__2024-07-05T00:00:00+00:00
[2024-07-06T00:47:53.591+0000] {http.py:121} INFO - Calling HTTP method
[2024-07-06T00:47:53.599+0000] {base.py:71} INFO - Using connection ID 'user_api' for task execution.
[2024-07-06T00:47:53.600+0000] {http.py:148} INFO - Sending 'GET' to url: https://randomuser.me/api/
[2024-07-06T00:47:54.402+0000] {http.py:125} INFO - {"results":[{"gender":"female","name":{"title":"Mrs","first":"Ava","last":"Sommer"},"location":{"street":{"number":4679,"name":"Nilserudkleiva"},"city":"Meldal","state":"Vest-Agder","country":"Norway","postcode":"0962","coordinates":{"latitude":"41.1109","longitude":"130.3233"},"timezone":{"offset":"+4:00","description":"Abu Dhabi, Muscat, Baku, Tbilisi"}},"email":"ava.sommer@example.com","login":{"uuid":"2c69798e-d6e9-4993-a77a-1f81f5526664","username":"redbutterfly991","password":"honor","salt":"y7JJJmAB","md5":"edabc484a2e037b56b6ef32b9292e7b0","sha1":"7d1d148b9430fb3596e11473bffffde8062c1848","sha256":"51e377557f738032c289d5d3c0f0822b841630062f3ab6015eacb8ca6e941982"},"dob":{"date":"1974-03-05T19:11:12.359Z","age":50},"registered":{"date":"2004-05-04T17:40:02.351Z","age":20},"phone":"53144329","cell":"95280174","id":{"name":"FN","value":"05037407277"},"picture":{"large":"https://randomuser.me/api/portraits/women/92.jpg","medium":"https://randomuser.me/api/portraits/med/women/92.jpg","thumbnail":"https://randomuser.me/api/portraits/thumb/women/92.jpg"},"nat":"NO"}],"info":{"seed":"8186a51595d34bec","results":1,"page":1,"version":"1.4"}}
[2024-07-06T00:47:54.437+0000] {taskinstance.py:1406} INFO - Marking task as SUCCESS. dag_id=user_processing, task_id=extract_user, execution_date=20240705T000000, start_date=20240706T004753, end_date=20240706T004754
[2024-07-06T00:47:54.470+0000] {local_task_job.py:164} INFO - Task exited with return code 0
[2024-07-06T00:47:54.497+0000] {local_task_job.py:273} INFO - 1 downstream tasks scheduled from follow-on schedule check
