[2024-07-03T00:27:14.035+0000] {taskinstance.py:1165} INFO - Dependencies all met for <TaskInstance: example_bash_operator.runme_0 scheduled__2024-07-02T00:00:00+00:00 [queued]>
[2024-07-03T00:27:14.100+0000] {taskinstance.py:1165} INFO - Dependencies all met for <TaskInstance: example_bash_operator.runme_0 scheduled__2024-07-02T00:00:00+00:00 [queued]>
[2024-07-03T00:27:14.105+0000] {taskinstance.py:1362} INFO - 
--------------------------------------------------------------------------------
[2024-07-03T00:27:14.106+0000] {taskinstance.py:1363} INFO - Starting attempt 1 of 1
[2024-07-03T00:27:14.107+0000] {taskinstance.py:1364} INFO - 
--------------------------------------------------------------------------------
[2024-07-03T00:27:14.162+0000] {taskinstance.py:1383} INFO - Executing <Task(BashOperator): runme_0> on 2024-07-02 00:00:00+00:00
[2024-07-03T00:27:14.188+0000] {standard_task_runner.py:55} INFO - Started process 58205 to run task
[2024-07-03T00:27:14.206+0000] {standard_task_runner.py:82} INFO - Running: ['***', 'tasks', 'run', 'example_bash_operator', 'runme_0', 'scheduled__2024-07-02T00:00:00+00:00', '--job-id', '49', '--raw', '--subdir', '/home/***/.local/lib/python3.7/site-packages/***/example_dags/example_bash_operator.py', '--cfg-path', '/tmp/tmp3ej96fnt']
[2024-07-03T00:27:14.238+0000] {standard_task_runner.py:83} INFO - Job 49: Subtask runme_0
[2024-07-03T00:27:14.890+0000] {task_command.py:376} INFO - Running <TaskInstance: example_bash_operator.runme_0 scheduled__2024-07-02T00:00:00+00:00 [running]> on host 409ff340d891
[2024-07-03T00:27:15.341+0000] {taskinstance.py:1592} INFO - Exporting the following env vars:
AIRFLOW_CTX_DAG_OWNER=***
AIRFLOW_CTX_DAG_ID=example_bash_operator
AIRFLOW_CTX_TASK_ID=runme_0
AIRFLOW_CTX_EXECUTION_DATE=2024-07-02T00:00:00+00:00
AIRFLOW_CTX_TRY_NUMBER=1
AIRFLOW_CTX_DAG_RUN_ID=scheduled__2024-07-02T00:00:00+00:00
[2024-07-03T00:27:15.470+0000] {subprocess.py:63} INFO - Tmp dir root location: 
 /tmp
[2024-07-03T00:27:15.475+0000] {subprocess.py:75} INFO - Running command: ['/bin/bash', '-c', 'echo "example_bash_operator__runme_0__20240702" && sleep 1']
[2024-07-03T00:27:15.559+0000] {subprocess.py:86} INFO - Output:
[2024-07-03T00:27:15.589+0000] {subprocess.py:93} INFO - example_bash_operator__runme_0__20240702
[2024-07-03T00:27:16.605+0000] {subprocess.py:97} INFO - Command exited with return code 0
[2024-07-03T00:27:16.668+0000] {taskinstance.py:1406} INFO - Marking task as SUCCESS. dag_id=example_bash_operator, task_id=runme_0, execution_date=20240702T000000, start_date=20240703T002714, end_date=20240703T002716
[2024-07-03T00:27:16.715+0000] {local_task_job.py:164} INFO - Task exited with return code 0
[2024-07-03T00:27:16.821+0000] {local_task_job.py:273} INFO - 0 downstream tasks scheduled from follow-on schedule check
