[2024-06-29T04:04:11.796+0000] {taskinstance.py:1165} INFO - Dependencies all met for <TaskInstance: example_bash_operator.runme_2 manual__2024-06-29T04:04:10.514377+00:00 [queued]>
[2024-06-29T04:04:11.810+0000] {taskinstance.py:1165} INFO - Dependencies all met for <TaskInstance: example_bash_operator.runme_2 manual__2024-06-29T04:04:10.514377+00:00 [queued]>
[2024-06-29T04:04:11.810+0000] {taskinstance.py:1362} INFO - 
--------------------------------------------------------------------------------
[2024-06-29T04:04:11.812+0000] {taskinstance.py:1363} INFO - Starting attempt 1 of 1
[2024-06-29T04:04:11.813+0000] {taskinstance.py:1364} INFO - 
--------------------------------------------------------------------------------
[2024-06-29T04:04:11.830+0000] {taskinstance.py:1383} INFO - Executing <Task(BashOperator): runme_2> on 2024-06-29 04:04:10.514377+00:00
[2024-06-29T04:04:11.839+0000] {standard_task_runner.py:55} INFO - Started process 626 to run task
[2024-06-29T04:04:11.842+0000] {standard_task_runner.py:82} INFO - Running: ['***', 'tasks', 'run', 'example_bash_operator', 'runme_2', 'manual__2024-06-29T04:04:10.514377+00:00', '--job-id', '17', '--raw', '--subdir', '/home/***/.local/lib/python3.7/site-packages/***/example_dags/example_bash_operator.py', '--cfg-path', '/tmp/tmp0i1j5o8e']
[2024-06-29T04:04:11.844+0000] {standard_task_runner.py:83} INFO - Job 17: Subtask runme_2
[2024-06-29T04:04:11.975+0000] {task_command.py:376} INFO - Running <TaskInstance: example_bash_operator.runme_2 manual__2024-06-29T04:04:10.514377+00:00 [running]> on host 409ff340d891
[2024-06-29T04:04:12.055+0000] {taskinstance.py:1592} INFO - Exporting the following env vars:
AIRFLOW_CTX_DAG_OWNER=***
AIRFLOW_CTX_DAG_ID=example_bash_operator
AIRFLOW_CTX_TASK_ID=runme_2
AIRFLOW_CTX_EXECUTION_DATE=2024-06-29T04:04:10.514377+00:00
AIRFLOW_CTX_TRY_NUMBER=1
AIRFLOW_CTX_DAG_RUN_ID=manual__2024-06-29T04:04:10.514377+00:00
[2024-06-29T04:04:12.057+0000] {subprocess.py:63} INFO - Tmp dir root location: 
 /tmp
[2024-06-29T04:04:12.059+0000] {subprocess.py:75} INFO - Running command: ['/bin/bash', '-c', 'echo "example_bash_operator__runme_2__20240629" && sleep 1']
[2024-06-29T04:04:12.068+0000] {subprocess.py:86} INFO - Output:
[2024-06-29T04:04:12.070+0000] {subprocess.py:93} INFO - example_bash_operator__runme_2__20240629
[2024-06-29T04:04:13.072+0000] {subprocess.py:97} INFO - Command exited with return code 0
[2024-06-29T04:04:13.101+0000] {taskinstance.py:1406} INFO - Marking task as SUCCESS. dag_id=example_bash_operator, task_id=runme_2, execution_date=20240629T040410, start_date=20240629T040411, end_date=20240629T040413
[2024-06-29T04:04:13.150+0000] {local_task_job.py:164} INFO - Task exited with return code 0
[2024-06-29T04:04:13.171+0000] {local_task_job.py:273} INFO - 1 downstream tasks scheduled from follow-on schedule check
