[2024-07-02T00:18:58.830+0000] {taskinstance.py:1165} INFO - Dependencies all met for <TaskInstance: example_bash_operator.also_run_this scheduled__2024-07-01T00:00:00+00:00 [queued]>
[2024-07-02T00:18:58.847+0000] {taskinstance.py:1165} INFO - Dependencies all met for <TaskInstance: example_bash_operator.also_run_this scheduled__2024-07-01T00:00:00+00:00 [queued]>
[2024-07-02T00:18:58.848+0000] {taskinstance.py:1362} INFO - 
--------------------------------------------------------------------------------
[2024-07-02T00:18:58.848+0000] {taskinstance.py:1363} INFO - Starting attempt 1 of 1
[2024-07-02T00:18:58.849+0000] {taskinstance.py:1364} INFO - 
--------------------------------------------------------------------------------
[2024-07-02T00:18:58.936+0000] {taskinstance.py:1383} INFO - Executing <Task(BashOperator): also_run_this> on 2024-07-01 00:00:00+00:00
[2024-07-02T00:18:58.945+0000] {standard_task_runner.py:55} INFO - Started process 53550 to run task
[2024-07-02T00:18:58.966+0000] {standard_task_runner.py:82} INFO - Running: ['***', 'tasks', 'run', 'example_bash_operator', 'also_run_this', 'scheduled__2024-07-01T00:00:00+00:00', '--job-id', '40', '--raw', '--subdir', '/home/***/.local/lib/python3.7/site-packages/***/example_dags/example_bash_operator.py', '--cfg-path', '/tmp/tmpb_0mac57']
[2024-07-02T00:18:58.970+0000] {standard_task_runner.py:83} INFO - Job 40: Subtask also_run_this
[2024-07-02T00:18:59.104+0000] {task_command.py:376} INFO - Running <TaskInstance: example_bash_operator.also_run_this scheduled__2024-07-01T00:00:00+00:00 [running]> on host 409ff340d891
[2024-07-02T00:18:59.259+0000] {taskinstance.py:1592} INFO - Exporting the following env vars:
AIRFLOW_CTX_DAG_OWNER=***
AIRFLOW_CTX_DAG_ID=example_bash_operator
AIRFLOW_CTX_TASK_ID=also_run_this
AIRFLOW_CTX_EXECUTION_DATE=2024-07-01T00:00:00+00:00
AIRFLOW_CTX_TRY_NUMBER=1
AIRFLOW_CTX_DAG_RUN_ID=scheduled__2024-07-01T00:00:00+00:00
[2024-07-02T00:18:59.266+0000] {subprocess.py:63} INFO - Tmp dir root location: 
 /tmp
[2024-07-02T00:18:59.267+0000] {subprocess.py:75} INFO - Running command: ['/bin/bash', '-c', 'echo "ti_key=example_bash_operator__also_run_this__20240701"']
[2024-07-02T00:18:59.297+0000] {subprocess.py:86} INFO - Output:
[2024-07-02T00:18:59.302+0000] {subprocess.py:93} INFO - ti_key=example_bash_operator__also_run_this__20240701
[2024-07-02T00:18:59.305+0000] {subprocess.py:97} INFO - Command exited with return code 0
[2024-07-02T00:18:59.358+0000] {taskinstance.py:1406} INFO - Marking task as SUCCESS. dag_id=example_bash_operator, task_id=also_run_this, execution_date=20240701T000000, start_date=20240702T001858, end_date=20240702T001859
[2024-07-02T00:18:59.424+0000] {local_task_job.py:164} INFO - Task exited with return code 0
[2024-07-02T00:18:59.484+0000] {local_task_job.py:273} INFO - 0 downstream tasks scheduled from follow-on schedule check
