[2024-06-29T04:06:07.413+0000] {taskinstance.py:1165} INFO - Dependencies all met for <TaskInstance: example_bash_operator.run_after_loop manual__2024-06-29T04:06:04.014112+00:00 [queued]>
[2024-06-29T04:06:07.421+0000] {taskinstance.py:1165} INFO - Dependencies all met for <TaskInstance: example_bash_operator.run_after_loop manual__2024-06-29T04:06:04.014112+00:00 [queued]>
[2024-06-29T04:06:07.421+0000] {taskinstance.py:1362} INFO - 
--------------------------------------------------------------------------------
[2024-06-29T04:06:07.422+0000] {taskinstance.py:1363} INFO - Starting attempt 1 of 1
[2024-06-29T04:06:07.422+0000] {taskinstance.py:1364} INFO - 
--------------------------------------------------------------------------------
[2024-06-29T04:06:07.432+0000] {taskinstance.py:1383} INFO - Executing <Task(BashOperator): run_after_loop> on 2024-06-29 04:06:04.014112+00:00
[2024-06-29T04:06:07.435+0000] {standard_task_runner.py:55} INFO - Started process 744 to run task
[2024-06-29T04:06:07.438+0000] {standard_task_runner.py:82} INFO - Running: ['***', 'tasks', 'run', 'example_bash_operator', 'run_after_loop', 'manual__2024-06-29T04:06:04.014112+00:00', '--job-id', '26', '--raw', '--subdir', '/home/***/.local/lib/python3.7/site-packages/***/example_dags/example_bash_operator.py', '--cfg-path', '/tmp/tmpv7u2u_3m']
[2024-06-29T04:06:07.439+0000] {standard_task_runner.py:83} INFO - Job 26: Subtask run_after_loop
[2024-06-29T04:06:07.494+0000] {task_command.py:376} INFO - Running <TaskInstance: example_bash_operator.run_after_loop manual__2024-06-29T04:06:04.014112+00:00 [running]> on host 409ff340d891
[2024-06-29T04:06:07.545+0000] {taskinstance.py:1592} INFO - Exporting the following env vars:
AIRFLOW_CTX_DAG_OWNER=***
AIRFLOW_CTX_DAG_ID=example_bash_operator
AIRFLOW_CTX_TASK_ID=run_after_loop
AIRFLOW_CTX_EXECUTION_DATE=2024-06-29T04:06:04.014112+00:00
AIRFLOW_CTX_TRY_NUMBER=1
AIRFLOW_CTX_DAG_RUN_ID=manual__2024-06-29T04:06:04.014112+00:00
[2024-06-29T04:06:07.546+0000] {subprocess.py:63} INFO - Tmp dir root location: 
 /tmp
[2024-06-29T04:06:07.546+0000] {subprocess.py:75} INFO - Running command: ['/bin/bash', '-c', 'echo 1']
[2024-06-29T04:06:07.553+0000] {subprocess.py:86} INFO - Output:
[2024-06-29T04:06:07.554+0000] {subprocess.py:93} INFO - 1
[2024-06-29T04:06:07.555+0000] {subprocess.py:97} INFO - Command exited with return code 0
[2024-06-29T04:06:07.573+0000] {taskinstance.py:1406} INFO - Marking task as SUCCESS. dag_id=example_bash_operator, task_id=run_after_loop, execution_date=20240629T040604, start_date=20240629T040607, end_date=20240629T040607
[2024-06-29T04:06:07.622+0000] {local_task_job.py:164} INFO - Task exited with return code 0
[2024-06-29T04:06:07.637+0000] {local_task_job.py:273} INFO - 0 downstream tasks scheduled from follow-on schedule check
