[2024-06-30T00:27:30.665+0000] {taskinstance.py:1165} INFO - Dependencies all met for <TaskInstance: example_bash_operator.runme_1 scheduled__2024-06-29T00:00:00+00:00 [queued]>
[2024-06-30T00:27:30.688+0000] {taskinstance.py:1165} INFO - Dependencies all met for <TaskInstance: example_bash_operator.runme_1 scheduled__2024-06-29T00:00:00+00:00 [queued]>
[2024-06-30T00:27:30.702+0000] {taskinstance.py:1362} INFO - 
--------------------------------------------------------------------------------
[2024-06-30T00:27:30.704+0000] {taskinstance.py:1363} INFO - Starting attempt 1 of 1
[2024-06-30T00:27:30.708+0000] {taskinstance.py:1364} INFO - 
--------------------------------------------------------------------------------
[2024-06-30T00:27:30.760+0000] {taskinstance.py:1383} INFO - Executing <Task(BashOperator): runme_1> on 2024-06-29 00:00:00+00:00
[2024-06-30T00:27:30.787+0000] {standard_task_runner.py:55} INFO - Started process 7667 to run task
[2024-06-30T00:27:30.813+0000] {standard_task_runner.py:82} INFO - Running: ['***', 'tasks', 'run', 'example_bash_operator', 'runme_1', 'scheduled__2024-06-29T00:00:00+00:00', '--job-id', '27', '--raw', '--subdir', '/home/***/.local/lib/python3.7/site-packages/***/example_dags/example_bash_operator.py', '--cfg-path', '/tmp/tmplsbz7v85']
[2024-06-30T00:27:30.823+0000] {standard_task_runner.py:83} INFO - Job 27: Subtask runme_1
[2024-06-30T00:27:31.014+0000] {task_command.py:376} INFO - Running <TaskInstance: example_bash_operator.runme_1 scheduled__2024-06-29T00:00:00+00:00 [running]> on host 409ff340d891
[2024-06-30T00:27:31.208+0000] {taskinstance.py:1592} INFO - Exporting the following env vars:
AIRFLOW_CTX_DAG_OWNER=***
AIRFLOW_CTX_DAG_ID=example_bash_operator
AIRFLOW_CTX_TASK_ID=runme_1
AIRFLOW_CTX_EXECUTION_DATE=2024-06-29T00:00:00+00:00
AIRFLOW_CTX_TRY_NUMBER=1
AIRFLOW_CTX_DAG_RUN_ID=scheduled__2024-06-29T00:00:00+00:00
[2024-06-30T00:27:31.269+0000] {subprocess.py:63} INFO - Tmp dir root location: 
 /tmp
[2024-06-30T00:27:31.272+0000] {subprocess.py:75} INFO - Running command: ['/bin/bash', '-c', 'echo "example_bash_operator__runme_1__20240629" && sleep 1']
[2024-06-30T00:27:31.301+0000] {subprocess.py:86} INFO - Output:
[2024-06-30T00:27:31.304+0000] {subprocess.py:93} INFO - example_bash_operator__runme_1__20240629
[2024-06-30T00:27:32.318+0000] {subprocess.py:97} INFO - Command exited with return code 0
[2024-06-30T00:27:32.401+0000] {taskinstance.py:1406} INFO - Marking task as SUCCESS. dag_id=example_bash_operator, task_id=runme_1, execution_date=20240629T000000, start_date=20240630T002730, end_date=20240630T002732
[2024-06-30T00:27:32.462+0000] {local_task_job.py:164} INFO - Task exited with return code 0
[2024-06-30T00:27:32.564+0000] {local_task_job.py:273} INFO - 0 downstream tasks scheduled from follow-on schedule check
