[2024-06-29T04:03:00.312+0000] {taskinstance.py:1165} INFO - Dependencies all met for <TaskInstance: example_bash_operator.runme_1 scheduled__2024-06-28T00:00:00+00:00 [queued]>
[2024-06-29T04:03:00.324+0000] {taskinstance.py:1165} INFO - Dependencies all met for <TaskInstance: example_bash_operator.runme_1 scheduled__2024-06-28T00:00:00+00:00 [queued]>
[2024-06-29T04:03:00.326+0000] {taskinstance.py:1362} INFO - 
--------------------------------------------------------------------------------
[2024-06-29T04:03:00.326+0000] {taskinstance.py:1363} INFO - Starting attempt 1 of 1
[2024-06-29T04:03:00.327+0000] {taskinstance.py:1364} INFO - 
--------------------------------------------------------------------------------
[2024-06-29T04:03:00.347+0000] {taskinstance.py:1383} INFO - Executing <Task(BashOperator): runme_1> on 2024-06-28 00:00:00+00:00
[2024-06-29T04:03:00.353+0000] {standard_task_runner.py:55} INFO - Started process 529 to run task
[2024-06-29T04:03:00.361+0000] {standard_task_runner.py:82} INFO - Running: ['***', 'tasks', 'run', 'example_bash_operator', 'runme_1', 'scheduled__2024-06-28T00:00:00+00:00', '--job-id', '7', '--raw', '--subdir', '/home/***/.local/lib/python3.7/site-packages/***/example_dags/example_bash_operator.py', '--cfg-path', '/tmp/tmp7m3652as']
[2024-06-29T04:03:00.362+0000] {standard_task_runner.py:83} INFO - Job 7: Subtask runme_1
[2024-06-29T04:03:00.455+0000] {task_command.py:376} INFO - Running <TaskInstance: example_bash_operator.runme_1 scheduled__2024-06-28T00:00:00+00:00 [running]> on host 409ff340d891
[2024-06-29T04:03:00.584+0000] {taskinstance.py:1592} INFO - Exporting the following env vars:
AIRFLOW_CTX_DAG_OWNER=***
AIRFLOW_CTX_DAG_ID=example_bash_operator
AIRFLOW_CTX_TASK_ID=runme_1
AIRFLOW_CTX_EXECUTION_DATE=2024-06-28T00:00:00+00:00
AIRFLOW_CTX_TRY_NUMBER=1
AIRFLOW_CTX_DAG_RUN_ID=scheduled__2024-06-28T00:00:00+00:00
[2024-06-29T04:03:00.586+0000] {subprocess.py:63} INFO - Tmp dir root location: 
 /tmp
[2024-06-29T04:03:00.589+0000] {subprocess.py:75} INFO - Running command: ['/bin/bash', '-c', 'echo "example_bash_operator__runme_1__20240628" && sleep 1']
[2024-06-29T04:03:00.600+0000] {subprocess.py:86} INFO - Output:
[2024-06-29T04:03:00.601+0000] {subprocess.py:93} INFO - example_bash_operator__runme_1__20240628
[2024-06-29T04:03:01.609+0000] {subprocess.py:97} INFO - Command exited with return code 0
[2024-06-29T04:03:01.648+0000] {taskinstance.py:1406} INFO - Marking task as SUCCESS. dag_id=example_bash_operator, task_id=runme_1, execution_date=20240628T000000, start_date=20240629T040300, end_date=20240629T040301
[2024-06-29T04:03:01.690+0000] {local_task_job.py:164} INFO - Task exited with return code 0
[2024-06-29T04:03:01.725+0000] {local_task_job.py:273} INFO - 0 downstream tasks scheduled from follow-on schedule check
