[2024-07-05T01:07:45.392+0000] {taskinstance.py:1165} INFO - Dependencies all met for <TaskInstance: example_bash_operator.runme_2 scheduled__2024-07-04T00:00:00+00:00 [queued]>
[2024-07-05T01:07:45.422+0000] {taskinstance.py:1165} INFO - Dependencies all met for <TaskInstance: example_bash_operator.runme_2 scheduled__2024-07-04T00:00:00+00:00 [queued]>
[2024-07-05T01:07:45.426+0000] {taskinstance.py:1362} INFO - 
--------------------------------------------------------------------------------
[2024-07-05T01:07:45.429+0000] {taskinstance.py:1363} INFO - Starting attempt 1 of 1
[2024-07-05T01:07:45.430+0000] {taskinstance.py:1364} INFO - 
--------------------------------------------------------------------------------
[2024-07-05T01:07:45.537+0000] {taskinstance.py:1383} INFO - Executing <Task(BashOperator): runme_2> on 2024-07-04 00:00:00+00:00
[2024-07-05T01:07:45.545+0000] {standard_task_runner.py:55} INFO - Started process 71753 to run task
[2024-07-05T01:07:45.554+0000] {standard_task_runner.py:82} INFO - Running: ['***', 'tasks', 'run', 'example_bash_operator', 'runme_2', 'scheduled__2024-07-04T00:00:00+00:00', '--job-id', '58', '--raw', '--subdir', '/home/***/.local/lib/python3.7/site-packages/***/example_dags/example_bash_operator.py', '--cfg-path', '/tmp/tmpryoori_5']
[2024-07-05T01:07:45.561+0000] {standard_task_runner.py:83} INFO - Job 58: Subtask runme_2
[2024-07-05T01:07:46.190+0000] {task_command.py:376} INFO - Running <TaskInstance: example_bash_operator.runme_2 scheduled__2024-07-04T00:00:00+00:00 [running]> on host 409ff340d891
[2024-07-05T01:07:46.403+0000] {taskinstance.py:1592} INFO - Exporting the following env vars:
AIRFLOW_CTX_DAG_OWNER=***
AIRFLOW_CTX_DAG_ID=example_bash_operator
AIRFLOW_CTX_TASK_ID=runme_2
AIRFLOW_CTX_EXECUTION_DATE=2024-07-04T00:00:00+00:00
AIRFLOW_CTX_TRY_NUMBER=1
AIRFLOW_CTX_DAG_RUN_ID=scheduled__2024-07-04T00:00:00+00:00
[2024-07-05T01:07:46.460+0000] {subprocess.py:63} INFO - Tmp dir root location: 
 /tmp
[2024-07-05T01:07:46.462+0000] {subprocess.py:75} INFO - Running command: ['/bin/bash', '-c', 'echo "example_bash_operator__runme_2__20240704" && sleep 1']
[2024-07-05T01:07:46.536+0000] {subprocess.py:86} INFO - Output:
[2024-07-05T01:07:46.543+0000] {subprocess.py:93} INFO - example_bash_operator__runme_2__20240704
[2024-07-05T01:07:47.568+0000] {subprocess.py:97} INFO - Command exited with return code 0
[2024-07-05T01:07:47.636+0000] {taskinstance.py:1406} INFO - Marking task as SUCCESS. dag_id=example_bash_operator, task_id=runme_2, execution_date=20240704T000000, start_date=20240705T010745, end_date=20240705T010747
[2024-07-05T01:07:47.679+0000] {local_task_job.py:164} INFO - Task exited with return code 0
[2024-07-05T01:07:47.742+0000] {local_task_job.py:273} INFO - 1 downstream tasks scheduled from follow-on schedule check
