[2024-07-01T00:00:02.922+0000] {taskinstance.py:1165} INFO - Dependencies all met for <TaskInstance: example_bash_operator.runme_1 scheduled__2024-06-30T00:00:00+00:00 [queued]>
[2024-07-01T00:00:02.973+0000] {taskinstance.py:1165} INFO - Dependencies all met for <TaskInstance: example_bash_operator.runme_1 scheduled__2024-06-30T00:00:00+00:00 [queued]>
[2024-07-01T00:00:02.995+0000] {taskinstance.py:1362} INFO - 
--------------------------------------------------------------------------------
[2024-07-01T00:00:03.009+0000] {taskinstance.py:1363} INFO - Starting attempt 1 of 1
[2024-07-01T00:00:03.036+0000] {taskinstance.py:1364} INFO - 
--------------------------------------------------------------------------------
[2024-07-01T00:00:03.131+0000] {taskinstance.py:1383} INFO - Executing <Task(BashOperator): runme_1> on 2024-06-30 00:00:00+00:00
[2024-07-01T00:00:03.179+0000] {standard_task_runner.py:55} INFO - Started process 37240 to run task
[2024-07-01T00:00:03.195+0000] {standard_task_runner.py:82} INFO - Running: ['***', 'tasks', 'run', 'example_bash_operator', 'runme_1', 'scheduled__2024-06-30T00:00:00+00:00', '--job-id', '37', '--raw', '--subdir', '/home/***/.local/lib/python3.7/site-packages/***/example_dags/example_bash_operator.py', '--cfg-path', '/tmp/tmpswpeomfh']
[2024-07-01T00:00:03.206+0000] {standard_task_runner.py:83} INFO - Job 37: Subtask runme_1
[2024-07-01T00:00:03.667+0000] {task_command.py:376} INFO - Running <TaskInstance: example_bash_operator.runme_1 scheduled__2024-06-30T00:00:00+00:00 [running]> on host 409ff340d891
[2024-07-01T00:00:03.932+0000] {taskinstance.py:1592} INFO - Exporting the following env vars:
AIRFLOW_CTX_DAG_OWNER=***
AIRFLOW_CTX_DAG_ID=example_bash_operator
AIRFLOW_CTX_TASK_ID=runme_1
AIRFLOW_CTX_EXECUTION_DATE=2024-06-30T00:00:00+00:00
AIRFLOW_CTX_TRY_NUMBER=1
AIRFLOW_CTX_DAG_RUN_ID=scheduled__2024-06-30T00:00:00+00:00
[2024-07-01T00:00:03.960+0000] {subprocess.py:63} INFO - Tmp dir root location: 
 /tmp
[2024-07-01T00:00:03.965+0000] {subprocess.py:75} INFO - Running command: ['/bin/bash', '-c', 'echo "example_bash_operator__runme_1__20240630" && sleep 1']
[2024-07-01T00:00:04.020+0000] {subprocess.py:86} INFO - Output:
[2024-07-01T00:00:04.027+0000] {subprocess.py:93} INFO - example_bash_operator__runme_1__20240630
[2024-07-01T00:00:05.031+0000] {subprocess.py:97} INFO - Command exited with return code 0
[2024-07-01T00:00:05.122+0000] {taskinstance.py:1406} INFO - Marking task as SUCCESS. dag_id=example_bash_operator, task_id=runme_1, execution_date=20240630T000000, start_date=20240701T000002, end_date=20240701T000005
[2024-07-01T00:00:05.187+0000] {local_task_job.py:164} INFO - Task exited with return code 0
[2024-07-01T00:00:05.273+0000] {local_task_job.py:273} INFO - 0 downstream tasks scheduled from follow-on schedule check
