[2024-07-05T12:37:19.923+0000] {taskinstance.py:1165} INFO - Dependencies all met for <TaskInstance: parallel_dag.extract_b scheduled__2024-07-04T00:00:00+00:00 [queued]>
[2024-07-05T12:37:19.937+0000] {taskinstance.py:1165} INFO - Dependencies all met for <TaskInstance: parallel_dag.extract_b scheduled__2024-07-04T00:00:00+00:00 [queued]>
[2024-07-05T12:37:19.937+0000] {taskinstance.py:1362} INFO - 
--------------------------------------------------------------------------------
[2024-07-05T12:37:19.938+0000] {taskinstance.py:1363} INFO - Starting attempt 1 of 1
[2024-07-05T12:37:19.938+0000] {taskinstance.py:1364} INFO - 
--------------------------------------------------------------------------------
[2024-07-05T12:37:19.956+0000] {taskinstance.py:1383} INFO - Executing <Task(BashOperator): extract_b> on 2024-07-04 00:00:00+00:00
[2024-07-05T12:37:19.963+0000] {standard_task_runner.py:55} INFO - Started process 191 to run task
[2024-07-05T12:37:19.970+0000] {standard_task_runner.py:82} INFO - Running: ['***', 'tasks', 'run', 'parallel_dag', 'extract_b', 'scheduled__2024-07-04T00:00:00+00:00', '--job-id', '88', '--raw', '--subdir', 'DAGS_FOLDER/parallel.py', '--cfg-path', '/tmp/tmp3bmnfwl7']
[2024-07-05T12:37:19.971+0000] {standard_task_runner.py:83} INFO - Job 88: Subtask extract_b
[2024-07-05T12:37:20.049+0000] {task_command.py:376} INFO - Running <TaskInstance: parallel_dag.extract_b scheduled__2024-07-04T00:00:00+00:00 [running]> on host 1d08768f7af2
[2024-07-05T12:37:20.144+0000] {taskinstance.py:1592} INFO - Exporting the following env vars:
AIRFLOW_CTX_DAG_OWNER=***
AIRFLOW_CTX_DAG_ID=parallel_dag
AIRFLOW_CTX_TASK_ID=extract_b
AIRFLOW_CTX_EXECUTION_DATE=2024-07-04T00:00:00+00:00
AIRFLOW_CTX_TRY_NUMBER=1
AIRFLOW_CTX_DAG_RUN_ID=scheduled__2024-07-04T00:00:00+00:00
[2024-07-05T12:37:20.146+0000] {subprocess.py:63} INFO - Tmp dir root location: 
 /tmp
[2024-07-05T12:37:20.147+0000] {subprocess.py:75} INFO - Running command: ['/bin/bash', '-c', 'sleep 10']
[2024-07-05T12:37:20.163+0000] {subprocess.py:86} INFO - Output:
[2024-07-05T12:37:30.174+0000] {subprocess.py:97} INFO - Command exited with return code 0
[2024-07-05T12:37:30.212+0000] {taskinstance.py:1406} INFO - Marking task as SUCCESS. dag_id=parallel_dag, task_id=extract_b, execution_date=20240704T000000, start_date=20240705T123719, end_date=20240705T123730
[2024-07-05T12:37:30.275+0000] {local_task_job.py:164} INFO - Task exited with return code 0
[2024-07-05T12:37:30.314+0000] {local_task_job.py:273} INFO - 0 downstream tasks scheduled from follow-on schedule check
