[2024-07-02T00:18:58.837+0000] {taskinstance.py:1165} INFO - Dependencies all met for <TaskInstance: example_bash_operator.runme_1 scheduled__2024-07-01T00:00:00+00:00 [queued]>
[2024-07-02T00:18:58.857+0000] {taskinstance.py:1165} INFO - Dependencies all met for <TaskInstance: example_bash_operator.runme_1 scheduled__2024-07-01T00:00:00+00:00 [queued]>
[2024-07-02T00:18:58.858+0000] {taskinstance.py:1362} INFO - 
--------------------------------------------------------------------------------
[2024-07-02T00:18:58.859+0000] {taskinstance.py:1363} INFO - Starting attempt 1 of 1
[2024-07-02T00:18:58.859+0000] {taskinstance.py:1364} INFO - 
--------------------------------------------------------------------------------
[2024-07-02T00:18:58.904+0000] {taskinstance.py:1383} INFO - Executing <Task(BashOperator): runme_1> on 2024-07-01 00:00:00+00:00
[2024-07-02T00:18:58.913+0000] {standard_task_runner.py:55} INFO - Started process 53548 to run task
[2024-07-02T00:18:58.919+0000] {standard_task_runner.py:82} INFO - Running: ['***', 'tasks', 'run', 'example_bash_operator', 'runme_1', 'scheduled__2024-07-01T00:00:00+00:00', '--job-id', '44', '--raw', '--subdir', '/home/***/.local/lib/python3.7/site-packages/***/example_dags/example_bash_operator.py', '--cfg-path', '/tmp/tmppr_ic_uc']
[2024-07-02T00:18:58.920+0000] {standard_task_runner.py:83} INFO - Job 44: Subtask runme_1
[2024-07-02T00:18:59.091+0000] {task_command.py:376} INFO - Running <TaskInstance: example_bash_operator.runme_1 scheduled__2024-07-01T00:00:00+00:00 [running]> on host 409ff340d891
[2024-07-02T00:18:59.242+0000] {taskinstance.py:1592} INFO - Exporting the following env vars:
AIRFLOW_CTX_DAG_OWNER=***
AIRFLOW_CTX_DAG_ID=example_bash_operator
AIRFLOW_CTX_TASK_ID=runme_1
AIRFLOW_CTX_EXECUTION_DATE=2024-07-01T00:00:00+00:00
AIRFLOW_CTX_TRY_NUMBER=1
AIRFLOW_CTX_DAG_RUN_ID=scheduled__2024-07-01T00:00:00+00:00
[2024-07-02T00:18:59.244+0000] {subprocess.py:63} INFO - Tmp dir root location: 
 /tmp
[2024-07-02T00:18:59.246+0000] {subprocess.py:75} INFO - Running command: ['/bin/bash', '-c', 'echo "example_bash_operator__runme_1__20240701" && sleep 1']
[2024-07-02T00:18:59.267+0000] {subprocess.py:86} INFO - Output:
[2024-07-02T00:18:59.270+0000] {subprocess.py:93} INFO - example_bash_operator__runme_1__20240701
[2024-07-02T00:19:00.275+0000] {subprocess.py:97} INFO - Command exited with return code 0
[2024-07-02T00:19:00.302+0000] {taskinstance.py:1406} INFO - Marking task as SUCCESS. dag_id=example_bash_operator, task_id=runme_1, execution_date=20240701T000000, start_date=20240702T001858, end_date=20240702T001900
[2024-07-02T00:19:00.361+0000] {local_task_job.py:164} INFO - Task exited with return code 0
[2024-07-02T00:19:00.386+0000] {local_task_job.py:273} INFO - 1 downstream tasks scheduled from follow-on schedule check
