[2024-07-05T09:55:11.061+0000] {taskinstance.py:1165} INFO - Dependencies all met for <TaskInstance: user_processing.is_api_available scheduled__2024-07-04T00:00:00+00:00 [queued]>
[2024-07-05T09:55:11.069+0000] {taskinstance.py:1165} INFO - Dependencies all met for <TaskInstance: user_processing.is_api_available scheduled__2024-07-04T00:00:00+00:00 [queued]>
[2024-07-05T09:55:11.069+0000] {taskinstance.py:1362} INFO - 
--------------------------------------------------------------------------------
[2024-07-05T09:55:11.070+0000] {taskinstance.py:1363} INFO - Starting attempt 3 of 3
[2024-07-05T09:55:11.070+0000] {taskinstance.py:1364} INFO - 
--------------------------------------------------------------------------------
[2024-07-05T09:55:11.080+0000] {taskinstance.py:1383} INFO - Executing <Task(HttpSensor): is_api_available> on 2024-07-04 00:00:00+00:00
[2024-07-05T09:55:11.084+0000] {standard_task_runner.py:55} INFO - Started process 83832 to run task
[2024-07-05T09:55:11.088+0000] {standard_task_runner.py:82} INFO - Running: ['***', 'tasks', 'run', 'user_processing', 'is_api_available', 'scheduled__2024-07-04T00:00:00+00:00', '--job-id', '75', '--raw', '--subdir', 'DAGS_FOLDER/user_processing.py', '--cfg-path', '/tmp/tmp5yxscpe5']
[2024-07-05T09:55:11.090+0000] {standard_task_runner.py:83} INFO - Job 75: Subtask is_api_available
[2024-07-05T09:55:11.144+0000] {task_command.py:376} INFO - Running <TaskInstance: user_processing.is_api_available scheduled__2024-07-04T00:00:00+00:00 [running]> on host 409ff340d891
[2024-07-05T09:55:11.195+0000] {taskinstance.py:1592} INFO - Exporting the following env vars:
AIRFLOW_CTX_DAG_OWNER=***
AIRFLOW_CTX_DAG_ID=user_processing
AIRFLOW_CTX_TASK_ID=is_api_available
AIRFLOW_CTX_EXECUTION_DATE=2024-07-04T00:00:00+00:00
AIRFLOW_CTX_TRY_NUMBER=3
AIRFLOW_CTX_DAG_RUN_ID=scheduled__2024-07-04T00:00:00+00:00
[2024-07-05T09:55:11.196+0000] {http.py:120} INFO - Poking: api/
[2024-07-05T09:55:11.203+0000] {base.py:71} INFO - Using connection ID 'user_api' for task execution.
[2024-07-05T09:55:11.205+0000] {http.py:148} INFO - Sending 'GET' to url: https://randomuser.me/api/
[2024-07-05T09:55:11.991+0000] {base.py:213} INFO - Success criteria met. Exiting.
[2024-07-05T09:55:12.001+0000] {taskinstance.py:1406} INFO - Marking task as SUCCESS. dag_id=user_processing, task_id=is_api_available, execution_date=20240704T000000, start_date=20240705T095511, end_date=20240705T095512
[2024-07-05T09:55:12.023+0000] {local_task_job.py:164} INFO - Task exited with return code 0
[2024-07-05T09:55:12.065+0000] {local_task_job.py:273} INFO - 1 downstream tasks scheduled from follow-on schedule check
