[2024-07-06T10:43:25.248+0000] {taskinstance.py:1165} INFO - Dependencies all met for <TaskInstance: group_dag.transform_c scheduled__2024-07-05T00:00:00+00:00 [queued]>
[2024-07-06T10:43:25.274+0000] {taskinstance.py:1165} INFO - Dependencies all met for <TaskInstance: group_dag.transform_c scheduled__2024-07-05T00:00:00+00:00 [queued]>
[2024-07-06T10:43:25.275+0000] {taskinstance.py:1362} INFO - 
--------------------------------------------------------------------------------
[2024-07-06T10:43:25.275+0000] {taskinstance.py:1363} INFO - Starting attempt 1 of 1
[2024-07-06T10:43:25.276+0000] {taskinstance.py:1364} INFO - 
--------------------------------------------------------------------------------
[2024-07-06T10:43:25.308+0000] {taskinstance.py:1383} INFO - Executing <Task(BashOperator): transform_c> on 2024-07-05 00:00:00+00:00
[2024-07-06T10:43:25.318+0000] {standard_task_runner.py:55} INFO - Started process 8619 to run task
[2024-07-06T10:43:25.339+0000] {standard_task_runner.py:82} INFO - Running: ['***', 'tasks', 'run', 'group_dag', 'transform_c', 'scheduled__2024-07-05T00:00:00+00:00', '--job-id', '109', '--raw', '--subdir', 'DAGS_FOLDER/group_dag.py', '--cfg-path', '/tmp/tmpc_j4uk4j']
[2024-07-06T10:43:25.341+0000] {standard_task_runner.py:83} INFO - Job 109: Subtask transform_c
[2024-07-06T10:43:25.478+0000] {task_command.py:376} INFO - Running <TaskInstance: group_dag.transform_c scheduled__2024-07-05T00:00:00+00:00 [running]> on host 1d08768f7af2
[2024-07-06T10:43:25.694+0000] {taskinstance.py:1592} INFO - Exporting the following env vars:
AIRFLOW_CTX_DAG_OWNER=***
AIRFLOW_CTX_DAG_ID=group_dag
AIRFLOW_CTX_TASK_ID=transform_c
AIRFLOW_CTX_EXECUTION_DATE=2024-07-05T00:00:00+00:00
AIRFLOW_CTX_TRY_NUMBER=1
AIRFLOW_CTX_DAG_RUN_ID=scheduled__2024-07-05T00:00:00+00:00
[2024-07-06T10:43:25.699+0000] {subprocess.py:63} INFO - Tmp dir root location: 
 /tmp
[2024-07-06T10:43:25.702+0000] {subprocess.py:75} INFO - Running command: ['/bin/bash', '-c', 'sleep 10']
[2024-07-06T10:43:25.722+0000] {subprocess.py:86} INFO - Output:
[2024-07-06T10:43:35.732+0000] {subprocess.py:97} INFO - Command exited with return code 0
[2024-07-06T10:43:35.781+0000] {taskinstance.py:1406} INFO - Marking task as SUCCESS. dag_id=group_dag, task_id=transform_c, execution_date=20240705T000000, start_date=20240706T104325, end_date=20240706T104335
[2024-07-06T10:43:35.812+0000] {local_task_job.py:164} INFO - Task exited with return code 0
[2024-07-06T10:43:35.830+0000] {local_task_job.py:273} INFO - 0 downstream tasks scheduled from follow-on schedule check
