[2024-07-03T00:27:13.859+0000] {taskinstance.py:1165} INFO - Dependencies all met for <TaskInstance: example_bash_operator.runme_1 scheduled__2024-07-02T00:00:00+00:00 [queued]>
[2024-07-03T00:27:13.950+0000] {taskinstance.py:1165} INFO - Dependencies all met for <TaskInstance: example_bash_operator.runme_1 scheduled__2024-07-02T00:00:00+00:00 [queued]>
[2024-07-03T00:27:13.955+0000] {taskinstance.py:1362} INFO - 
--------------------------------------------------------------------------------
[2024-07-03T00:27:13.958+0000] {taskinstance.py:1363} INFO - Starting attempt 1 of 1
[2024-07-03T00:27:13.963+0000] {taskinstance.py:1364} INFO - 
--------------------------------------------------------------------------------
[2024-07-03T00:27:14.123+0000] {taskinstance.py:1383} INFO - Executing <Task(BashOperator): runme_1> on 2024-07-02 00:00:00+00:00
[2024-07-03T00:27:14.184+0000] {standard_task_runner.py:55} INFO - Started process 58204 to run task
[2024-07-03T00:27:14.220+0000] {standard_task_runner.py:82} INFO - Running: ['***', 'tasks', 'run', 'example_bash_operator', 'runme_1', 'scheduled__2024-07-02T00:00:00+00:00', '--job-id', '48', '--raw', '--subdir', '/home/***/.local/lib/python3.7/site-packages/***/example_dags/example_bash_operator.py', '--cfg-path', '/tmp/tmpzvq4fuqo']
[2024-07-03T00:27:14.326+0000] {standard_task_runner.py:83} INFO - Job 48: Subtask runme_1
[2024-07-03T00:27:15.121+0000] {task_command.py:376} INFO - Running <TaskInstance: example_bash_operator.runme_1 scheduled__2024-07-02T00:00:00+00:00 [running]> on host 409ff340d891
[2024-07-03T00:27:15.874+0000] {taskinstance.py:1592} INFO - Exporting the following env vars:
AIRFLOW_CTX_DAG_OWNER=***
AIRFLOW_CTX_DAG_ID=example_bash_operator
AIRFLOW_CTX_TASK_ID=runme_1
AIRFLOW_CTX_EXECUTION_DATE=2024-07-02T00:00:00+00:00
AIRFLOW_CTX_TRY_NUMBER=1
AIRFLOW_CTX_DAG_RUN_ID=scheduled__2024-07-02T00:00:00+00:00
[2024-07-03T00:27:15.883+0000] {subprocess.py:63} INFO - Tmp dir root location: 
 /tmp
[2024-07-03T00:27:15.912+0000] {subprocess.py:75} INFO - Running command: ['/bin/bash', '-c', 'echo "example_bash_operator__runme_1__20240702" && sleep 1']
[2024-07-03T00:27:16.073+0000] {subprocess.py:86} INFO - Output:
[2024-07-03T00:27:16.077+0000] {subprocess.py:93} INFO - example_bash_operator__runme_1__20240702
[2024-07-03T00:27:17.082+0000] {subprocess.py:97} INFO - Command exited with return code 0
[2024-07-03T00:27:17.153+0000] {taskinstance.py:1406} INFO - Marking task as SUCCESS. dag_id=example_bash_operator, task_id=runme_1, execution_date=20240702T000000, start_date=20240703T002713, end_date=20240703T002717
[2024-07-03T00:27:17.203+0000] {local_task_job.py:164} INFO - Task exited with return code 0
[2024-07-03T00:27:17.297+0000] {local_task_job.py:273} INFO - 1 downstream tasks scheduled from follow-on schedule check
