[2024-07-05T01:07:45.383+0000] {taskinstance.py:1165} INFO - Dependencies all met for <TaskInstance: example_bash_operator.this_will_skip scheduled__2024-07-04T00:00:00+00:00 [queued]>
[2024-07-05T01:07:45.429+0000] {taskinstance.py:1165} INFO - Dependencies all met for <TaskInstance: example_bash_operator.this_will_skip scheduled__2024-07-04T00:00:00+00:00 [queued]>
[2024-07-05T01:07:45.431+0000] {taskinstance.py:1362} INFO - 
--------------------------------------------------------------------------------
[2024-07-05T01:07:45.454+0000] {taskinstance.py:1363} INFO - Starting attempt 1 of 1
[2024-07-05T01:07:45.458+0000] {taskinstance.py:1364} INFO - 
--------------------------------------------------------------------------------
[2024-07-05T01:07:45.555+0000] {taskinstance.py:1383} INFO - Executing <Task(BashOperator): this_will_skip> on 2024-07-04 00:00:00+00:00
[2024-07-05T01:07:45.575+0000] {standard_task_runner.py:55} INFO - Started process 71754 to run task
[2024-07-05T01:07:45.844+0000] {standard_task_runner.py:82} INFO - Running: ['***', 'tasks', 'run', 'example_bash_operator', 'this_will_skip', 'scheduled__2024-07-04T00:00:00+00:00', '--job-id', '59', '--raw', '--subdir', '/home/***/.local/lib/python3.7/site-packages/***/example_dags/example_bash_operator.py', '--cfg-path', '/tmp/tmp_zcnyhgm']
[2024-07-05T01:07:45.853+0000] {standard_task_runner.py:83} INFO - Job 59: Subtask this_will_skip
[2024-07-05T01:07:46.176+0000] {task_command.py:376} INFO - Running <TaskInstance: example_bash_operator.this_will_skip scheduled__2024-07-04T00:00:00+00:00 [running]> on host 409ff340d891
[2024-07-05T01:07:46.314+0000] {taskinstance.py:1592} INFO - Exporting the following env vars:
AIRFLOW_CTX_DAG_OWNER=***
AIRFLOW_CTX_DAG_ID=example_bash_operator
AIRFLOW_CTX_TASK_ID=this_will_skip
AIRFLOW_CTX_EXECUTION_DATE=2024-07-04T00:00:00+00:00
AIRFLOW_CTX_TRY_NUMBER=1
AIRFLOW_CTX_DAG_RUN_ID=scheduled__2024-07-04T00:00:00+00:00
[2024-07-05T01:07:46.460+0000] {subprocess.py:63} INFO - Tmp dir root location: 
 /tmp
[2024-07-05T01:07:46.461+0000] {subprocess.py:75} INFO - Running command: ['/bin/bash', '-c', 'echo "hello world"; exit 99;']
[2024-07-05T01:07:46.489+0000] {subprocess.py:86} INFO - Output:
[2024-07-05T01:07:46.501+0000] {subprocess.py:93} INFO - hello world
[2024-07-05T01:07:46.561+0000] {subprocess.py:97} INFO - Command exited with return code 99
[2024-07-05T01:07:46.568+0000] {taskinstance.py:1481} INFO - Bash command returned exit code 99. Skipping.
[2024-07-05T01:07:46.615+0000] {taskinstance.py:1406} INFO - Marking task as SKIPPED. dag_id=example_bash_operator, task_id=this_will_skip, execution_date=20240704T000000, start_date=20240705T010745, end_date=20240705T010746
[2024-07-05T01:07:46.700+0000] {local_task_job.py:164} INFO - Task exited with return code 0
[2024-07-05T01:07:46.770+0000] {local_task_job.py:273} INFO - 0 downstream tasks scheduled from follow-on schedule check
