[2024-07-06T10:42:14.084+0000] {taskinstance.py:1165} INFO - Dependencies all met for <TaskInstance: group_dag.download.download_a scheduled__2024-07-05T00:00:00+00:00 [queued]>
[2024-07-06T10:42:14.102+0000] {taskinstance.py:1165} INFO - Dependencies all met for <TaskInstance: group_dag.download.download_a scheduled__2024-07-05T00:00:00+00:00 [queued]>
[2024-07-06T10:42:14.102+0000] {taskinstance.py:1362} INFO - 
--------------------------------------------------------------------------------
[2024-07-06T10:42:14.102+0000] {taskinstance.py:1363} INFO - Starting attempt 1 of 1
[2024-07-06T10:42:14.103+0000] {taskinstance.py:1364} INFO - 
--------------------------------------------------------------------------------
[2024-07-06T10:42:14.126+0000] {taskinstance.py:1383} INFO - Executing <Task(BashOperator): download_a> on 2024-07-05 00:00:00+00:00
[2024-07-06T10:42:14.133+0000] {standard_task_runner.py:55} INFO - Started process 8555 to run task
[2024-07-06T10:42:14.138+0000] {standard_task_runner.py:82} INFO - Running: ['***', 'tasks', 'run', 'group_dag.download', 'download_a', 'scheduled__2024-07-05T00:00:00+00:00', '--job-id', '107', '--raw', '--subdir', 'DAGS_FOLDER/group_dag.py', '--cfg-path', '/tmp/tmphc3di1da']
[2024-07-06T10:42:14.140+0000] {standard_task_runner.py:83} INFO - Job 107: Subtask download_a
[2024-07-06T10:42:14.238+0000] {task_command.py:376} INFO - Running <TaskInstance: group_dag.download.download_a scheduled__2024-07-05T00:00:00+00:00 [running]> on host 1d08768f7af2
[2024-07-06T10:42:14.318+0000] {taskinstance.py:1592} INFO - Exporting the following env vars:
AIRFLOW_CTX_DAG_OWNER=***
AIRFLOW_CTX_DAG_ID=group_dag.download
AIRFLOW_CTX_TASK_ID=download_a
AIRFLOW_CTX_EXECUTION_DATE=2024-07-05T00:00:00+00:00
AIRFLOW_CTX_TRY_NUMBER=1
AIRFLOW_CTX_DAG_RUN_ID=scheduled__2024-07-05T00:00:00+00:00
[2024-07-06T10:42:14.321+0000] {subprocess.py:63} INFO - Tmp dir root location: 
 /tmp
[2024-07-06T10:42:14.324+0000] {subprocess.py:75} INFO - Running command: ['/bin/bash', '-c', 'sleep 10']
[2024-07-06T10:42:14.342+0000] {subprocess.py:86} INFO - Output:
[2024-07-06T10:42:24.345+0000] {subprocess.py:97} INFO - Command exited with return code 0
[2024-07-06T10:42:24.390+0000] {taskinstance.py:1406} INFO - Marking task as SUCCESS. dag_id=group_dag.download, task_id=download_a, execution_date=20240705T000000, start_date=20240706T104214, end_date=20240706T104224
[2024-07-06T10:42:24.463+0000] {local_task_job.py:164} INFO - Task exited with return code 0
[2024-07-06T10:42:24.505+0000] {local_task_job.py:273} INFO - 0 downstream tasks scheduled from follow-on schedule check
