[2024-07-04T01:22:42.675+0000] {taskinstance.py:1165} INFO - Dependencies all met for <TaskInstance: example_bash_operator.runme_1 scheduled__2024-07-03T00:00:00+00:00 [queued]>
[2024-07-04T01:22:42.716+0000] {taskinstance.py:1165} INFO - Dependencies all met for <TaskInstance: example_bash_operator.runme_1 scheduled__2024-07-03T00:00:00+00:00 [queued]>
[2024-07-04T01:22:42.726+0000] {taskinstance.py:1362} INFO - 
--------------------------------------------------------------------------------
[2024-07-04T01:22:42.732+0000] {taskinstance.py:1363} INFO - Starting attempt 1 of 1
[2024-07-04T01:22:42.740+0000] {taskinstance.py:1364} INFO - 
--------------------------------------------------------------------------------
[2024-07-04T01:22:42.800+0000] {taskinstance.py:1383} INFO - Executing <Task(BashOperator): runme_1> on 2024-07-03 00:00:00+00:00
[2024-07-04T01:22:42.825+0000] {standard_task_runner.py:55} INFO - Started process 60322 to run task
[2024-07-04T01:22:42.902+0000] {standard_task_runner.py:82} INFO - Running: ['***', 'tasks', 'run', 'example_bash_operator', 'runme_1', 'scheduled__2024-07-03T00:00:00+00:00', '--job-id', '53', '--raw', '--subdir', '/home/***/.local/lib/python3.7/site-packages/***/example_dags/example_bash_operator.py', '--cfg-path', '/tmp/tmpnscj4xhk']
[2024-07-04T01:22:42.929+0000] {standard_task_runner.py:83} INFO - Job 53: Subtask runme_1
[2024-07-04T01:22:44.896+0000] {task_command.py:376} INFO - Running <TaskInstance: example_bash_operator.runme_1 scheduled__2024-07-03T00:00:00+00:00 [running]> on host 409ff340d891
[2024-07-04T01:22:45.476+0000] {taskinstance.py:1592} INFO - Exporting the following env vars:
AIRFLOW_CTX_DAG_OWNER=***
AIRFLOW_CTX_DAG_ID=example_bash_operator
AIRFLOW_CTX_TASK_ID=runme_1
AIRFLOW_CTX_EXECUTION_DATE=2024-07-03T00:00:00+00:00
AIRFLOW_CTX_TRY_NUMBER=1
AIRFLOW_CTX_DAG_RUN_ID=scheduled__2024-07-03T00:00:00+00:00
[2024-07-04T01:22:45.504+0000] {subprocess.py:63} INFO - Tmp dir root location: 
 /tmp
[2024-07-04T01:22:45.514+0000] {subprocess.py:75} INFO - Running command: ['/bin/bash', '-c', 'echo "example_bash_operator__runme_1__20240703" && sleep 1']
[2024-07-04T01:22:45.582+0000] {subprocess.py:86} INFO - Output:
[2024-07-04T01:22:45.589+0000] {subprocess.py:93} INFO - example_bash_operator__runme_1__20240703
[2024-07-04T01:22:46.581+0000] {subprocess.py:97} INFO - Command exited with return code 0
[2024-07-04T01:22:46.731+0000] {taskinstance.py:1406} INFO - Marking task as SUCCESS. dag_id=example_bash_operator, task_id=runme_1, execution_date=20240703T000000, start_date=20240704T012242, end_date=20240704T012246
[2024-07-04T01:22:46.892+0000] {local_task_job.py:164} INFO - Task exited with return code 0
[2024-07-04T01:22:47.007+0000] {local_task_job.py:273} INFO - 0 downstream tasks scheduled from follow-on schedule check
