[2024-06-29T04:06:04.614+0000] {taskinstance.py:1165} INFO - Dependencies all met for <TaskInstance: example_bash_operator.runme_0 manual__2024-06-29T04:06:04.014112+00:00 [queued]>
[2024-06-29T04:06:04.633+0000] {taskinstance.py:1165} INFO - Dependencies all met for <TaskInstance: example_bash_operator.runme_0 manual__2024-06-29T04:06:04.014112+00:00 [queued]>
[2024-06-29T04:06:04.634+0000] {taskinstance.py:1362} INFO - 
--------------------------------------------------------------------------------
[2024-06-29T04:06:04.634+0000] {taskinstance.py:1363} INFO - Starting attempt 1 of 1
[2024-06-29T04:06:04.635+0000] {taskinstance.py:1364} INFO - 
--------------------------------------------------------------------------------
[2024-06-29T04:06:04.665+0000] {taskinstance.py:1383} INFO - Executing <Task(BashOperator): runme_0> on 2024-06-29 04:06:04.014112+00:00
[2024-06-29T04:06:04.672+0000] {standard_task_runner.py:55} INFO - Started process 735 to run task
[2024-06-29T04:06:04.679+0000] {standard_task_runner.py:82} INFO - Running: ['***', 'tasks', 'run', 'example_bash_operator', 'runme_0', 'manual__2024-06-29T04:06:04.014112+00:00', '--job-id', '24', '--raw', '--subdir', '/home/***/.local/lib/python3.7/site-packages/***/example_dags/example_bash_operator.py', '--cfg-path', '/tmp/tmp6tvkseee']
[2024-06-29T04:06:04.680+0000] {standard_task_runner.py:83} INFO - Job 24: Subtask runme_0
[2024-06-29T04:06:04.854+0000] {task_command.py:376} INFO - Running <TaskInstance: example_bash_operator.runme_0 manual__2024-06-29T04:06:04.014112+00:00 [running]> on host 409ff340d891
[2024-06-29T04:06:05.009+0000] {taskinstance.py:1592} INFO - Exporting the following env vars:
AIRFLOW_CTX_DAG_OWNER=***
AIRFLOW_CTX_DAG_ID=example_bash_operator
AIRFLOW_CTX_TASK_ID=runme_0
AIRFLOW_CTX_EXECUTION_DATE=2024-06-29T04:06:04.014112+00:00
AIRFLOW_CTX_TRY_NUMBER=1
AIRFLOW_CTX_DAG_RUN_ID=manual__2024-06-29T04:06:04.014112+00:00
[2024-06-29T04:06:05.012+0000] {subprocess.py:63} INFO - Tmp dir root location: 
 /tmp
[2024-06-29T04:06:05.013+0000] {subprocess.py:75} INFO - Running command: ['/bin/bash', '-c', 'echo "example_bash_operator__runme_0__20240629" && sleep 1']
[2024-06-29T04:06:05.034+0000] {subprocess.py:86} INFO - Output:
[2024-06-29T04:06:05.039+0000] {subprocess.py:93} INFO - example_bash_operator__runme_0__20240629
[2024-06-29T04:06:06.046+0000] {subprocess.py:97} INFO - Command exited with return code 0
[2024-06-29T04:06:06.090+0000] {taskinstance.py:1406} INFO - Marking task as SUCCESS. dag_id=example_bash_operator, task_id=runme_0, execution_date=20240629T040604, start_date=20240629T040604, end_date=20240629T040606
[2024-06-29T04:06:06.139+0000] {local_task_job.py:164} INFO - Task exited with return code 0
[2024-06-29T04:06:06.162+0000] {local_task_job.py:273} INFO - 0 downstream tasks scheduled from follow-on schedule check
