[2024-07-04T01:22:42.792+0000] {taskinstance.py:1165} INFO - Dependencies all met for <TaskInstance: example_bash_operator.runme_2 scheduled__2024-07-03T00:00:00+00:00 [queued]>
[2024-07-04T01:22:42.929+0000] {taskinstance.py:1165} INFO - Dependencies all met for <TaskInstance: example_bash_operator.runme_2 scheduled__2024-07-03T00:00:00+00:00 [queued]>
[2024-07-04T01:22:42.930+0000] {taskinstance.py:1362} INFO - 
--------------------------------------------------------------------------------
[2024-07-04T01:22:43.137+0000] {taskinstance.py:1363} INFO - Starting attempt 1 of 1
[2024-07-04T01:22:43.162+0000] {taskinstance.py:1364} INFO - 
--------------------------------------------------------------------------------
[2024-07-04T01:22:43.563+0000] {taskinstance.py:1383} INFO - Executing <Task(BashOperator): runme_2> on 2024-07-03 00:00:00+00:00
[2024-07-04T01:22:43.608+0000] {standard_task_runner.py:55} INFO - Started process 60326 to run task
[2024-07-04T01:22:43.691+0000] {standard_task_runner.py:82} INFO - Running: ['***', 'tasks', 'run', 'example_bash_operator', 'runme_2', 'scheduled__2024-07-03T00:00:00+00:00', '--job-id', '56', '--raw', '--subdir', '/home/***/.local/lib/python3.7/site-packages/***/example_dags/example_bash_operator.py', '--cfg-path', '/tmp/tmp4m7jd4pa']
[2024-07-04T01:22:43.695+0000] {standard_task_runner.py:83} INFO - Job 56: Subtask runme_2
[2024-07-04T01:22:45.107+0000] {task_command.py:376} INFO - Running <TaskInstance: example_bash_operator.runme_2 scheduled__2024-07-03T00:00:00+00:00 [running]> on host 409ff340d891
[2024-07-04T01:22:45.668+0000] {taskinstance.py:1592} INFO - Exporting the following env vars:
AIRFLOW_CTX_DAG_OWNER=***
AIRFLOW_CTX_DAG_ID=example_bash_operator
AIRFLOW_CTX_TASK_ID=runme_2
AIRFLOW_CTX_EXECUTION_DATE=2024-07-03T00:00:00+00:00
AIRFLOW_CTX_TRY_NUMBER=1
AIRFLOW_CTX_DAG_RUN_ID=scheduled__2024-07-03T00:00:00+00:00
[2024-07-04T01:22:45.720+0000] {subprocess.py:63} INFO - Tmp dir root location: 
 /tmp
[2024-07-04T01:22:45.722+0000] {subprocess.py:75} INFO - Running command: ['/bin/bash', '-c', 'echo "example_bash_operator__runme_2__20240703" && sleep 1']
[2024-07-04T01:22:45.787+0000] {subprocess.py:86} INFO - Output:
[2024-07-04T01:22:45.791+0000] {subprocess.py:93} INFO - example_bash_operator__runme_2__20240703
[2024-07-04T01:22:46.820+0000] {subprocess.py:97} INFO - Command exited with return code 0
[2024-07-04T01:22:46.934+0000] {taskinstance.py:1406} INFO - Marking task as SUCCESS. dag_id=example_bash_operator, task_id=runme_2, execution_date=20240703T000000, start_date=20240704T012242, end_date=20240704T012246
[2024-07-04T01:22:47.072+0000] {local_task_job.py:164} INFO - Task exited with return code 0
[2024-07-04T01:22:47.183+0000] {local_task_job.py:273} INFO - 1 downstream tasks scheduled from follow-on schedule check
