[2024-06-29T04:03:24.894+0000] {taskinstance.py:1165} INFO - Dependencies all met for <TaskInstance: example_bash_operator.runme_0 manual__2024-06-29T04:03:23.746476+00:00 [queued]>
[2024-06-29T04:03:24.904+0000] {taskinstance.py:1165} INFO - Dependencies all met for <TaskInstance: example_bash_operator.runme_0 manual__2024-06-29T04:03:23.746476+00:00 [queued]>
[2024-06-29T04:03:24.905+0000] {taskinstance.py:1362} INFO - 
--------------------------------------------------------------------------------
[2024-06-29T04:03:24.905+0000] {taskinstance.py:1363} INFO - Starting attempt 1 of 1
[2024-06-29T04:03:24.906+0000] {taskinstance.py:1364} INFO - 
--------------------------------------------------------------------------------
[2024-06-29T04:03:24.919+0000] {taskinstance.py:1383} INFO - Executing <Task(BashOperator): runme_0> on 2024-06-29 04:03:23.746476+00:00
[2024-06-29T04:03:24.923+0000] {standard_task_runner.py:55} INFO - Started process 566 to run task
[2024-06-29T04:03:24.928+0000] {standard_task_runner.py:82} INFO - Running: ['***', 'tasks', 'run', 'example_bash_operator', 'runme_0', 'manual__2024-06-29T04:03:23.746476+00:00', '--job-id', '13', '--raw', '--subdir', '/home/***/.local/lib/python3.7/site-packages/***/example_dags/example_bash_operator.py', '--cfg-path', '/tmp/tmpx_ljdgaz']
[2024-06-29T04:03:24.928+0000] {standard_task_runner.py:83} INFO - Job 13: Subtask runme_0
[2024-06-29T04:03:24.996+0000] {task_command.py:376} INFO - Running <TaskInstance: example_bash_operator.runme_0 manual__2024-06-29T04:03:23.746476+00:00 [running]> on host 409ff340d891
[2024-06-29T04:03:25.074+0000] {taskinstance.py:1592} INFO - Exporting the following env vars:
AIRFLOW_CTX_DAG_OWNER=***
AIRFLOW_CTX_DAG_ID=example_bash_operator
AIRFLOW_CTX_TASK_ID=runme_0
AIRFLOW_CTX_EXECUTION_DATE=2024-06-29T04:03:23.746476+00:00
AIRFLOW_CTX_TRY_NUMBER=1
AIRFLOW_CTX_DAG_RUN_ID=manual__2024-06-29T04:03:23.746476+00:00
[2024-06-29T04:03:25.076+0000] {subprocess.py:63} INFO - Tmp dir root location: 
 /tmp
[2024-06-29T04:03:25.078+0000] {subprocess.py:75} INFO - Running command: ['/bin/bash', '-c', 'echo "example_bash_operator__runme_0__20240629" && sleep 1']
[2024-06-29T04:03:25.088+0000] {subprocess.py:86} INFO - Output:
[2024-06-29T04:03:25.090+0000] {subprocess.py:93} INFO - example_bash_operator__runme_0__20240629
[2024-06-29T04:03:26.093+0000] {subprocess.py:97} INFO - Command exited with return code 0
[2024-06-29T04:03:26.141+0000] {taskinstance.py:1406} INFO - Marking task as SUCCESS. dag_id=example_bash_operator, task_id=runme_0, execution_date=20240629T040323, start_date=20240629T040324, end_date=20240629T040326
[2024-06-29T04:03:26.188+0000] {local_task_job.py:164} INFO - Task exited with return code 0
[2024-06-29T04:03:26.213+0000] {local_task_job.py:273} INFO - 0 downstream tasks scheduled from follow-on schedule check
