[2024-06-29T04:04:11.800+0000] {taskinstance.py:1165} INFO - Dependencies all met for <TaskInstance: example_bash_operator.also_run_this manual__2024-06-29T04:04:10.514377+00:00 [queued]>
[2024-06-29T04:04:11.817+0000] {taskinstance.py:1165} INFO - Dependencies all met for <TaskInstance: example_bash_operator.also_run_this manual__2024-06-29T04:04:10.514377+00:00 [queued]>
[2024-06-29T04:04:11.819+0000] {taskinstance.py:1362} INFO - 
--------------------------------------------------------------------------------
[2024-06-29T04:04:11.820+0000] {taskinstance.py:1363} INFO - Starting attempt 1 of 1
[2024-06-29T04:04:11.821+0000] {taskinstance.py:1364} INFO - 
--------------------------------------------------------------------------------
[2024-06-29T04:04:11.845+0000] {taskinstance.py:1383} INFO - Executing <Task(BashOperator): also_run_this> on 2024-06-29 04:04:10.514377+00:00
[2024-06-29T04:04:11.851+0000] {standard_task_runner.py:55} INFO - Started process 627 to run task
[2024-06-29T04:04:11.857+0000] {standard_task_runner.py:82} INFO - Running: ['***', 'tasks', 'run', 'example_bash_operator', 'also_run_this', 'manual__2024-06-29T04:04:10.514377+00:00', '--job-id', '19', '--raw', '--subdir', '/home/***/.local/lib/python3.7/site-packages/***/example_dags/example_bash_operator.py', '--cfg-path', '/tmp/tmpdki231xs']
[2024-06-29T04:04:11.860+0000] {standard_task_runner.py:83} INFO - Job 19: Subtask also_run_this
[2024-06-29T04:04:11.975+0000] {task_command.py:376} INFO - Running <TaskInstance: example_bash_operator.also_run_this manual__2024-06-29T04:04:10.514377+00:00 [running]> on host 409ff340d891
[2024-06-29T04:04:12.060+0000] {taskinstance.py:1592} INFO - Exporting the following env vars:
AIRFLOW_CTX_DAG_OWNER=***
AIRFLOW_CTX_DAG_ID=example_bash_operator
AIRFLOW_CTX_TASK_ID=also_run_this
AIRFLOW_CTX_EXECUTION_DATE=2024-06-29T04:04:10.514377+00:00
AIRFLOW_CTX_TRY_NUMBER=1
AIRFLOW_CTX_DAG_RUN_ID=manual__2024-06-29T04:04:10.514377+00:00
[2024-06-29T04:04:12.062+0000] {subprocess.py:63} INFO - Tmp dir root location: 
 /tmp
[2024-06-29T04:04:12.063+0000] {subprocess.py:75} INFO - Running command: ['/bin/bash', '-c', 'echo "ti_key=example_bash_operator__also_run_this__20240629"']
[2024-06-29T04:04:12.072+0000] {subprocess.py:86} INFO - Output:
[2024-06-29T04:04:12.074+0000] {subprocess.py:93} INFO - ti_key=example_bash_operator__also_run_this__20240629
[2024-06-29T04:04:12.075+0000] {subprocess.py:97} INFO - Command exited with return code 0
[2024-06-29T04:04:12.097+0000] {taskinstance.py:1406} INFO - Marking task as SUCCESS. dag_id=example_bash_operator, task_id=also_run_this, execution_date=20240629T040410, start_date=20240629T040411, end_date=20240629T040412
[2024-06-29T04:04:12.150+0000] {local_task_job.py:164} INFO - Task exited with return code 0
[2024-06-29T04:04:12.167+0000] {local_task_job.py:273} INFO - 0 downstream tasks scheduled from follow-on schedule check
