[2024-07-06T10:42:12.679+0000] {taskinstance.py:1165} INFO - Dependencies all met for <TaskInstance: group_dag.download scheduled__2024-07-05T00:00:00+00:00 [queued]>
[2024-07-06T10:42:12.687+0000] {taskinstance.py:1165} INFO - Dependencies all met for <TaskInstance: group_dag.download scheduled__2024-07-05T00:00:00+00:00 [queued]>
[2024-07-06T10:42:12.687+0000] {taskinstance.py:1362} INFO - 
--------------------------------------------------------------------------------
[2024-07-06T10:42:12.687+0000] {taskinstance.py:1363} INFO - Starting attempt 1 of 1
[2024-07-06T10:42:12.687+0000] {taskinstance.py:1364} INFO - 
--------------------------------------------------------------------------------
[2024-07-06T10:42:12.698+0000] {taskinstance.py:1383} INFO - Executing <Task(SubDagOperator): download> on 2024-07-05 00:00:00+00:00
[2024-07-06T10:42:12.702+0000] {standard_task_runner.py:55} INFO - Started process 8549 to run task
[2024-07-06T10:42:12.706+0000] {standard_task_runner.py:82} INFO - Running: ['***', 'tasks', 'run', 'group_dag', 'download', 'scheduled__2024-07-05T00:00:00+00:00', '--job-id', '104', '--raw', '--subdir', 'DAGS_FOLDER/group_dag.py', '--cfg-path', '/tmp/tmp08o0yaj4']
[2024-07-06T10:42:12.706+0000] {standard_task_runner.py:83} INFO - Job 104: Subtask download
[2024-07-06T10:42:12.761+0000] {task_command.py:376} INFO - Running <TaskInstance: group_dag.download scheduled__2024-07-05T00:00:00+00:00 [running]> on host 1d08768f7af2
[2024-07-06T10:42:12.813+0000] {taskinstance.py:1592} INFO - Exporting the following env vars:
AIRFLOW_CTX_DAG_OWNER=***
AIRFLOW_CTX_DAG_ID=group_dag
AIRFLOW_CTX_TASK_ID=download
AIRFLOW_CTX_EXECUTION_DATE=2024-07-05T00:00:00+00:00
AIRFLOW_CTX_TRY_NUMBER=1
AIRFLOW_CTX_DAG_RUN_ID=scheduled__2024-07-05T00:00:00+00:00
[2024-07-06T10:42:12.814+0000] {warnings.py:110} WARNING - /home/***/.local/lib/python3.7/site-packages/***/utils/context.py:204: AirflowContextDeprecationWarning: Accessing 'execution_date' from the template is deprecated and will be removed in a future version. Please use 'data_interval_start' or 'logical_date' instead.
  warnings.warn(_create_deprecation_warning(key, self._deprecation_replacements[key]))

[2024-07-06T10:42:12.835+0000] {subdag.py:171} INFO - Created DagRun: scheduled__2024-07-05T00:00:00+00:00
[2024-07-06T10:43:12.874+0000] {base.py:213} INFO - Success criteria met. Exiting.
[2024-07-06T10:43:12.883+0000] {subdag.py:186} INFO - Execution finished. State is success
[2024-07-06T10:43:12.897+0000] {taskinstance.py:1406} INFO - Marking task as SUCCESS. dag_id=group_dag, task_id=download, execution_date=20240705T000000, start_date=20240706T104212, end_date=20240706T104312
[2024-07-06T10:43:12.961+0000] {local_task_job.py:164} INFO - Task exited with return code 0
[2024-07-06T10:43:13.016+0000] {local_task_job.py:273} INFO - 1 downstream tasks scheduled from follow-on schedule check
