[2024-07-06T00:47:55.095+0000] {taskinstance.py:1165} INFO - Dependencies all met for <TaskInstance: user_processing.process_user scheduled__2024-07-05T00:00:00+00:00 [queued]>
[2024-07-06T00:47:55.104+0000] {taskinstance.py:1165} INFO - Dependencies all met for <TaskInstance: user_processing.process_user scheduled__2024-07-05T00:00:00+00:00 [queued]>
[2024-07-06T00:47:55.104+0000] {taskinstance.py:1362} INFO - 
--------------------------------------------------------------------------------
[2024-07-06T00:47:55.105+0000] {taskinstance.py:1363} INFO - Starting attempt 1 of 1
[2024-07-06T00:47:55.105+0000] {taskinstance.py:1364} INFO - 
--------------------------------------------------------------------------------
[2024-07-06T00:47:55.116+0000] {taskinstance.py:1383} INFO - Executing <Task(PythonOperator): process_user> on 2024-07-05 00:00:00+00:00
[2024-07-06T00:47:55.120+0000] {standard_task_runner.py:55} INFO - Started process 1239 to run task
[2024-07-06T00:47:55.125+0000] {standard_task_runner.py:82} INFO - Running: ['***', 'tasks', 'run', 'user_processing', 'process_user', 'scheduled__2024-07-05T00:00:00+00:00', '--job-id', '99', '--raw', '--subdir', 'DAGS_FOLDER/user_processing.py', '--cfg-path', '/tmp/tmpjss4sqt2']
[2024-07-06T00:47:55.127+0000] {standard_task_runner.py:83} INFO - Job 99: Subtask process_user
[2024-07-06T00:47:55.185+0000] {task_command.py:376} INFO - Running <TaskInstance: user_processing.process_user scheduled__2024-07-05T00:00:00+00:00 [running]> on host 1d08768f7af2
[2024-07-06T00:47:55.249+0000] {taskinstance.py:1592} INFO - Exporting the following env vars:
AIRFLOW_CTX_DAG_OWNER=***
AIRFLOW_CTX_DAG_ID=user_processing
AIRFLOW_CTX_TASK_ID=process_user
AIRFLOW_CTX_EXECUTION_DATE=2024-07-05T00:00:00+00:00
AIRFLOW_CTX_TRY_NUMBER=1
AIRFLOW_CTX_DAG_RUN_ID=scheduled__2024-07-05T00:00:00+00:00
[2024-07-06T00:47:55.270+0000] {python.py:177} INFO - Done. Returned value was: None
[2024-07-06T00:47:55.278+0000] {taskinstance.py:1406} INFO - Marking task as SUCCESS. dag_id=user_processing, task_id=process_user, execution_date=20240705T000000, start_date=20240706T004755, end_date=20240706T004755
[2024-07-06T00:47:55.296+0000] {local_task_job.py:164} INFO - Task exited with return code 0
[2024-07-06T00:47:55.316+0000] {local_task_job.py:273} INFO - 1 downstream tasks scheduled from follow-on schedule check
