[2024-07-05T12:33:22.686+0000] {processor.py:154} INFO - Started process (PID=46) to work on /opt/airflow/dags/parallel.py
[2024-07-05T12:33:22.688+0000] {processor.py:756} INFO - Processing file /opt/airflow/dags/parallel.py for tasks to queue
[2024-07-05T12:33:22.690+0000] {logging_mixin.py:120} INFO - [2024-07-05T12:33:22.690+0000] {dagbag.py:537} INFO - Filling up the DagBag from /opt/airflow/dags/parallel.py
[2024-07-05T12:33:22.788+0000] {processor.py:766} INFO - DAG(s) dict_keys(['parallel_dag']) retrieved from /opt/airflow/dags/parallel.py
[2024-07-05T12:33:23.289+0000] {logging_mixin.py:120} INFO - [2024-07-05T12:33:23.289+0000] {manager.py:507} INFO - Created Permission View: can delete on DAG:parallel_dag
[2024-07-05T12:33:23.314+0000] {logging_mixin.py:120} INFO - [2024-07-05T12:33:23.313+0000] {manager.py:507} INFO - Created Permission View: can edit on DAG:parallel_dag
[2024-07-05T12:33:23.330+0000] {logging_mixin.py:120} INFO - [2024-07-05T12:33:23.329+0000] {manager.py:507} INFO - Created Permission View: can read on DAG:parallel_dag
[2024-07-05T12:33:23.331+0000] {logging_mixin.py:120} INFO - [2024-07-05T12:33:23.330+0000] {dag.py:2585} INFO - Sync 1 DAGs
[2024-07-05T12:33:23.353+0000] {logging_mixin.py:120} INFO - [2024-07-05T12:33:23.353+0000] {dag.py:2606} INFO - Creating ORM DAG for parallel_dag
[2024-07-05T12:33:23.384+0000] {logging_mixin.py:120} INFO - [2024-07-05T12:33:23.384+0000] {dag.py:3340} INFO - Setting next_dagrun for parallel_dag to 2024-07-04T00:00:00+00:00, run_after=2024-07-05T00:00:00+00:00
[2024-07-05T12:33:23.454+0000] {processor.py:176} INFO - Processing /opt/airflow/dags/parallel.py took 0.776 seconds
[2024-07-05T12:34:40.131+0000] {processor.py:154} INFO - Started process (PID=45) to work on /opt/airflow/dags/parallel.py
[2024-07-05T12:34:40.134+0000] {processor.py:756} INFO - Processing file /opt/airflow/dags/parallel.py for tasks to queue
[2024-07-05T12:34:40.136+0000] {logging_mixin.py:120} INFO - [2024-07-05T12:34:40.135+0000] {dagbag.py:537} INFO - Filling up the DagBag from /opt/airflow/dags/parallel.py
[2024-07-05T12:34:40.219+0000] {processor.py:766} INFO - DAG(s) dict_keys(['parallel_dag']) retrieved from /opt/airflow/dags/parallel.py
[2024-07-05T12:34:40.386+0000] {logging_mixin.py:120} INFO - [2024-07-05T12:34:40.386+0000] {dag.py:2585} INFO - Sync 1 DAGs
[2024-07-05T12:34:40.425+0000] {logging_mixin.py:120} INFO - [2024-07-05T12:34:40.425+0000] {dag.py:3340} INFO - Setting next_dagrun for parallel_dag to 2024-07-04T00:00:00+00:00, run_after=2024-07-05T00:00:00+00:00
[2024-07-05T12:34:40.455+0000] {processor.py:176} INFO - Processing /opt/airflow/dags/parallel.py took 0.331 seconds
[2024-07-05T12:35:10.754+0000] {processor.py:154} INFO - Started process (PID=77) to work on /opt/airflow/dags/parallel.py
[2024-07-05T12:35:10.755+0000] {processor.py:756} INFO - Processing file /opt/airflow/dags/parallel.py for tasks to queue
[2024-07-05T12:35:10.756+0000] {logging_mixin.py:120} INFO - [2024-07-05T12:35:10.756+0000] {dagbag.py:537} INFO - Filling up the DagBag from /opt/airflow/dags/parallel.py
[2024-07-05T12:35:10.786+0000] {processor.py:766} INFO - DAG(s) dict_keys(['parallel_dag']) retrieved from /opt/airflow/dags/parallel.py
[2024-07-05T12:35:10.827+0000] {logging_mixin.py:120} INFO - [2024-07-05T12:35:10.826+0000] {dag.py:2585} INFO - Sync 1 DAGs
[2024-07-05T12:35:10.850+0000] {logging_mixin.py:120} INFO - [2024-07-05T12:35:10.850+0000] {dag.py:3340} INFO - Setting next_dagrun for parallel_dag to 2024-07-04T00:00:00+00:00, run_after=2024-07-05T00:00:00+00:00
[2024-07-05T12:35:10.865+0000] {processor.py:176} INFO - Processing /opt/airflow/dags/parallel.py took 0.116 seconds
[2024-07-05T12:35:41.312+0000] {processor.py:154} INFO - Started process (PID=100) to work on /opt/airflow/dags/parallel.py
[2024-07-05T12:35:41.314+0000] {processor.py:756} INFO - Processing file /opt/airflow/dags/parallel.py for tasks to queue
[2024-07-05T12:35:41.315+0000] {logging_mixin.py:120} INFO - [2024-07-05T12:35:41.315+0000] {dagbag.py:537} INFO - Filling up the DagBag from /opt/airflow/dags/parallel.py
[2024-07-05T12:35:41.342+0000] {processor.py:766} INFO - DAG(s) dict_keys(['parallel_dag']) retrieved from /opt/airflow/dags/parallel.py
[2024-07-05T12:35:41.385+0000] {logging_mixin.py:120} INFO - [2024-07-05T12:35:41.385+0000] {dag.py:2585} INFO - Sync 1 DAGs
[2024-07-05T12:35:41.411+0000] {logging_mixin.py:120} INFO - [2024-07-05T12:35:41.410+0000] {dag.py:3340} INFO - Setting next_dagrun for parallel_dag to 2024-07-04T00:00:00+00:00, run_after=2024-07-05T00:00:00+00:00
[2024-07-05T12:35:41.425+0000] {processor.py:176} INFO - Processing /opt/airflow/dags/parallel.py took 0.119 seconds
[2024-07-05T12:36:11.787+0000] {processor.py:154} INFO - Started process (PID=132) to work on /opt/airflow/dags/parallel.py
[2024-07-05T12:36:11.789+0000] {processor.py:756} INFO - Processing file /opt/airflow/dags/parallel.py for tasks to queue
[2024-07-05T12:36:11.790+0000] {logging_mixin.py:120} INFO - [2024-07-05T12:36:11.790+0000] {dagbag.py:537} INFO - Filling up the DagBag from /opt/airflow/dags/parallel.py
[2024-07-05T12:36:11.817+0000] {processor.py:766} INFO - DAG(s) dict_keys(['parallel_dag']) retrieved from /opt/airflow/dags/parallel.py
[2024-07-05T12:36:11.858+0000] {logging_mixin.py:120} INFO - [2024-07-05T12:36:11.858+0000] {dag.py:2585} INFO - Sync 1 DAGs
[2024-07-05T12:36:11.882+0000] {logging_mixin.py:120} INFO - [2024-07-05T12:36:11.882+0000] {dag.py:3340} INFO - Setting next_dagrun for parallel_dag to 2024-07-04T00:00:00+00:00, run_after=2024-07-05T00:00:00+00:00
[2024-07-05T12:36:11.897+0000] {processor.py:176} INFO - Processing /opt/airflow/dags/parallel.py took 0.116 seconds
[2024-07-05T12:36:27.237+0000] {processor.py:154} INFO - Started process (PID=155) to work on /opt/airflow/dags/parallel.py
[2024-07-05T12:36:27.239+0000] {processor.py:756} INFO - Processing file /opt/airflow/dags/parallel.py for tasks to queue
[2024-07-05T12:36:27.241+0000] {logging_mixin.py:120} INFO - [2024-07-05T12:36:27.241+0000] {dagbag.py:537} INFO - Filling up the DagBag from /opt/airflow/dags/parallel.py
[2024-07-05T12:36:27.309+0000] {processor.py:766} INFO - DAG(s) dict_keys(['parallel_dag']) retrieved from /opt/airflow/dags/parallel.py
[2024-07-05T12:36:27.415+0000] {logging_mixin.py:120} INFO - [2024-07-05T12:36:27.415+0000] {dag.py:2585} INFO - Sync 1 DAGs
[2024-07-05T12:36:27.443+0000] {logging_mixin.py:120} INFO - [2024-07-05T12:36:27.443+0000] {dag.py:3340} INFO - Setting next_dagrun for parallel_dag to 2024-07-04T00:00:00+00:00, run_after=2024-07-05T00:00:00+00:00
[2024-07-05T12:36:27.466+0000] {processor.py:176} INFO - Processing /opt/airflow/dags/parallel.py took 0.234 seconds
[2024-07-05T12:36:33.278+0000] {processor.py:154} INFO - Started process (PID=156) to work on /opt/airflow/dags/parallel.py
[2024-07-05T12:36:33.279+0000] {processor.py:756} INFO - Processing file /opt/airflow/dags/parallel.py for tasks to queue
[2024-07-05T12:36:33.280+0000] {logging_mixin.py:120} INFO - [2024-07-05T12:36:33.280+0000] {dagbag.py:537} INFO - Filling up the DagBag from /opt/airflow/dags/parallel.py
[2024-07-05T12:36:33.311+0000] {processor.py:766} INFO - DAG(s) dict_keys(['parallel_dag']) retrieved from /opt/airflow/dags/parallel.py
[2024-07-05T12:36:33.331+0000] {logging_mixin.py:120} INFO - [2024-07-05T12:36:33.331+0000] {dag.py:2585} INFO - Sync 1 DAGs
[2024-07-05T12:36:33.352+0000] {logging_mixin.py:120} INFO - [2024-07-05T12:36:33.352+0000] {dag.py:3340} INFO - Setting next_dagrun for parallel_dag to 2024-07-04T00:00:00+00:00, run_after=2024-07-05T00:00:00+00:00
[2024-07-05T12:36:33.367+0000] {processor.py:176} INFO - Processing /opt/airflow/dags/parallel.py took 0.091 seconds
[2024-07-05T12:36:35.321+0000] {processor.py:154} INFO - Started process (PID=157) to work on /opt/airflow/dags/parallel.py
[2024-07-05T12:36:35.324+0000] {processor.py:756} INFO - Processing file /opt/airflow/dags/parallel.py for tasks to queue
[2024-07-05T12:36:35.326+0000] {logging_mixin.py:120} INFO - [2024-07-05T12:36:35.325+0000] {dagbag.py:537} INFO - Filling up the DagBag from /opt/airflow/dags/parallel.py
[2024-07-05T12:36:35.374+0000] {processor.py:766} INFO - DAG(s) dict_keys(['parallel_dag']) retrieved from /opt/airflow/dags/parallel.py
[2024-07-05T12:36:35.406+0000] {logging_mixin.py:120} INFO - [2024-07-05T12:36:35.406+0000] {dag.py:2585} INFO - Sync 1 DAGs
[2024-07-05T12:36:35.430+0000] {logging_mixin.py:120} INFO - [2024-07-05T12:36:35.430+0000] {dag.py:3340} INFO - Setting next_dagrun for parallel_dag to 2024-07-04T00:00:00+00:00, run_after=2024-07-05T00:00:00+00:00
[2024-07-05T12:36:35.452+0000] {processor.py:176} INFO - Processing /opt/airflow/dags/parallel.py took 0.136 seconds
[2024-07-05T12:36:37.423+0000] {processor.py:154} INFO - Started process (PID=158) to work on /opt/airflow/dags/parallel.py
[2024-07-05T12:36:37.424+0000] {processor.py:756} INFO - Processing file /opt/airflow/dags/parallel.py for tasks to queue
[2024-07-05T12:36:37.425+0000] {logging_mixin.py:120} INFO - [2024-07-05T12:36:37.425+0000] {dagbag.py:537} INFO - Filling up the DagBag from /opt/airflow/dags/parallel.py
[2024-07-05T12:36:37.461+0000] {processor.py:766} INFO - DAG(s) dict_keys(['parallel_dag']) retrieved from /opt/airflow/dags/parallel.py
[2024-07-05T12:36:37.481+0000] {logging_mixin.py:120} INFO - [2024-07-05T12:36:37.481+0000] {dag.py:2585} INFO - Sync 1 DAGs
[2024-07-05T12:36:37.503+0000] {logging_mixin.py:120} INFO - [2024-07-05T12:36:37.503+0000] {dag.py:3340} INFO - Setting next_dagrun for parallel_dag to 2024-07-04T00:00:00+00:00, run_after=2024-07-05T00:00:00+00:00
[2024-07-05T12:36:37.518+0000] {processor.py:176} INFO - Processing /opt/airflow/dags/parallel.py took 0.099 seconds
[2024-07-05T12:36:40.507+0000] {processor.py:154} INFO - Started process (PID=168) to work on /opt/airflow/dags/parallel.py
[2024-07-05T12:36:40.508+0000] {processor.py:756} INFO - Processing file /opt/airflow/dags/parallel.py for tasks to queue
[2024-07-05T12:36:40.509+0000] {logging_mixin.py:120} INFO - [2024-07-05T12:36:40.509+0000] {dagbag.py:537} INFO - Filling up the DagBag from /opt/airflow/dags/parallel.py
[2024-07-05T12:36:40.544+0000] {processor.py:766} INFO - DAG(s) dict_keys(['parallel_dag']) retrieved from /opt/airflow/dags/parallel.py
[2024-07-05T12:36:40.564+0000] {logging_mixin.py:120} INFO - [2024-07-05T12:36:40.564+0000] {dag.py:2585} INFO - Sync 1 DAGs
[2024-07-05T12:36:40.585+0000] {logging_mixin.py:120} INFO - [2024-07-05T12:36:40.585+0000] {dag.py:3340} INFO - Setting next_dagrun for parallel_dag to 2024-07-04T00:00:00+00:00, run_after=2024-07-05T00:00:00+00:00
[2024-07-05T12:36:40.600+0000] {processor.py:176} INFO - Processing /opt/airflow/dags/parallel.py took 0.096 seconds
[2024-07-05T12:37:10.702+0000] {processor.py:154} INFO - Started process (PID=191) to work on /opt/airflow/dags/parallel.py
[2024-07-05T12:37:10.703+0000] {processor.py:756} INFO - Processing file /opt/airflow/dags/parallel.py for tasks to queue
[2024-07-05T12:37:10.704+0000] {logging_mixin.py:120} INFO - [2024-07-05T12:37:10.704+0000] {dagbag.py:537} INFO - Filling up the DagBag from /opt/airflow/dags/parallel.py
[2024-07-05T12:37:10.740+0000] {processor.py:766} INFO - DAG(s) dict_keys(['parallel_dag']) retrieved from /opt/airflow/dags/parallel.py
[2024-07-05T12:37:10.820+0000] {logging_mixin.py:120} INFO - [2024-07-05T12:37:10.820+0000] {dag.py:2585} INFO - Sync 1 DAGs
[2024-07-05T12:37:10.841+0000] {logging_mixin.py:120} INFO - [2024-07-05T12:37:10.841+0000] {dag.py:3340} INFO - Setting next_dagrun for parallel_dag to 2024-07-04T00:00:00+00:00, run_after=2024-07-05T00:00:00+00:00
[2024-07-05T12:37:10.857+0000] {processor.py:176} INFO - Processing /opt/airflow/dags/parallel.py took 0.160 seconds
[2024-07-05T12:37:41.143+0000] {processor.py:154} INFO - Started process (PID=231) to work on /opt/airflow/dags/parallel.py
[2024-07-05T12:37:41.144+0000] {processor.py:756} INFO - Processing file /opt/airflow/dags/parallel.py for tasks to queue
[2024-07-05T12:37:41.146+0000] {logging_mixin.py:120} INFO - [2024-07-05T12:37:41.145+0000] {dagbag.py:537} INFO - Filling up the DagBag from /opt/airflow/dags/parallel.py
[2024-07-05T12:37:41.175+0000] {processor.py:766} INFO - DAG(s) dict_keys(['parallel_dag']) retrieved from /opt/airflow/dags/parallel.py
[2024-07-05T12:37:41.224+0000] {logging_mixin.py:120} INFO - [2024-07-05T12:37:41.224+0000] {dag.py:2585} INFO - Sync 1 DAGs
[2024-07-05T12:37:41.264+0000] {logging_mixin.py:120} INFO - [2024-07-05T12:37:41.264+0000] {dag.py:3340} INFO - Setting next_dagrun for parallel_dag to 2024-07-05T00:00:00+00:00, run_after=2024-07-06T00:00:00+00:00
[2024-07-05T12:37:41.302+0000] {processor.py:176} INFO - Processing /opt/airflow/dags/parallel.py took 0.166 seconds
[2024-07-05T12:38:11.379+0000] {processor.py:154} INFO - Started process (PID=263) to work on /opt/airflow/dags/parallel.py
[2024-07-05T12:38:11.381+0000] {processor.py:756} INFO - Processing file /opt/airflow/dags/parallel.py for tasks to queue
[2024-07-05T12:38:11.382+0000] {logging_mixin.py:120} INFO - [2024-07-05T12:38:11.382+0000] {dagbag.py:537} INFO - Filling up the DagBag from /opt/airflow/dags/parallel.py
[2024-07-05T12:38:11.410+0000] {processor.py:766} INFO - DAG(s) dict_keys(['parallel_dag']) retrieved from /opt/airflow/dags/parallel.py
[2024-07-05T12:38:11.472+0000] {logging_mixin.py:120} INFO - [2024-07-05T12:38:11.472+0000] {dag.py:2585} INFO - Sync 1 DAGs
[2024-07-05T12:38:11.500+0000] {logging_mixin.py:120} INFO - [2024-07-05T12:38:11.500+0000] {dag.py:3340} INFO - Setting next_dagrun for parallel_dag to 2024-07-05T00:00:00+00:00, run_after=2024-07-06T00:00:00+00:00
[2024-07-05T12:38:11.516+0000] {processor.py:176} INFO - Processing /opt/airflow/dags/parallel.py took 0.141 seconds
[2024-07-05T12:38:41.879+0000] {processor.py:154} INFO - Started process (PID=295) to work on /opt/airflow/dags/parallel.py
[2024-07-05T12:38:41.881+0000] {processor.py:756} INFO - Processing file /opt/airflow/dags/parallel.py for tasks to queue
[2024-07-05T12:38:41.882+0000] {logging_mixin.py:120} INFO - [2024-07-05T12:38:41.881+0000] {dagbag.py:537} INFO - Filling up the DagBag from /opt/airflow/dags/parallel.py
[2024-07-05T12:38:41.908+0000] {processor.py:766} INFO - DAG(s) dict_keys(['parallel_dag']) retrieved from /opt/airflow/dags/parallel.py
[2024-07-05T12:38:41.954+0000] {logging_mixin.py:120} INFO - [2024-07-05T12:38:41.954+0000] {dag.py:2585} INFO - Sync 1 DAGs
[2024-07-05T12:38:41.981+0000] {logging_mixin.py:120} INFO - [2024-07-05T12:38:41.981+0000] {dag.py:3340} INFO - Setting next_dagrun for parallel_dag to 2024-07-05T00:00:00+00:00, run_after=2024-07-06T00:00:00+00:00
[2024-07-05T12:38:42.003+0000] {processor.py:176} INFO - Processing /opt/airflow/dags/parallel.py took 0.128 seconds
[2024-07-05T12:39:12.160+0000] {processor.py:154} INFO - Started process (PID=318) to work on /opt/airflow/dags/parallel.py
[2024-07-05T12:39:12.162+0000] {processor.py:756} INFO - Processing file /opt/airflow/dags/parallel.py for tasks to queue
[2024-07-05T12:39:12.163+0000] {logging_mixin.py:120} INFO - [2024-07-05T12:39:12.163+0000] {dagbag.py:537} INFO - Filling up the DagBag from /opt/airflow/dags/parallel.py
[2024-07-05T12:39:12.193+0000] {processor.py:766} INFO - DAG(s) dict_keys(['parallel_dag']) retrieved from /opt/airflow/dags/parallel.py
[2024-07-05T12:39:12.239+0000] {logging_mixin.py:120} INFO - [2024-07-05T12:39:12.239+0000] {dag.py:2585} INFO - Sync 1 DAGs
[2024-07-05T12:39:12.266+0000] {logging_mixin.py:120} INFO - [2024-07-05T12:39:12.266+0000] {dag.py:3340} INFO - Setting next_dagrun for parallel_dag to 2024-07-05T00:00:00+00:00, run_after=2024-07-06T00:00:00+00:00
[2024-07-05T12:39:12.283+0000] {processor.py:176} INFO - Processing /opt/airflow/dags/parallel.py took 0.131 seconds
[2024-07-05T12:39:42.515+0000] {processor.py:154} INFO - Started process (PID=350) to work on /opt/airflow/dags/parallel.py
[2024-07-05T12:39:42.516+0000] {processor.py:756} INFO - Processing file /opt/airflow/dags/parallel.py for tasks to queue
[2024-07-05T12:39:42.517+0000] {logging_mixin.py:120} INFO - [2024-07-05T12:39:42.517+0000] {dagbag.py:537} INFO - Filling up the DagBag from /opt/airflow/dags/parallel.py
[2024-07-05T12:39:42.533+0000] {processor.py:766} INFO - DAG(s) dict_keys(['parallel_dag']) retrieved from /opt/airflow/dags/parallel.py
[2024-07-05T12:39:42.567+0000] {logging_mixin.py:120} INFO - [2024-07-05T12:39:42.567+0000] {dag.py:2585} INFO - Sync 1 DAGs
[2024-07-05T12:39:42.589+0000] {logging_mixin.py:120} INFO - [2024-07-05T12:39:42.589+0000] {dag.py:3340} INFO - Setting next_dagrun for parallel_dag to 2024-07-05T00:00:00+00:00, run_after=2024-07-06T00:00:00+00:00
[2024-07-05T12:39:42.602+0000] {processor.py:176} INFO - Processing /opt/airflow/dags/parallel.py took 0.090 seconds
[2024-07-05T12:40:12.664+0000] {processor.py:154} INFO - Started process (PID=382) to work on /opt/airflow/dags/parallel.py
[2024-07-05T12:40:12.666+0000] {processor.py:756} INFO - Processing file /opt/airflow/dags/parallel.py for tasks to queue
[2024-07-05T12:40:12.667+0000] {logging_mixin.py:120} INFO - [2024-07-05T12:40:12.667+0000] {dagbag.py:537} INFO - Filling up the DagBag from /opt/airflow/dags/parallel.py
[2024-07-05T12:40:12.716+0000] {processor.py:766} INFO - DAG(s) dict_keys(['parallel_dag']) retrieved from /opt/airflow/dags/parallel.py
[2024-07-05T12:40:12.762+0000] {logging_mixin.py:120} INFO - [2024-07-05T12:40:12.762+0000] {dag.py:2585} INFO - Sync 1 DAGs
[2024-07-05T12:40:12.787+0000] {logging_mixin.py:120} INFO - [2024-07-05T12:40:12.787+0000] {dag.py:3340} INFO - Setting next_dagrun for parallel_dag to 2024-07-05T00:00:00+00:00, run_after=2024-07-06T00:00:00+00:00
[2024-07-05T12:40:12.801+0000] {processor.py:176} INFO - Processing /opt/airflow/dags/parallel.py took 0.144 seconds
[2024-07-05T12:40:43.162+0000] {processor.py:154} INFO - Started process (PID=405) to work on /opt/airflow/dags/parallel.py
[2024-07-05T12:40:43.163+0000] {processor.py:756} INFO - Processing file /opt/airflow/dags/parallel.py for tasks to queue
[2024-07-05T12:40:43.165+0000] {logging_mixin.py:120} INFO - [2024-07-05T12:40:43.164+0000] {dagbag.py:537} INFO - Filling up the DagBag from /opt/airflow/dags/parallel.py
[2024-07-05T12:40:43.196+0000] {processor.py:766} INFO - DAG(s) dict_keys(['parallel_dag']) retrieved from /opt/airflow/dags/parallel.py
[2024-07-05T12:40:43.291+0000] {logging_mixin.py:120} INFO - [2024-07-05T12:40:43.291+0000] {dag.py:2585} INFO - Sync 1 DAGs
[2024-07-05T12:40:43.319+0000] {logging_mixin.py:120} INFO - [2024-07-05T12:40:43.318+0000] {dag.py:3340} INFO - Setting next_dagrun for parallel_dag to 2024-07-05T00:00:00+00:00, run_after=2024-07-06T00:00:00+00:00
[2024-07-05T12:40:43.336+0000] {processor.py:176} INFO - Processing /opt/airflow/dags/parallel.py took 0.179 seconds
[2024-07-05T12:41:13.446+0000] {processor.py:154} INFO - Started process (PID=437) to work on /opt/airflow/dags/parallel.py
[2024-07-05T12:41:13.448+0000] {processor.py:756} INFO - Processing file /opt/airflow/dags/parallel.py for tasks to queue
[2024-07-05T12:41:13.448+0000] {logging_mixin.py:120} INFO - [2024-07-05T12:41:13.448+0000] {dagbag.py:537} INFO - Filling up the DagBag from /opt/airflow/dags/parallel.py
[2024-07-05T12:41:13.467+0000] {processor.py:766} INFO - DAG(s) dict_keys(['parallel_dag']) retrieved from /opt/airflow/dags/parallel.py
[2024-07-05T12:41:13.505+0000] {logging_mixin.py:120} INFO - [2024-07-05T12:41:13.505+0000] {dag.py:2585} INFO - Sync 1 DAGs
[2024-07-05T12:41:13.530+0000] {logging_mixin.py:120} INFO - [2024-07-05T12:41:13.530+0000] {dag.py:3340} INFO - Setting next_dagrun for parallel_dag to 2024-07-05T00:00:00+00:00, run_after=2024-07-06T00:00:00+00:00
[2024-07-05T12:41:13.546+0000] {processor.py:176} INFO - Processing /opt/airflow/dags/parallel.py took 0.102 seconds
[2024-07-05T12:41:43.626+0000] {processor.py:154} INFO - Started process (PID=469) to work on /opt/airflow/dags/parallel.py
[2024-07-05T12:41:43.627+0000] {processor.py:756} INFO - Processing file /opt/airflow/dags/parallel.py for tasks to queue
[2024-07-05T12:41:43.628+0000] {logging_mixin.py:120} INFO - [2024-07-05T12:41:43.628+0000] {dagbag.py:537} INFO - Filling up the DagBag from /opt/airflow/dags/parallel.py
[2024-07-05T12:41:43.655+0000] {processor.py:766} INFO - DAG(s) dict_keys(['parallel_dag']) retrieved from /opt/airflow/dags/parallel.py
[2024-07-05T12:41:43.699+0000] {logging_mixin.py:120} INFO - [2024-07-05T12:41:43.699+0000] {dag.py:2585} INFO - Sync 1 DAGs
[2024-07-05T12:41:43.723+0000] {logging_mixin.py:120} INFO - [2024-07-05T12:41:43.723+0000] {dag.py:3340} INFO - Setting next_dagrun for parallel_dag to 2024-07-05T00:00:00+00:00, run_after=2024-07-06T00:00:00+00:00
[2024-07-05T12:41:43.738+0000] {processor.py:176} INFO - Processing /opt/airflow/dags/parallel.py took 0.116 seconds
[2024-07-05T12:42:14.060+0000] {processor.py:154} INFO - Started process (PID=492) to work on /opt/airflow/dags/parallel.py
[2024-07-05T12:42:14.062+0000] {processor.py:756} INFO - Processing file /opt/airflow/dags/parallel.py for tasks to queue
[2024-07-05T12:42:14.063+0000] {logging_mixin.py:120} INFO - [2024-07-05T12:42:14.063+0000] {dagbag.py:537} INFO - Filling up the DagBag from /opt/airflow/dags/parallel.py
[2024-07-05T12:42:14.089+0000] {processor.py:766} INFO - DAG(s) dict_keys(['parallel_dag']) retrieved from /opt/airflow/dags/parallel.py
[2024-07-05T12:42:14.132+0000] {logging_mixin.py:120} INFO - [2024-07-05T12:42:14.131+0000] {dag.py:2585} INFO - Sync 1 DAGs
[2024-07-05T12:42:14.156+0000] {logging_mixin.py:120} INFO - [2024-07-05T12:42:14.155+0000] {dag.py:3340} INFO - Setting next_dagrun for parallel_dag to 2024-07-05T00:00:00+00:00, run_after=2024-07-06T00:00:00+00:00
[2024-07-05T12:42:14.171+0000] {processor.py:176} INFO - Processing /opt/airflow/dags/parallel.py took 0.115 seconds
[2024-07-05T12:42:44.444+0000] {processor.py:154} INFO - Started process (PID=524) to work on /opt/airflow/dags/parallel.py
[2024-07-05T12:42:44.446+0000] {processor.py:756} INFO - Processing file /opt/airflow/dags/parallel.py for tasks to queue
[2024-07-05T12:42:44.447+0000] {logging_mixin.py:120} INFO - [2024-07-05T12:42:44.447+0000] {dagbag.py:537} INFO - Filling up the DagBag from /opt/airflow/dags/parallel.py
[2024-07-05T12:42:44.477+0000] {processor.py:766} INFO - DAG(s) dict_keys(['parallel_dag']) retrieved from /opt/airflow/dags/parallel.py
[2024-07-05T12:42:44.512+0000] {logging_mixin.py:120} INFO - [2024-07-05T12:42:44.512+0000] {dag.py:2585} INFO - Sync 1 DAGs
[2024-07-05T12:42:44.536+0000] {logging_mixin.py:120} INFO - [2024-07-05T12:42:44.536+0000] {dag.py:3340} INFO - Setting next_dagrun for parallel_dag to 2024-07-05T00:00:00+00:00, run_after=2024-07-06T00:00:00+00:00
[2024-07-05T12:42:44.548+0000] {processor.py:176} INFO - Processing /opt/airflow/dags/parallel.py took 0.112 seconds
[2024-07-05T12:43:14.869+0000] {processor.py:154} INFO - Started process (PID=556) to work on /opt/airflow/dags/parallel.py
[2024-07-05T12:43:14.871+0000] {processor.py:756} INFO - Processing file /opt/airflow/dags/parallel.py for tasks to queue
[2024-07-05T12:43:14.872+0000] {logging_mixin.py:120} INFO - [2024-07-05T12:43:14.872+0000] {dagbag.py:537} INFO - Filling up the DagBag from /opt/airflow/dags/parallel.py
[2024-07-05T12:43:14.891+0000] {processor.py:766} INFO - DAG(s) dict_keys(['parallel_dag']) retrieved from /opt/airflow/dags/parallel.py
[2024-07-05T12:43:14.933+0000] {logging_mixin.py:120} INFO - [2024-07-05T12:43:14.933+0000] {dag.py:2585} INFO - Sync 1 DAGs
[2024-07-05T12:43:14.965+0000] {logging_mixin.py:120} INFO - [2024-07-05T12:43:14.965+0000] {dag.py:3340} INFO - Setting next_dagrun for parallel_dag to 2024-07-05T00:00:00+00:00, run_after=2024-07-06T00:00:00+00:00
[2024-07-05T12:43:14.983+0000] {processor.py:176} INFO - Processing /opt/airflow/dags/parallel.py took 0.118 seconds
[2024-07-05T12:43:45.203+0000] {processor.py:154} INFO - Started process (PID=588) to work on /opt/airflow/dags/parallel.py
[2024-07-05T12:43:45.205+0000] {processor.py:756} INFO - Processing file /opt/airflow/dags/parallel.py for tasks to queue
[2024-07-05T12:43:45.207+0000] {logging_mixin.py:120} INFO - [2024-07-05T12:43:45.207+0000] {dagbag.py:537} INFO - Filling up the DagBag from /opt/airflow/dags/parallel.py
[2024-07-05T12:43:45.241+0000] {processor.py:766} INFO - DAG(s) dict_keys(['parallel_dag']) retrieved from /opt/airflow/dags/parallel.py
[2024-07-05T12:43:45.299+0000] {logging_mixin.py:120} INFO - [2024-07-05T12:43:45.299+0000] {dag.py:2585} INFO - Sync 1 DAGs
[2024-07-05T12:43:45.333+0000] {logging_mixin.py:120} INFO - [2024-07-05T12:43:45.333+0000] {dag.py:3340} INFO - Setting next_dagrun for parallel_dag to 2024-07-05T00:00:00+00:00, run_after=2024-07-06T00:00:00+00:00
[2024-07-05T12:43:45.351+0000] {processor.py:176} INFO - Processing /opt/airflow/dags/parallel.py took 0.152 seconds
[2024-07-05T12:44:15.683+0000] {processor.py:154} INFO - Started process (PID=611) to work on /opt/airflow/dags/parallel.py
[2024-07-05T12:44:15.685+0000] {processor.py:756} INFO - Processing file /opt/airflow/dags/parallel.py for tasks to queue
[2024-07-05T12:44:15.686+0000] {logging_mixin.py:120} INFO - [2024-07-05T12:44:15.686+0000] {dagbag.py:537} INFO - Filling up the DagBag from /opt/airflow/dags/parallel.py
[2024-07-05T12:44:15.712+0000] {processor.py:766} INFO - DAG(s) dict_keys(['parallel_dag']) retrieved from /opt/airflow/dags/parallel.py
[2024-07-05T12:44:15.746+0000] {logging_mixin.py:120} INFO - [2024-07-05T12:44:15.746+0000] {dag.py:2585} INFO - Sync 1 DAGs
[2024-07-05T12:44:15.768+0000] {logging_mixin.py:120} INFO - [2024-07-05T12:44:15.767+0000] {dag.py:3340} INFO - Setting next_dagrun for parallel_dag to 2024-07-05T00:00:00+00:00, run_after=2024-07-06T00:00:00+00:00
[2024-07-05T12:44:15.780+0000] {processor.py:176} INFO - Processing /opt/airflow/dags/parallel.py took 0.106 seconds
[2024-07-05T12:44:46.130+0000] {processor.py:154} INFO - Started process (PID=643) to work on /opt/airflow/dags/parallel.py
[2024-07-05T12:44:46.132+0000] {processor.py:756} INFO - Processing file /opt/airflow/dags/parallel.py for tasks to queue
[2024-07-05T12:44:46.133+0000] {logging_mixin.py:120} INFO - [2024-07-05T12:44:46.132+0000] {dagbag.py:537} INFO - Filling up the DagBag from /opt/airflow/dags/parallel.py
[2024-07-05T12:44:46.155+0000] {processor.py:766} INFO - DAG(s) dict_keys(['parallel_dag']) retrieved from /opt/airflow/dags/parallel.py
[2024-07-05T12:44:46.189+0000] {logging_mixin.py:120} INFO - [2024-07-05T12:44:46.189+0000] {dag.py:2585} INFO - Sync 1 DAGs
[2024-07-05T12:44:46.211+0000] {logging_mixin.py:120} INFO - [2024-07-05T12:44:46.211+0000] {dag.py:3340} INFO - Setting next_dagrun for parallel_dag to 2024-07-05T00:00:00+00:00, run_after=2024-07-06T00:00:00+00:00
[2024-07-05T12:44:46.225+0000] {processor.py:176} INFO - Processing /opt/airflow/dags/parallel.py took 0.101 seconds
[2024-07-05T12:45:16.306+0000] {processor.py:154} INFO - Started process (PID=675) to work on /opt/airflow/dags/parallel.py
[2024-07-05T12:45:16.307+0000] {processor.py:756} INFO - Processing file /opt/airflow/dags/parallel.py for tasks to queue
[2024-07-05T12:45:16.308+0000] {logging_mixin.py:120} INFO - [2024-07-05T12:45:16.308+0000] {dagbag.py:537} INFO - Filling up the DagBag from /opt/airflow/dags/parallel.py
[2024-07-05T12:45:16.330+0000] {processor.py:766} INFO - DAG(s) dict_keys(['parallel_dag']) retrieved from /opt/airflow/dags/parallel.py
[2024-07-05T12:45:16.368+0000] {logging_mixin.py:120} INFO - [2024-07-05T12:45:16.368+0000] {dag.py:2585} INFO - Sync 1 DAGs
[2024-07-05T12:45:16.388+0000] {logging_mixin.py:120} INFO - [2024-07-05T12:45:16.388+0000] {dag.py:3340} INFO - Setting next_dagrun for parallel_dag to 2024-07-05T00:00:00+00:00, run_after=2024-07-06T00:00:00+00:00
[2024-07-05T12:45:16.403+0000] {processor.py:176} INFO - Processing /opt/airflow/dags/parallel.py took 0.102 seconds
[2024-07-05T12:45:46.724+0000] {processor.py:154} INFO - Started process (PID=698) to work on /opt/airflow/dags/parallel.py
[2024-07-05T12:45:46.726+0000] {processor.py:756} INFO - Processing file /opt/airflow/dags/parallel.py for tasks to queue
[2024-07-05T12:45:46.727+0000] {logging_mixin.py:120} INFO - [2024-07-05T12:45:46.727+0000] {dagbag.py:537} INFO - Filling up the DagBag from /opt/airflow/dags/parallel.py
[2024-07-05T12:45:46.751+0000] {processor.py:766} INFO - DAG(s) dict_keys(['parallel_dag']) retrieved from /opt/airflow/dags/parallel.py
[2024-07-05T12:45:46.787+0000] {logging_mixin.py:120} INFO - [2024-07-05T12:45:46.787+0000] {dag.py:2585} INFO - Sync 1 DAGs
[2024-07-05T12:45:46.810+0000] {logging_mixin.py:120} INFO - [2024-07-05T12:45:46.810+0000] {dag.py:3340} INFO - Setting next_dagrun for parallel_dag to 2024-07-05T00:00:00+00:00, run_after=2024-07-06T00:00:00+00:00
[2024-07-05T12:45:46.823+0000] {processor.py:176} INFO - Processing /opt/airflow/dags/parallel.py took 0.106 seconds
[2024-07-05T12:46:17.139+0000] {processor.py:154} INFO - Started process (PID=730) to work on /opt/airflow/dags/parallel.py
[2024-07-05T12:46:17.140+0000] {processor.py:756} INFO - Processing file /opt/airflow/dags/parallel.py for tasks to queue
[2024-07-05T12:46:17.140+0000] {logging_mixin.py:120} INFO - [2024-07-05T12:46:17.140+0000] {dagbag.py:537} INFO - Filling up the DagBag from /opt/airflow/dags/parallel.py
[2024-07-05T12:46:17.157+0000] {processor.py:766} INFO - DAG(s) dict_keys(['parallel_dag']) retrieved from /opt/airflow/dags/parallel.py
[2024-07-05T12:46:17.190+0000] {logging_mixin.py:120} INFO - [2024-07-05T12:46:17.189+0000] {dag.py:2585} INFO - Sync 1 DAGs
[2024-07-05T12:46:17.211+0000] {logging_mixin.py:120} INFO - [2024-07-05T12:46:17.211+0000] {dag.py:3340} INFO - Setting next_dagrun for parallel_dag to 2024-07-05T00:00:00+00:00, run_after=2024-07-06T00:00:00+00:00
[2024-07-05T12:46:17.224+0000] {processor.py:176} INFO - Processing /opt/airflow/dags/parallel.py took 0.089 seconds
[2024-07-05T12:46:47.525+0000] {processor.py:154} INFO - Started process (PID=762) to work on /opt/airflow/dags/parallel.py
[2024-07-05T12:46:47.526+0000] {processor.py:756} INFO - Processing file /opt/airflow/dags/parallel.py for tasks to queue
[2024-07-05T12:46:47.527+0000] {logging_mixin.py:120} INFO - [2024-07-05T12:46:47.527+0000] {dagbag.py:537} INFO - Filling up the DagBag from /opt/airflow/dags/parallel.py
[2024-07-05T12:46:47.551+0000] {processor.py:766} INFO - DAG(s) dict_keys(['parallel_dag']) retrieved from /opt/airflow/dags/parallel.py
[2024-07-05T12:46:47.598+0000] {logging_mixin.py:120} INFO - [2024-07-05T12:46:47.598+0000] {dag.py:2585} INFO - Sync 1 DAGs
[2024-07-05T12:46:47.622+0000] {logging_mixin.py:120} INFO - [2024-07-05T12:46:47.622+0000] {dag.py:3340} INFO - Setting next_dagrun for parallel_dag to 2024-07-05T00:00:00+00:00, run_after=2024-07-06T00:00:00+00:00
[2024-07-05T12:46:47.637+0000] {processor.py:176} INFO - Processing /opt/airflow/dags/parallel.py took 0.119 seconds
[2024-07-05T12:47:17.716+0000] {processor.py:154} INFO - Started process (PID=793) to work on /opt/airflow/dags/parallel.py
[2024-07-05T12:47:17.717+0000] {processor.py:756} INFO - Processing file /opt/airflow/dags/parallel.py for tasks to queue
[2024-07-05T12:47:17.719+0000] {logging_mixin.py:120} INFO - [2024-07-05T12:47:17.718+0000] {dagbag.py:537} INFO - Filling up the DagBag from /opt/airflow/dags/parallel.py
[2024-07-05T12:47:17.742+0000] {processor.py:766} INFO - DAG(s) dict_keys(['parallel_dag']) retrieved from /opt/airflow/dags/parallel.py
[2024-07-05T12:47:17.778+0000] {logging_mixin.py:120} INFO - [2024-07-05T12:47:17.778+0000] {dag.py:2585} INFO - Sync 1 DAGs
[2024-07-05T12:47:17.800+0000] {logging_mixin.py:120} INFO - [2024-07-05T12:47:17.800+0000] {dag.py:3340} INFO - Setting next_dagrun for parallel_dag to 2024-07-05T00:00:00+00:00, run_after=2024-07-06T00:00:00+00:00
[2024-07-05T12:47:17.814+0000] {processor.py:176} INFO - Processing /opt/airflow/dags/parallel.py took 0.105 seconds
[2024-07-05T12:47:48.085+0000] {processor.py:154} INFO - Started process (PID=816) to work on /opt/airflow/dags/parallel.py
[2024-07-05T12:47:48.086+0000] {processor.py:756} INFO - Processing file /opt/airflow/dags/parallel.py for tasks to queue
[2024-07-05T12:47:48.087+0000] {logging_mixin.py:120} INFO - [2024-07-05T12:47:48.087+0000] {dagbag.py:537} INFO - Filling up the DagBag from /opt/airflow/dags/parallel.py
[2024-07-05T12:47:48.111+0000] {processor.py:766} INFO - DAG(s) dict_keys(['parallel_dag']) retrieved from /opt/airflow/dags/parallel.py
[2024-07-05T12:47:48.149+0000] {logging_mixin.py:120} INFO - [2024-07-05T12:47:48.149+0000] {dag.py:2585} INFO - Sync 1 DAGs
[2024-07-05T12:47:48.174+0000] {logging_mixin.py:120} INFO - [2024-07-05T12:47:48.173+0000] {dag.py:3340} INFO - Setting next_dagrun for parallel_dag to 2024-07-05T00:00:00+00:00, run_after=2024-07-06T00:00:00+00:00
[2024-07-05T12:47:48.188+0000] {processor.py:176} INFO - Processing /opt/airflow/dags/parallel.py took 0.109 seconds
[2024-07-05T12:48:18.249+0000] {processor.py:154} INFO - Started process (PID=848) to work on /opt/airflow/dags/parallel.py
[2024-07-05T12:48:18.250+0000] {processor.py:756} INFO - Processing file /opt/airflow/dags/parallel.py for tasks to queue
[2024-07-05T12:48:18.251+0000] {logging_mixin.py:120} INFO - [2024-07-05T12:48:18.251+0000] {dagbag.py:537} INFO - Filling up the DagBag from /opt/airflow/dags/parallel.py
[2024-07-05T12:48:18.266+0000] {processor.py:766} INFO - DAG(s) dict_keys(['parallel_dag']) retrieved from /opt/airflow/dags/parallel.py
[2024-07-05T12:48:18.297+0000] {logging_mixin.py:120} INFO - [2024-07-05T12:48:18.297+0000] {dag.py:2585} INFO - Sync 1 DAGs
[2024-07-05T12:48:18.317+0000] {logging_mixin.py:120} INFO - [2024-07-05T12:48:18.317+0000] {dag.py:3340} INFO - Setting next_dagrun for parallel_dag to 2024-07-05T00:00:00+00:00, run_after=2024-07-06T00:00:00+00:00
[2024-07-05T12:48:18.332+0000] {processor.py:176} INFO - Processing /opt/airflow/dags/parallel.py took 0.104 seconds
[2024-07-05T12:48:48.690+0000] {processor.py:154} INFO - Started process (PID=878) to work on /opt/airflow/dags/parallel.py
[2024-07-05T12:48:48.693+0000] {processor.py:756} INFO - Processing file /opt/airflow/dags/parallel.py for tasks to queue
[2024-07-05T12:48:48.694+0000] {logging_mixin.py:120} INFO - [2024-07-05T12:48:48.694+0000] {dagbag.py:537} INFO - Filling up the DagBag from /opt/airflow/dags/parallel.py
[2024-07-05T12:48:48.718+0000] {processor.py:766} INFO - DAG(s) dict_keys(['parallel_dag']) retrieved from /opt/airflow/dags/parallel.py
[2024-07-05T12:48:48.757+0000] {logging_mixin.py:120} INFO - [2024-07-05T12:48:48.756+0000] {dag.py:2585} INFO - Sync 1 DAGs
[2024-07-05T12:48:48.780+0000] {logging_mixin.py:120} INFO - [2024-07-05T12:48:48.780+0000] {dag.py:3340} INFO - Setting next_dagrun for parallel_dag to 2024-07-05T00:00:00+00:00, run_after=2024-07-06T00:00:00+00:00
[2024-07-05T12:48:48.794+0000] {processor.py:176} INFO - Processing /opt/airflow/dags/parallel.py took 0.110 seconds
[2024-07-05T12:49:19.087+0000] {processor.py:154} INFO - Started process (PID=910) to work on /opt/airflow/dags/parallel.py
[2024-07-05T12:49:19.088+0000] {processor.py:756} INFO - Processing file /opt/airflow/dags/parallel.py for tasks to queue
[2024-07-05T12:49:19.089+0000] {logging_mixin.py:120} INFO - [2024-07-05T12:49:19.089+0000] {dagbag.py:537} INFO - Filling up the DagBag from /opt/airflow/dags/parallel.py
[2024-07-05T12:49:19.113+0000] {processor.py:766} INFO - DAG(s) dict_keys(['parallel_dag']) retrieved from /opt/airflow/dags/parallel.py
[2024-07-05T12:49:19.156+0000] {logging_mixin.py:120} INFO - [2024-07-05T12:49:19.156+0000] {dag.py:2585} INFO - Sync 1 DAGs
[2024-07-05T12:49:19.184+0000] {logging_mixin.py:120} INFO - [2024-07-05T12:49:19.184+0000] {dag.py:3340} INFO - Setting next_dagrun for parallel_dag to 2024-07-05T00:00:00+00:00, run_after=2024-07-06T00:00:00+00:00
[2024-07-05T12:49:19.211+0000] {processor.py:176} INFO - Processing /opt/airflow/dags/parallel.py took 0.128 seconds
[2024-07-05T12:49:49.497+0000] {processor.py:154} INFO - Started process (PID=932) to work on /opt/airflow/dags/parallel.py
[2024-07-05T12:49:49.498+0000] {processor.py:756} INFO - Processing file /opt/airflow/dags/parallel.py for tasks to queue
[2024-07-05T12:49:49.499+0000] {logging_mixin.py:120} INFO - [2024-07-05T12:49:49.499+0000] {dagbag.py:537} INFO - Filling up the DagBag from /opt/airflow/dags/parallel.py
[2024-07-05T12:49:49.523+0000] {processor.py:766} INFO - DAG(s) dict_keys(['parallel_dag']) retrieved from /opt/airflow/dags/parallel.py
[2024-07-05T12:49:49.566+0000] {logging_mixin.py:120} INFO - [2024-07-05T12:49:49.566+0000] {dag.py:2585} INFO - Sync 1 DAGs
[2024-07-05T12:49:49.591+0000] {logging_mixin.py:120} INFO - [2024-07-05T12:49:49.591+0000] {dag.py:3340} INFO - Setting next_dagrun for parallel_dag to 2024-07-05T00:00:00+00:00, run_after=2024-07-06T00:00:00+00:00
[2024-07-05T12:49:49.605+0000] {processor.py:176} INFO - Processing /opt/airflow/dags/parallel.py took 0.113 seconds
[2024-07-05T12:50:19.811+0000] {processor.py:154} INFO - Started process (PID=964) to work on /opt/airflow/dags/parallel.py
[2024-07-05T12:50:19.812+0000] {processor.py:756} INFO - Processing file /opt/airflow/dags/parallel.py for tasks to queue
[2024-07-05T12:50:19.813+0000] {logging_mixin.py:120} INFO - [2024-07-05T12:50:19.813+0000] {dagbag.py:537} INFO - Filling up the DagBag from /opt/airflow/dags/parallel.py
[2024-07-05T12:50:19.841+0000] {processor.py:766} INFO - DAG(s) dict_keys(['parallel_dag']) retrieved from /opt/airflow/dags/parallel.py
[2024-07-05T12:50:19.904+0000] {logging_mixin.py:120} INFO - [2024-07-05T12:50:19.904+0000] {dag.py:2585} INFO - Sync 1 DAGs
[2024-07-05T12:50:19.931+0000] {logging_mixin.py:120} INFO - [2024-07-05T12:50:19.931+0000] {dag.py:3340} INFO - Setting next_dagrun for parallel_dag to 2024-07-05T00:00:00+00:00, run_after=2024-07-06T00:00:00+00:00
[2024-07-05T12:50:19.949+0000] {processor.py:176} INFO - Processing /opt/airflow/dags/parallel.py took 0.143 seconds
[2024-07-05T12:50:50.211+0000] {processor.py:154} INFO - Started process (PID=996) to work on /opt/airflow/dags/parallel.py
[2024-07-05T12:50:50.214+0000] {processor.py:756} INFO - Processing file /opt/airflow/dags/parallel.py for tasks to queue
[2024-07-05T12:50:50.215+0000] {logging_mixin.py:120} INFO - [2024-07-05T12:50:50.215+0000] {dagbag.py:537} INFO - Filling up the DagBag from /opt/airflow/dags/parallel.py
[2024-07-05T12:50:50.241+0000] {processor.py:766} INFO - DAG(s) dict_keys(['parallel_dag']) retrieved from /opt/airflow/dags/parallel.py
[2024-07-05T12:50:50.276+0000] {logging_mixin.py:120} INFO - [2024-07-05T12:50:50.276+0000] {dag.py:2585} INFO - Sync 1 DAGs
[2024-07-05T12:50:50.297+0000] {logging_mixin.py:120} INFO - [2024-07-05T12:50:50.296+0000] {dag.py:3340} INFO - Setting next_dagrun for parallel_dag to 2024-07-05T00:00:00+00:00, run_after=2024-07-06T00:00:00+00:00
[2024-07-05T12:50:50.309+0000] {processor.py:176} INFO - Processing /opt/airflow/dags/parallel.py took 0.108 seconds
[2024-07-05T12:51:20.731+0000] {processor.py:154} INFO - Started process (PID=1019) to work on /opt/airflow/dags/parallel.py
[2024-07-05T12:51:20.733+0000] {processor.py:756} INFO - Processing file /opt/airflow/dags/parallel.py for tasks to queue
[2024-07-05T12:51:20.735+0000] {logging_mixin.py:120} INFO - [2024-07-05T12:51:20.735+0000] {dagbag.py:537} INFO - Filling up the DagBag from /opt/airflow/dags/parallel.py
[2024-07-05T12:51:20.775+0000] {processor.py:766} INFO - DAG(s) dict_keys(['parallel_dag']) retrieved from /opt/airflow/dags/parallel.py
[2024-07-05T12:51:20.835+0000] {logging_mixin.py:120} INFO - [2024-07-05T12:51:20.834+0000] {dag.py:2585} INFO - Sync 1 DAGs
[2024-07-05T12:51:20.868+0000] {logging_mixin.py:120} INFO - [2024-07-05T12:51:20.868+0000] {dag.py:3340} INFO - Setting next_dagrun for parallel_dag to 2024-07-05T00:00:00+00:00, run_after=2024-07-06T00:00:00+00:00
[2024-07-05T12:51:20.888+0000] {processor.py:176} INFO - Processing /opt/airflow/dags/parallel.py took 0.168 seconds
[2024-07-05T12:51:51.517+0000] {processor.py:154} INFO - Started process (PID=1051) to work on /opt/airflow/dags/parallel.py
[2024-07-05T12:51:51.519+0000] {processor.py:756} INFO - Processing file /opt/airflow/dags/parallel.py for tasks to queue
[2024-07-05T12:51:51.520+0000] {logging_mixin.py:120} INFO - [2024-07-05T12:51:51.520+0000] {dagbag.py:537} INFO - Filling up the DagBag from /opt/airflow/dags/parallel.py
[2024-07-05T12:51:51.550+0000] {processor.py:766} INFO - DAG(s) dict_keys(['parallel_dag']) retrieved from /opt/airflow/dags/parallel.py
[2024-07-05T12:51:51.834+0000] {logging_mixin.py:120} INFO - [2024-07-05T12:51:51.834+0000] {dag.py:2585} INFO - Sync 1 DAGs
[2024-07-05T12:51:51.883+0000] {logging_mixin.py:120} INFO - [2024-07-05T12:51:51.883+0000] {dag.py:3340} INFO - Setting next_dagrun for parallel_dag to 2024-07-05T00:00:00+00:00, run_after=2024-07-06T00:00:00+00:00
[2024-07-05T12:51:51.902+0000] {processor.py:176} INFO - Processing /opt/airflow/dags/parallel.py took 0.391 seconds
[2024-07-05T13:08:10.452+0000] {processor.py:154} INFO - Started process (PID=1054) to work on /opt/airflow/dags/parallel.py
[2024-07-05T13:08:10.455+0000] {processor.py:756} INFO - Processing file /opt/airflow/dags/parallel.py for tasks to queue
[2024-07-05T13:08:10.457+0000] {logging_mixin.py:120} INFO - [2024-07-05T13:08:10.457+0000] {dagbag.py:537} INFO - Filling up the DagBag from /opt/airflow/dags/parallel.py
[2024-07-05T13:08:10.516+0000] {processor.py:766} INFO - DAG(s) dict_keys(['parallel_dag']) retrieved from /opt/airflow/dags/parallel.py
[2024-07-05T13:08:10.625+0000] {logging_mixin.py:120} INFO - [2024-07-05T13:08:10.624+0000] {dag.py:2585} INFO - Sync 1 DAGs
[2024-07-05T13:08:10.686+0000] {logging_mixin.py:120} INFO - [2024-07-05T13:08:10.685+0000] {dag.py:3340} INFO - Setting next_dagrun for parallel_dag to 2024-07-05T00:00:00+00:00, run_after=2024-07-06T00:00:00+00:00
[2024-07-05T13:08:10.755+0000] {processor.py:176} INFO - Processing /opt/airflow/dags/parallel.py took 0.322 seconds
[2024-07-05T14:52:29.638+0000] {processor.py:154} INFO - Started process (PID=1088) to work on /opt/airflow/dags/parallel.py
[2024-07-05T14:52:29.640+0000] {processor.py:756} INFO - Processing file /opt/airflow/dags/parallel.py for tasks to queue
[2024-07-05T14:52:29.641+0000] {logging_mixin.py:120} INFO - [2024-07-05T14:52:29.641+0000] {dagbag.py:537} INFO - Filling up the DagBag from /opt/airflow/dags/parallel.py
[2024-07-05T14:52:29.669+0000] {processor.py:766} INFO - DAG(s) dict_keys(['parallel_dag']) retrieved from /opt/airflow/dags/parallel.py
[2024-07-05T14:52:29.710+0000] {logging_mixin.py:120} INFO - [2024-07-05T14:52:29.710+0000] {dag.py:2585} INFO - Sync 1 DAGs
[2024-07-05T14:52:29.736+0000] {logging_mixin.py:120} INFO - [2024-07-05T14:52:29.735+0000] {dag.py:3340} INFO - Setting next_dagrun for parallel_dag to 2024-07-05T00:00:00+00:00, run_after=2024-07-06T00:00:00+00:00
[2024-07-05T14:52:29.752+0000] {processor.py:176} INFO - Processing /opt/airflow/dags/parallel.py took 0.119 seconds
[2024-07-05T15:44:51.551+0000] {processor.py:154} INFO - Started process (PID=1111) to work on /opt/airflow/dags/parallel.py
[2024-07-05T15:44:51.561+0000] {processor.py:756} INFO - Processing file /opt/airflow/dags/parallel.py for tasks to queue
[2024-07-05T15:44:51.577+0000] {logging_mixin.py:120} INFO - [2024-07-05T15:44:51.576+0000] {dagbag.py:537} INFO - Filling up the DagBag from /opt/airflow/dags/parallel.py
[2024-07-05T15:44:51.721+0000] {processor.py:766} INFO - DAG(s) dict_keys(['parallel_dag']) retrieved from /opt/airflow/dags/parallel.py
[2024-07-05T15:44:51.887+0000] {logging_mixin.py:120} INFO - [2024-07-05T15:44:51.886+0000] {dag.py:2585} INFO - Sync 1 DAGs
[2024-07-05T15:44:51.968+0000] {logging_mixin.py:120} INFO - [2024-07-05T15:44:51.968+0000] {dag.py:3340} INFO - Setting next_dagrun for parallel_dag to 2024-07-05T00:00:00+00:00, run_after=2024-07-06T00:00:00+00:00
[2024-07-05T15:44:52.007+0000] {processor.py:176} INFO - Processing /opt/airflow/dags/parallel.py took 0.477 seconds
[2024-07-05T15:46:36.880+0000] {processor.py:154} INFO - Started process (PID=1143) to work on /opt/airflow/dags/parallel.py
[2024-07-05T15:46:36.881+0000] {processor.py:756} INFO - Processing file /opt/airflow/dags/parallel.py for tasks to queue
[2024-07-05T15:46:36.883+0000] {logging_mixin.py:120} INFO - [2024-07-05T15:46:36.883+0000] {dagbag.py:537} INFO - Filling up the DagBag from /opt/airflow/dags/parallel.py
[2024-07-05T15:46:36.929+0000] {processor.py:766} INFO - DAG(s) dict_keys(['parallel_dag']) retrieved from /opt/airflow/dags/parallel.py
[2024-07-05T15:46:37.015+0000] {logging_mixin.py:120} INFO - [2024-07-05T15:46:37.015+0000] {dag.py:2585} INFO - Sync 1 DAGs
[2024-07-05T15:46:37.067+0000] {logging_mixin.py:120} INFO - [2024-07-05T15:46:37.067+0000] {dag.py:3340} INFO - Setting next_dagrun for parallel_dag to 2024-07-05T00:00:00+00:00, run_after=2024-07-06T00:00:00+00:00
[2024-07-05T15:46:37.111+0000] {processor.py:176} INFO - Processing /opt/airflow/dags/parallel.py took 0.237 seconds
[2024-07-05T16:54:34.409+0000] {processor.py:154} INFO - Started process (PID=1175) to work on /opt/airflow/dags/parallel.py
[2024-07-05T16:54:34.410+0000] {processor.py:756} INFO - Processing file /opt/airflow/dags/parallel.py for tasks to queue
[2024-07-05T16:54:34.411+0000] {logging_mixin.py:120} INFO - [2024-07-05T16:54:34.411+0000] {dagbag.py:537} INFO - Filling up the DagBag from /opt/airflow/dags/parallel.py
[2024-07-05T16:54:34.435+0000] {processor.py:766} INFO - DAG(s) dict_keys(['parallel_dag']) retrieved from /opt/airflow/dags/parallel.py
[2024-07-05T16:54:34.485+0000] {logging_mixin.py:120} INFO - [2024-07-05T16:54:34.485+0000] {dag.py:2585} INFO - Sync 1 DAGs
[2024-07-05T16:54:34.516+0000] {logging_mixin.py:120} INFO - [2024-07-05T16:54:34.516+0000] {dag.py:3340} INFO - Setting next_dagrun for parallel_dag to 2024-07-05T00:00:00+00:00, run_after=2024-07-06T00:00:00+00:00
[2024-07-05T16:54:34.535+0000] {processor.py:176} INFO - Processing /opt/airflow/dags/parallel.py took 0.129 seconds
[2024-07-05T17:10:54.027+0000] {processor.py:154} INFO - Started process (PID=1198) to work on /opt/airflow/dags/parallel.py
[2024-07-05T17:10:54.028+0000] {processor.py:756} INFO - Processing file /opt/airflow/dags/parallel.py for tasks to queue
[2024-07-05T17:10:54.029+0000] {logging_mixin.py:120} INFO - [2024-07-05T17:10:54.029+0000] {dagbag.py:537} INFO - Filling up the DagBag from /opt/airflow/dags/parallel.py
[2024-07-05T17:10:54.076+0000] {processor.py:766} INFO - DAG(s) dict_keys(['parallel_dag']) retrieved from /opt/airflow/dags/parallel.py
[2024-07-05T17:10:54.123+0000] {logging_mixin.py:120} INFO - [2024-07-05T17:10:54.123+0000] {dag.py:2585} INFO - Sync 1 DAGs
[2024-07-05T17:10:54.147+0000] {logging_mixin.py:120} INFO - [2024-07-05T17:10:54.147+0000] {dag.py:3340} INFO - Setting next_dagrun for parallel_dag to 2024-07-05T00:00:00+00:00, run_after=2024-07-06T00:00:00+00:00
[2024-07-05T17:10:54.163+0000] {processor.py:176} INFO - Processing /opt/airflow/dags/parallel.py took 0.141 seconds
[2024-07-05T17:13:03.707+0000] {processor.py:154} INFO - Started process (PID=1229) to work on /opt/airflow/dags/parallel.py
[2024-07-05T17:13:03.708+0000] {processor.py:756} INFO - Processing file /opt/airflow/dags/parallel.py for tasks to queue
[2024-07-05T17:13:03.709+0000] {logging_mixin.py:120} INFO - [2024-07-05T17:13:03.709+0000] {dagbag.py:537} INFO - Filling up the DagBag from /opt/airflow/dags/parallel.py
[2024-07-05T17:13:03.733+0000] {processor.py:766} INFO - DAG(s) dict_keys(['parallel_dag']) retrieved from /opt/airflow/dags/parallel.py
[2024-07-05T17:13:03.781+0000] {logging_mixin.py:120} INFO - [2024-07-05T17:13:03.781+0000] {dag.py:2585} INFO - Sync 1 DAGs
[2024-07-05T17:13:03.806+0000] {logging_mixin.py:120} INFO - [2024-07-05T17:13:03.806+0000] {dag.py:3340} INFO - Setting next_dagrun for parallel_dag to 2024-07-05T00:00:00+00:00, run_after=2024-07-06T00:00:00+00:00
[2024-07-05T17:13:03.821+0000] {processor.py:176} INFO - Processing /opt/airflow/dags/parallel.py took 0.120 seconds
[2024-07-05T19:14:22.084+0000] {processor.py:154} INFO - Started process (PID=1261) to work on /opt/airflow/dags/parallel.py
[2024-07-05T19:14:22.086+0000] {processor.py:756} INFO - Processing file /opt/airflow/dags/parallel.py for tasks to queue
[2024-07-05T19:14:22.088+0000] {logging_mixin.py:120} INFO - [2024-07-05T19:14:22.087+0000] {dagbag.py:537} INFO - Filling up the DagBag from /opt/airflow/dags/parallel.py
[2024-07-05T19:14:22.136+0000] {processor.py:766} INFO - DAG(s) dict_keys(['parallel_dag']) retrieved from /opt/airflow/dags/parallel.py
[2024-07-05T19:14:22.218+0000] {logging_mixin.py:120} INFO - [2024-07-05T19:14:22.218+0000] {dag.py:2585} INFO - Sync 1 DAGs
[2024-07-05T19:14:22.267+0000] {logging_mixin.py:120} INFO - [2024-07-05T19:14:22.267+0000] {dag.py:3340} INFO - Setting next_dagrun for parallel_dag to 2024-07-05T00:00:00+00:00, run_after=2024-07-06T00:00:00+00:00
[2024-07-05T19:14:22.299+0000] {processor.py:176} INFO - Processing /opt/airflow/dags/parallel.py took 0.223 seconds
[2024-07-05T19:16:31.495+0000] {processor.py:154} INFO - Started process (PID=1284) to work on /opt/airflow/dags/parallel.py
[2024-07-05T19:16:31.497+0000] {processor.py:756} INFO - Processing file /opt/airflow/dags/parallel.py for tasks to queue
[2024-07-05T19:16:31.498+0000] {logging_mixin.py:120} INFO - [2024-07-05T19:16:31.498+0000] {dagbag.py:537} INFO - Filling up the DagBag from /opt/airflow/dags/parallel.py
[2024-07-05T19:16:31.538+0000] {processor.py:766} INFO - DAG(s) dict_keys(['parallel_dag']) retrieved from /opt/airflow/dags/parallel.py
[2024-07-05T19:16:31.598+0000] {logging_mixin.py:120} INFO - [2024-07-05T19:16:31.598+0000] {dag.py:2585} INFO - Sync 1 DAGs
[2024-07-05T19:16:31.626+0000] {logging_mixin.py:120} INFO - [2024-07-05T19:16:31.626+0000] {dag.py:3340} INFO - Setting next_dagrun for parallel_dag to 2024-07-05T00:00:00+00:00, run_after=2024-07-06T00:00:00+00:00
[2024-07-05T19:16:31.642+0000] {processor.py:176} INFO - Processing /opt/airflow/dags/parallel.py took 0.155 seconds
[2024-07-05T20:57:38.846+0000] {processor.py:154} INFO - Started process (PID=1316) to work on /opt/airflow/dags/parallel.py
[2024-07-05T20:57:38.852+0000] {processor.py:756} INFO - Processing file /opt/airflow/dags/parallel.py for tasks to queue
[2024-07-05T20:57:38.853+0000] {logging_mixin.py:120} INFO - [2024-07-05T20:57:38.853+0000] {dagbag.py:537} INFO - Filling up the DagBag from /opt/airflow/dags/parallel.py
[2024-07-05T20:57:38.880+0000] {processor.py:766} INFO - DAG(s) dict_keys(['parallel_dag']) retrieved from /opt/airflow/dags/parallel.py
[2024-07-05T20:57:38.921+0000] {logging_mixin.py:120} INFO - [2024-07-05T20:57:38.920+0000] {dag.py:2585} INFO - Sync 1 DAGs
[2024-07-05T20:57:38.959+0000] {logging_mixin.py:120} INFO - [2024-07-05T20:57:38.959+0000] {dag.py:3340} INFO - Setting next_dagrun for parallel_dag to 2024-07-05T00:00:00+00:00, run_after=2024-07-06T00:00:00+00:00
[2024-07-05T20:57:38.986+0000] {processor.py:176} INFO - Processing /opt/airflow/dags/parallel.py took 0.146 seconds
[2024-07-05T22:59:21.205+0000] {processor.py:154} INFO - Started process (PID=1348) to work on /opt/airflow/dags/parallel.py
[2024-07-05T22:59:21.210+0000] {processor.py:756} INFO - Processing file /opt/airflow/dags/parallel.py for tasks to queue
[2024-07-05T22:59:21.213+0000] {logging_mixin.py:120} INFO - [2024-07-05T22:59:21.212+0000] {dagbag.py:537} INFO - Filling up the DagBag from /opt/airflow/dags/parallel.py
[2024-07-05T22:59:21.282+0000] {processor.py:766} INFO - DAG(s) dict_keys(['parallel_dag']) retrieved from /opt/airflow/dags/parallel.py
[2024-07-05T22:59:21.411+0000] {logging_mixin.py:120} INFO - [2024-07-05T22:59:21.411+0000] {dag.py:2585} INFO - Sync 1 DAGs
[2024-07-05T22:59:21.497+0000] {logging_mixin.py:120} INFO - [2024-07-05T22:59:21.497+0000] {dag.py:3340} INFO - Setting next_dagrun for parallel_dag to 2024-07-05T00:00:00+00:00, run_after=2024-07-06T00:00:00+00:00
[2024-07-05T22:59:21.556+0000] {processor.py:176} INFO - Processing /opt/airflow/dags/parallel.py took 0.368 seconds
[2024-07-05T23:16:32.129+0000] {processor.py:154} INFO - Started process (PID=1371) to work on /opt/airflow/dags/parallel.py
[2024-07-05T23:16:32.146+0000] {processor.py:756} INFO - Processing file /opt/airflow/dags/parallel.py for tasks to queue
[2024-07-05T23:16:32.149+0000] {logging_mixin.py:120} INFO - [2024-07-05T23:16:32.148+0000] {dagbag.py:537} INFO - Filling up the DagBag from /opt/airflow/dags/parallel.py
[2024-07-05T23:16:32.248+0000] {processor.py:766} INFO - DAG(s) dict_keys(['parallel_dag']) retrieved from /opt/airflow/dags/parallel.py
[2024-07-05T23:16:32.361+0000] {logging_mixin.py:120} INFO - [2024-07-05T23:16:32.361+0000] {dag.py:2585} INFO - Sync 1 DAGs
[2024-07-05T23:16:32.420+0000] {logging_mixin.py:120} INFO - [2024-07-05T23:16:32.419+0000] {dag.py:3340} INFO - Setting next_dagrun for parallel_dag to 2024-07-05T00:00:00+00:00, run_after=2024-07-06T00:00:00+00:00
[2024-07-05T23:16:32.463+0000] {processor.py:176} INFO - Processing /opt/airflow/dags/parallel.py took 0.355 seconds
[2024-07-05T23:17:51.941+0000] {processor.py:154} INFO - Started process (PID=1403) to work on /opt/airflow/dags/parallel.py
[2024-07-05T23:17:51.942+0000] {processor.py:756} INFO - Processing file /opt/airflow/dags/parallel.py for tasks to queue
[2024-07-05T23:17:51.943+0000] {logging_mixin.py:120} INFO - [2024-07-05T23:17:51.943+0000] {dagbag.py:537} INFO - Filling up the DagBag from /opt/airflow/dags/parallel.py
[2024-07-05T23:17:51.970+0000] {processor.py:766} INFO - DAG(s) dict_keys(['parallel_dag']) retrieved from /opt/airflow/dags/parallel.py
[2024-07-05T23:17:52.029+0000] {logging_mixin.py:120} INFO - [2024-07-05T23:17:52.029+0000] {dag.py:2585} INFO - Sync 1 DAGs
[2024-07-05T23:17:52.063+0000] {logging_mixin.py:120} INFO - [2024-07-05T23:17:52.063+0000] {dag.py:3340} INFO - Setting next_dagrun for parallel_dag to 2024-07-05T00:00:00+00:00, run_after=2024-07-06T00:00:00+00:00
[2024-07-05T23:17:52.084+0000] {processor.py:176} INFO - Processing /opt/airflow/dags/parallel.py took 0.153 seconds
