[2024-07-06T00:47:50.033+0000] {taskinstance.py:1165} INFO - Dependencies all met for <TaskInstance: user_processing.is_api_available scheduled__2024-07-05T00:00:00+00:00 [queued]>
[2024-07-06T00:47:50.049+0000] {taskinstance.py:1165} INFO - Dependencies all met for <TaskInstance: user_processing.is_api_available scheduled__2024-07-05T00:00:00+00:00 [queued]>
[2024-07-06T00:47:50.050+0000] {taskinstance.py:1362} INFO - 
--------------------------------------------------------------------------------
[2024-07-06T00:47:50.050+0000] {taskinstance.py:1363} INFO - Starting attempt 1 of 1
[2024-07-06T00:47:50.050+0000] {taskinstance.py:1364} INFO - 
--------------------------------------------------------------------------------
[2024-07-06T00:47:50.076+0000] {taskinstance.py:1383} INFO - Executing <Task(HttpSensor): is_api_available> on 2024-07-05 00:00:00+00:00
[2024-07-06T00:47:50.086+0000] {standard_task_runner.py:55} INFO - Started process 1233 to run task
[2024-07-06T00:47:50.092+0000] {standard_task_runner.py:82} INFO - Running: ['***', 'tasks', 'run', 'user_processing', 'is_api_available', 'scheduled__2024-07-05T00:00:00+00:00', '--job-id', '97', '--raw', '--subdir', 'DAGS_FOLDER/user_processing.py', '--cfg-path', '/tmp/tmpqrzc40t_']
[2024-07-06T00:47:50.095+0000] {standard_task_runner.py:83} INFO - Job 97: Subtask is_api_available
[2024-07-06T00:47:50.292+0000] {task_command.py:376} INFO - Running <TaskInstance: user_processing.is_api_available scheduled__2024-07-05T00:00:00+00:00 [running]> on host 1d08768f7af2
[2024-07-06T00:47:50.414+0000] {taskinstance.py:1592} INFO - Exporting the following env vars:
AIRFLOW_CTX_DAG_OWNER=***
AIRFLOW_CTX_DAG_ID=user_processing
AIRFLOW_CTX_TASK_ID=is_api_available
AIRFLOW_CTX_EXECUTION_DATE=2024-07-05T00:00:00+00:00
AIRFLOW_CTX_TRY_NUMBER=1
AIRFLOW_CTX_DAG_RUN_ID=scheduled__2024-07-05T00:00:00+00:00
[2024-07-06T00:47:50.417+0000] {http.py:120} INFO - Poking: api/
[2024-07-06T00:47:50.433+0000] {base.py:71} INFO - Using connection ID 'user_api' for task execution.
[2024-07-06T00:47:50.437+0000] {http.py:148} INFO - Sending 'GET' to url: https://randomuser.me/api/
[2024-07-06T00:47:51.610+0000] {base.py:213} INFO - Success criteria met. Exiting.
[2024-07-06T00:47:51.629+0000] {taskinstance.py:1406} INFO - Marking task as SUCCESS. dag_id=user_processing, task_id=is_api_available, execution_date=20240705T000000, start_date=20240706T004750, end_date=20240706T004751
[2024-07-06T00:47:51.697+0000] {local_task_job.py:164} INFO - Task exited with return code 0
[2024-07-06T00:47:52.115+0000] {local_task_job.py:273} INFO - 1 downstream tasks scheduled from follow-on schedule check
