[2024-07-05T12:37:42.352+0000] {taskinstance.py:1165} INFO - Dependencies all met for <TaskInstance: parallel_dag.transform scheduled__2024-07-04T00:00:00+00:00 [queued]>
[2024-07-05T12:37:42.362+0000] {taskinstance.py:1165} INFO - Dependencies all met for <TaskInstance: parallel_dag.transform scheduled__2024-07-04T00:00:00+00:00 [queued]>
[2024-07-05T12:37:42.363+0000] {taskinstance.py:1362} INFO - 
--------------------------------------------------------------------------------
[2024-07-05T12:37:42.363+0000] {taskinstance.py:1363} INFO - Starting attempt 1 of 1
[2024-07-05T12:37:42.363+0000] {taskinstance.py:1364} INFO - 
--------------------------------------------------------------------------------
[2024-07-05T12:37:42.376+0000] {taskinstance.py:1383} INFO - Executing <Task(BashOperator): transform> on 2024-07-04 00:00:00+00:00
[2024-07-05T12:37:42.380+0000] {standard_task_runner.py:55} INFO - Started process 221 to run task
[2024-07-05T12:37:42.384+0000] {standard_task_runner.py:82} INFO - Running: ['***', 'tasks', 'run', 'parallel_dag', 'transform', 'scheduled__2024-07-04T00:00:00+00:00', '--job-id', '92', '--raw', '--subdir', 'DAGS_FOLDER/parallel.py', '--cfg-path', '/tmp/tmpzp_jojpf']
[2024-07-05T12:37:42.385+0000] {standard_task_runner.py:83} INFO - Job 92: Subtask transform
[2024-07-05T12:37:42.446+0000] {task_command.py:376} INFO - Running <TaskInstance: parallel_dag.transform scheduled__2024-07-04T00:00:00+00:00 [running]> on host 1d08768f7af2
[2024-07-05T12:37:42.502+0000] {taskinstance.py:1592} INFO - Exporting the following env vars:
AIRFLOW_CTX_DAG_OWNER=***
AIRFLOW_CTX_DAG_ID=parallel_dag
AIRFLOW_CTX_TASK_ID=transform
AIRFLOW_CTX_EXECUTION_DATE=2024-07-04T00:00:00+00:00
AIRFLOW_CTX_TRY_NUMBER=1
AIRFLOW_CTX_DAG_RUN_ID=scheduled__2024-07-04T00:00:00+00:00
[2024-07-05T12:37:42.503+0000] {subprocess.py:63} INFO - Tmp dir root location: 
 /tmp
[2024-07-05T12:37:42.505+0000] {subprocess.py:75} INFO - Running command: ['/bin/bash', '-c', 'sleep 10']
[2024-07-05T12:37:42.516+0000] {subprocess.py:86} INFO - Output:
[2024-07-05T12:37:52.520+0000] {subprocess.py:97} INFO - Command exited with return code 0
[2024-07-05T12:37:52.543+0000] {taskinstance.py:1406} INFO - Marking task as SUCCESS. dag_id=parallel_dag, task_id=transform, execution_date=20240704T000000, start_date=20240705T123742, end_date=20240705T123752
[2024-07-05T12:37:52.578+0000] {local_task_job.py:164} INFO - Task exited with return code 0
[2024-07-05T12:37:52.593+0000] {local_task_job.py:273} INFO - 0 downstream tasks scheduled from follow-on schedule check
