[2024-07-06T10:31:55.712+0000] {processor.py:154} INFO - Started process (PID=9697) to work on /opt/airflow/dags/subdags/subdag_downloads.py
[2024-07-06T10:31:55.714+0000] {processor.py:756} INFO - Processing file /opt/airflow/dags/subdags/subdag_downloads.py for tasks to queue
[2024-07-06T10:31:55.717+0000] {logging_mixin.py:120} INFO - [2024-07-06T10:31:55.716+0000] {dagbag.py:537} INFO - Filling up the DagBag from /opt/airflow/dags/subdags/subdag_downloads.py
[2024-07-06T10:31:55.723+0000] {logging_mixin.py:120} INFO - [2024-07-06T10:31:55.721+0000] {dagbag.py:342} ERROR - Failed to import: /opt/airflow/dags/subdags/subdag_downloads.py
Traceback (most recent call last):
  File "/home/airflow/.local/lib/python3.7/site-packages/airflow/models/dagbag.py", line 338, in parse
    loader.exec_module(new_module)
  File "<frozen importlib._bootstrap_external>", line 724, in exec_module
  File "<frozen importlib._bootstrap_external>", line 860, in get_code
  File "<frozen importlib._bootstrap_external>", line 791, in source_to_code
  File "<frozen importlib._bootstrap>", line 219, in _call_with_frames_removed
  File "/opt/airflow/dags/subdags/subdag_downloads.py", line 6
    with DAG(f"{parent_dag_id}.{child_dag_id}")
                                              ^
SyntaxError: invalid syntax
[2024-07-06T10:31:55.724+0000] {processor.py:768} WARNING - No viable dags retrieved from /opt/airflow/dags/subdags/subdag_downloads.py
[2024-07-06T10:31:55.755+0000] {processor.py:176} INFO - Processing /opt/airflow/dags/subdags/subdag_downloads.py took 0.050 seconds
[2024-07-06T10:31:58.788+0000] {processor.py:154} INFO - Started process (PID=9698) to work on /opt/airflow/dags/subdags/subdag_downloads.py
[2024-07-06T10:31:58.789+0000] {processor.py:756} INFO - Processing file /opt/airflow/dags/subdags/subdag_downloads.py for tasks to queue
[2024-07-06T10:31:58.791+0000] {logging_mixin.py:120} INFO - [2024-07-06T10:31:58.791+0000] {dagbag.py:537} INFO - Filling up the DagBag from /opt/airflow/dags/subdags/subdag_downloads.py
[2024-07-06T10:31:58.804+0000] {logging_mixin.py:120} INFO - [2024-07-06T10:31:58.802+0000] {dagbag.py:342} ERROR - Failed to import: /opt/airflow/dags/subdags/subdag_downloads.py
Traceback (most recent call last):
  File "/home/airflow/.local/lib/python3.7/site-packages/airflow/models/dagbag.py", line 338, in parse
    loader.exec_module(new_module)
  File "<frozen importlib._bootstrap_external>", line 724, in exec_module
  File "<frozen importlib._bootstrap_external>", line 860, in get_code
  File "<frozen importlib._bootstrap_external>", line 791, in source_to_code
  File "<frozen importlib._bootstrap>", line 219, in _call_with_frames_removed
  File "/opt/airflow/dags/subdags/subdag_downloads.py", line 6
    with DAG(f"{parent_dag_id}.{child_dag_id}"),
                                               ^
SyntaxError: invalid syntax
[2024-07-06T10:31:58.805+0000] {processor.py:768} WARNING - No viable dags retrieved from /opt/airflow/dags/subdags/subdag_downloads.py
[2024-07-06T10:31:58.835+0000] {processor.py:176} INFO - Processing /opt/airflow/dags/subdags/subdag_downloads.py took 0.055 seconds
[2024-07-06T10:32:09.970+0000] {processor.py:154} INFO - Started process (PID=9709) to work on /opt/airflow/dags/subdags/subdag_downloads.py
[2024-07-06T10:32:09.972+0000] {processor.py:756} INFO - Processing file /opt/airflow/dags/subdags/subdag_downloads.py for tasks to queue
[2024-07-06T10:32:09.974+0000] {logging_mixin.py:120} INFO - [2024-07-06T10:32:09.973+0000] {dagbag.py:537} INFO - Filling up the DagBag from /opt/airflow/dags/subdags/subdag_downloads.py
[2024-07-06T10:32:09.989+0000] {logging_mixin.py:120} INFO - [2024-07-06T10:32:09.988+0000] {dagbag.py:342} ERROR - Failed to import: /opt/airflow/dags/subdags/subdag_downloads.py
Traceback (most recent call last):
  File "/home/airflow/.local/lib/python3.7/site-packages/airflow/models/dagbag.py", line 338, in parse
    loader.exec_module(new_module)
  File "<frozen importlib._bootstrap_external>", line 724, in exec_module
  File "<frozen importlib._bootstrap_external>", line 860, in get_code
  File "<frozen importlib._bootstrap_external>", line 791, in source_to_code
  File "<frozen importlib._bootstrap>", line 219, in _call_with_frames_removed
  File "/opt/airflow/dags/subdags/subdag_downloads.py", line 8
    ),
     ^
SyntaxError: invalid syntax
[2024-07-06T10:32:09.990+0000] {processor.py:768} WARNING - No viable dags retrieved from /opt/airflow/dags/subdags/subdag_downloads.py
[2024-07-06T10:32:10.016+0000] {processor.py:176} INFO - Processing /opt/airflow/dags/subdags/subdag_downloads.py took 0.052 seconds
[2024-07-06T10:32:10.996+0000] {processor.py:154} INFO - Started process (PID=9710) to work on /opt/airflow/dags/subdags/subdag_downloads.py
[2024-07-06T10:32:10.997+0000] {processor.py:756} INFO - Processing file /opt/airflow/dags/subdags/subdag_downloads.py for tasks to queue
[2024-07-06T10:32:10.999+0000] {logging_mixin.py:120} INFO - [2024-07-06T10:32:10.998+0000] {dagbag.py:537} INFO - Filling up the DagBag from /opt/airflow/dags/subdags/subdag_downloads.py
[2024-07-06T10:32:11.012+0000] {logging_mixin.py:120} INFO - [2024-07-06T10:32:11.010+0000] {dagbag.py:342} ERROR - Failed to import: /opt/airflow/dags/subdags/subdag_downloads.py
Traceback (most recent call last):
  File "/home/airflow/.local/lib/python3.7/site-packages/airflow/models/dagbag.py", line 338, in parse
    loader.exec_module(new_module)
  File "<frozen importlib._bootstrap_external>", line 724, in exec_module
  File "<frozen importlib._bootstrap_external>", line 860, in get_code
  File "<frozen importlib._bootstrap_external>", line 791, in source_to_code
  File "<frozen importlib._bootstrap>", line 219, in _call_with_frames_removed
  File "/opt/airflow/dags/subdags/subdag_downloads.py", line 8
    ),
     ^
SyntaxError: invalid syntax
[2024-07-06T10:32:11.012+0000] {processor.py:768} WARNING - No viable dags retrieved from /opt/airflow/dags/subdags/subdag_downloads.py
[2024-07-06T10:32:11.037+0000] {processor.py:176} INFO - Processing /opt/airflow/dags/subdags/subdag_downloads.py took 0.048 seconds
[2024-07-06T10:32:21.161+0000] {processor.py:154} INFO - Started process (PID=9722) to work on /opt/airflow/dags/subdags/subdag_downloads.py
[2024-07-06T10:32:21.163+0000] {processor.py:756} INFO - Processing file /opt/airflow/dags/subdags/subdag_downloads.py for tasks to queue
[2024-07-06T10:32:21.164+0000] {logging_mixin.py:120} INFO - [2024-07-06T10:32:21.164+0000] {dagbag.py:537} INFO - Filling up the DagBag from /opt/airflow/dags/subdags/subdag_downloads.py
[2024-07-06T10:32:21.178+0000] {logging_mixin.py:120} INFO - [2024-07-06T10:32:21.175+0000] {dagbag.py:342} ERROR - Failed to import: /opt/airflow/dags/subdags/subdag_downloads.py
Traceback (most recent call last):
  File "/home/airflow/.local/lib/python3.7/site-packages/airflow/models/dagbag.py", line 338, in parse
    loader.exec_module(new_module)
  File "<frozen importlib._bootstrap_external>", line 724, in exec_module
  File "<frozen importlib._bootstrap_external>", line 860, in get_code
  File "<frozen importlib._bootstrap_external>", line 791, in source_to_code
  File "<frozen importlib._bootstrap>", line 219, in _call_with_frames_removed
  File "/opt/airflow/dags/subdags/subdag_downloads.py", line 7
    start
        ^
SyntaxError: invalid syntax
[2024-07-06T10:32:21.178+0000] {processor.py:768} WARNING - No viable dags retrieved from /opt/airflow/dags/subdags/subdag_downloads.py
[2024-07-06T10:32:21.202+0000] {processor.py:176} INFO - Processing /opt/airflow/dags/subdags/subdag_downloads.py took 0.046 seconds
[2024-07-06T10:32:23.205+0000] {processor.py:154} INFO - Started process (PID=9723) to work on /opt/airflow/dags/subdags/subdag_downloads.py
[2024-07-06T10:32:23.207+0000] {processor.py:756} INFO - Processing file /opt/airflow/dags/subdags/subdag_downloads.py for tasks to queue
[2024-07-06T10:32:23.208+0000] {logging_mixin.py:120} INFO - [2024-07-06T10:32:23.208+0000] {dagbag.py:537} INFO - Filling up the DagBag from /opt/airflow/dags/subdags/subdag_downloads.py
[2024-07-06T10:32:23.225+0000] {logging_mixin.py:120} INFO - [2024-07-06T10:32:23.223+0000] {dagbag.py:342} ERROR - Failed to import: /opt/airflow/dags/subdags/subdag_downloads.py
Traceback (most recent call last):
  File "/home/airflow/.local/lib/python3.7/site-packages/airflow/models/dagbag.py", line 338, in parse
    loader.exec_module(new_module)
  File "<frozen importlib._bootstrap_external>", line 724, in exec_module
  File "<frozen importlib._bootstrap_external>", line 860, in get_code
  File "<frozen importlib._bootstrap_external>", line 791, in source_to_code
  File "<frozen importlib._bootstrap>", line 219, in _call_with_frames_removed
  File "/opt/airflow/dags/subdags/subdag_downloads.py", line 7
    start_Date
             ^
SyntaxError: invalid syntax
[2024-07-06T10:32:23.226+0000] {processor.py:768} WARNING - No viable dags retrieved from /opt/airflow/dags/subdags/subdag_downloads.py
[2024-07-06T10:32:23.252+0000] {processor.py:176} INFO - Processing /opt/airflow/dags/subdags/subdag_downloads.py took 0.057 seconds
[2024-07-06T10:32:26.464+0000] {processor.py:154} INFO - Started process (PID=9736) to work on /opt/airflow/dags/subdags/subdag_downloads.py
[2024-07-06T10:32:26.466+0000] {processor.py:756} INFO - Processing file /opt/airflow/dags/subdags/subdag_downloads.py for tasks to queue
[2024-07-06T10:32:26.467+0000] {logging_mixin.py:120} INFO - [2024-07-06T10:32:26.467+0000] {dagbag.py:537} INFO - Filling up the DagBag from /opt/airflow/dags/subdags/subdag_downloads.py
[2024-07-06T10:32:26.482+0000] {logging_mixin.py:120} INFO - [2024-07-06T10:32:26.481+0000] {dagbag.py:342} ERROR - Failed to import: /opt/airflow/dags/subdags/subdag_downloads.py
Traceback (most recent call last):
  File "/home/airflow/.local/lib/python3.7/site-packages/airflow/models/dagbag.py", line 338, in parse
    loader.exec_module(new_module)
  File "<frozen importlib._bootstrap_external>", line 724, in exec_module
  File "<frozen importlib._bootstrap_external>", line 860, in get_code
  File "<frozen importlib._bootstrap_external>", line 791, in source_to_code
  File "<frozen importlib._bootstrap>", line 219, in _call_with_frames_removed
  File "/opt/airflow/dags/subdags/subdag_downloads.py", line 7
    start_Date=args.get('start_date'),
             ^
SyntaxError: invalid syntax
[2024-07-06T10:32:26.483+0000] {processor.py:768} WARNING - No viable dags retrieved from /opt/airflow/dags/subdags/subdag_downloads.py
[2024-07-06T10:32:26.506+0000] {processor.py:176} INFO - Processing /opt/airflow/dags/subdags/subdag_downloads.py took 0.047 seconds
[2024-07-06T10:32:29.487+0000] {processor.py:154} INFO - Started process (PID=9737) to work on /opt/airflow/dags/subdags/subdag_downloads.py
[2024-07-06T10:32:29.488+0000] {processor.py:756} INFO - Processing file /opt/airflow/dags/subdags/subdag_downloads.py for tasks to queue
[2024-07-06T10:32:29.489+0000] {logging_mixin.py:120} INFO - [2024-07-06T10:32:29.489+0000] {dagbag.py:537} INFO - Filling up the DagBag from /opt/airflow/dags/subdags/subdag_downloads.py
[2024-07-06T10:32:29.501+0000] {logging_mixin.py:120} INFO - [2024-07-06T10:32:29.499+0000] {dagbag.py:342} ERROR - Failed to import: /opt/airflow/dags/subdags/subdag_downloads.py
Traceback (most recent call last):
  File "/home/airflow/.local/lib/python3.7/site-packages/airflow/models/dagbag.py", line 338, in parse
    loader.exec_module(new_module)
  File "<frozen importlib._bootstrap_external>", line 724, in exec_module
  File "<frozen importlib._bootstrap_external>", line 860, in get_code
  File "<frozen importlib._bootstrap_external>", line 791, in source_to_code
  File "<frozen importlib._bootstrap>", line 219, in _call_with_frames_removed
  File "/opt/airflow/dags/subdags/subdag_downloads.py", line 7
    start_date=args.get('start_date'),
             ^
SyntaxError: invalid syntax
[2024-07-06T10:32:29.501+0000] {processor.py:768} WARNING - No viable dags retrieved from /opt/airflow/dags/subdags/subdag_downloads.py
[2024-07-06T10:32:29.526+0000] {processor.py:176} INFO - Processing /opt/airflow/dags/subdags/subdag_downloads.py took 0.044 seconds
[2024-07-06T10:32:36.641+0000] {processor.py:154} INFO - Started process (PID=9748) to work on /opt/airflow/dags/subdags/subdag_downloads.py
[2024-07-06T10:32:36.643+0000] {processor.py:756} INFO - Processing file /opt/airflow/dags/subdags/subdag_downloads.py for tasks to queue
[2024-07-06T10:32:36.644+0000] {logging_mixin.py:120} INFO - [2024-07-06T10:32:36.643+0000] {dagbag.py:537} INFO - Filling up the DagBag from /opt/airflow/dags/subdags/subdag_downloads.py
[2024-07-06T10:32:36.654+0000] {logging_mixin.py:120} INFO - [2024-07-06T10:32:36.653+0000] {dagbag.py:342} ERROR - Failed to import: /opt/airflow/dags/subdags/subdag_downloads.py
Traceback (most recent call last):
  File "/home/airflow/.local/lib/python3.7/site-packages/airflow/models/dagbag.py", line 338, in parse
    loader.exec_module(new_module)
  File "<frozen importlib._bootstrap_external>", line 724, in exec_module
  File "<frozen importlib._bootstrap_external>", line 860, in get_code
  File "<frozen importlib._bootstrap_external>", line 791, in source_to_code
  File "<frozen importlib._bootstrap>", line 219, in _call_with_frames_removed
  File "/opt/airflow/dags/subdags/subdag_downloads.py", line 7
    start_date=args('start_date'),
             ^
SyntaxError: invalid syntax
[2024-07-06T10:32:36.654+0000] {processor.py:768} WARNING - No viable dags retrieved from /opt/airflow/dags/subdags/subdag_downloads.py
[2024-07-06T10:32:36.681+0000] {processor.py:176} INFO - Processing /opt/airflow/dags/subdags/subdag_downloads.py took 0.045 seconds
[2024-07-06T10:32:38.679+0000] {processor.py:154} INFO - Started process (PID=9749) to work on /opt/airflow/dags/subdags/subdag_downloads.py
[2024-07-06T10:32:38.681+0000] {processor.py:756} INFO - Processing file /opt/airflow/dags/subdags/subdag_downloads.py for tasks to queue
[2024-07-06T10:32:38.682+0000] {logging_mixin.py:120} INFO - [2024-07-06T10:32:38.682+0000] {dagbag.py:537} INFO - Filling up the DagBag from /opt/airflow/dags/subdags/subdag_downloads.py
[2024-07-06T10:32:38.702+0000] {logging_mixin.py:120} INFO - [2024-07-06T10:32:38.700+0000] {dagbag.py:342} ERROR - Failed to import: /opt/airflow/dags/subdags/subdag_downloads.py
Traceback (most recent call last):
  File "/home/airflow/.local/lib/python3.7/site-packages/airflow/models/dagbag.py", line 338, in parse
    loader.exec_module(new_module)
  File "<frozen importlib._bootstrap_external>", line 724, in exec_module
  File "<frozen importlib._bootstrap_external>", line 860, in get_code
  File "<frozen importlib._bootstrap_external>", line 791, in source_to_code
  File "<frozen importlib._bootstrap>", line 219, in _call_with_frames_removed
  File "/opt/airflow/dags/subdags/subdag_downloads.py", line 7
    start_date=args[]'start_date'),
             ^
SyntaxError: invalid syntax
[2024-07-06T10:32:38.703+0000] {processor.py:768} WARNING - No viable dags retrieved from /opt/airflow/dags/subdags/subdag_downloads.py
[2024-07-06T10:32:38.730+0000] {processor.py:176} INFO - Processing /opt/airflow/dags/subdags/subdag_downloads.py took 0.058 seconds
[2024-07-06T10:32:40.740+0000] {processor.py:154} INFO - Started process (PID=9750) to work on /opt/airflow/dags/subdags/subdag_downloads.py
[2024-07-06T10:32:40.741+0000] {processor.py:756} INFO - Processing file /opt/airflow/dags/subdags/subdag_downloads.py for tasks to queue
[2024-07-06T10:32:40.742+0000] {logging_mixin.py:120} INFO - [2024-07-06T10:32:40.742+0000] {dagbag.py:537} INFO - Filling up the DagBag from /opt/airflow/dags/subdags/subdag_downloads.py
[2024-07-06T10:32:40.750+0000] {logging_mixin.py:120} INFO - [2024-07-06T10:32:40.750+0000] {dagbag.py:342} ERROR - Failed to import: /opt/airflow/dags/subdags/subdag_downloads.py
Traceback (most recent call last):
  File "/home/airflow/.local/lib/python3.7/site-packages/airflow/models/dagbag.py", line 338, in parse
    loader.exec_module(new_module)
  File "<frozen importlib._bootstrap_external>", line 724, in exec_module
  File "<frozen importlib._bootstrap_external>", line 860, in get_code
  File "<frozen importlib._bootstrap_external>", line 791, in source_to_code
  File "<frozen importlib._bootstrap>", line 219, in _call_with_frames_removed
  File "/opt/airflow/dags/subdags/subdag_downloads.py", line 7
    start_date=args[]'start_date'],
             ^
SyntaxError: invalid syntax
[2024-07-06T10:32:40.751+0000] {processor.py:768} WARNING - No viable dags retrieved from /opt/airflow/dags/subdags/subdag_downloads.py
[2024-07-06T10:32:40.774+0000] {processor.py:176} INFO - Processing /opt/airflow/dags/subdags/subdag_downloads.py took 0.039 seconds
[2024-07-06T10:32:44.833+0000] {processor.py:154} INFO - Started process (PID=9751) to work on /opt/airflow/dags/subdags/subdag_downloads.py
[2024-07-06T10:32:44.834+0000] {processor.py:756} INFO - Processing file /opt/airflow/dags/subdags/subdag_downloads.py for tasks to queue
[2024-07-06T10:32:44.835+0000] {logging_mixin.py:120} INFO - [2024-07-06T10:32:44.835+0000] {dagbag.py:537} INFO - Filling up the DagBag from /opt/airflow/dags/subdags/subdag_downloads.py
[2024-07-06T10:32:44.850+0000] {logging_mixin.py:120} INFO - [2024-07-06T10:32:44.849+0000] {dagbag.py:342} ERROR - Failed to import: /opt/airflow/dags/subdags/subdag_downloads.py
Traceback (most recent call last):
  File "/home/airflow/.local/lib/python3.7/site-packages/airflow/models/dagbag.py", line 338, in parse
    loader.exec_module(new_module)
  File "<frozen importlib._bootstrap_external>", line 724, in exec_module
  File "<frozen importlib._bootstrap_external>", line 860, in get_code
  File "<frozen importlib._bootstrap_external>", line 791, in source_to_code
  File "<frozen importlib._bootstrap>", line 219, in _call_with_frames_removed
  File "/opt/airflow/dags/subdags/subdag_downloads.py", line 7
    start_date=args[]'start_date'],
                    ^
SyntaxError: invalid syntax
[2024-07-06T10:32:44.851+0000] {processor.py:768} WARNING - No viable dags retrieved from /opt/airflow/dags/subdags/subdag_downloads.py
[2024-07-06T10:32:44.875+0000] {processor.py:176} INFO - Processing /opt/airflow/dags/subdags/subdag_downloads.py took 0.049 seconds
[2024-07-06T10:32:48.936+0000] {processor.py:154} INFO - Started process (PID=9763) to work on /opt/airflow/dags/subdags/subdag_downloads.py
[2024-07-06T10:32:48.938+0000] {processor.py:756} INFO - Processing file /opt/airflow/dags/subdags/subdag_downloads.py for tasks to queue
[2024-07-06T10:32:48.940+0000] {logging_mixin.py:120} INFO - [2024-07-06T10:32:48.940+0000] {dagbag.py:537} INFO - Filling up the DagBag from /opt/airflow/dags/subdags/subdag_downloads.py
[2024-07-06T10:32:48.954+0000] {logging_mixin.py:120} INFO - [2024-07-06T10:32:48.951+0000] {dagbag.py:342} ERROR - Failed to import: /opt/airflow/dags/subdags/subdag_downloads.py
Traceback (most recent call last):
  File "/home/airflow/.local/lib/python3.7/site-packages/airflow/models/dagbag.py", line 338, in parse
    loader.exec_module(new_module)
  File "<frozen importlib._bootstrap_external>", line 724, in exec_module
  File "<frozen importlib._bootstrap_external>", line 860, in get_code
  File "<frozen importlib._bootstrap_external>", line 791, in source_to_code
  File "<frozen importlib._bootstrap>", line 219, in _call_with_frames_removed
  File "/opt/airflow/dags/subdags/subdag_downloads.py", line 8
    start_date=args[]'start_date'],
                    ^
SyntaxError: invalid syntax
[2024-07-06T10:32:48.955+0000] {processor.py:768} WARNING - No viable dags retrieved from /opt/airflow/dags/subdags/subdag_downloads.py
[2024-07-06T10:32:48.977+0000] {processor.py:176} INFO - Processing /opt/airflow/dags/subdags/subdag_downloads.py took 0.048 seconds
[2024-07-06T10:32:51.959+0000] {processor.py:154} INFO - Started process (PID=9764) to work on /opt/airflow/dags/subdags/subdag_downloads.py
[2024-07-06T10:32:51.960+0000] {processor.py:756} INFO - Processing file /opt/airflow/dags/subdags/subdag_downloads.py for tasks to queue
[2024-07-06T10:32:51.961+0000] {logging_mixin.py:120} INFO - [2024-07-06T10:32:51.961+0000] {dagbag.py:537} INFO - Filling up the DagBag from /opt/airflow/dags/subdags/subdag_downloads.py
[2024-07-06T10:32:51.971+0000] {logging_mixin.py:120} INFO - [2024-07-06T10:32:51.970+0000] {dagbag.py:342} ERROR - Failed to import: /opt/airflow/dags/subdags/subdag_downloads.py
Traceback (most recent call last):
  File "/home/airflow/.local/lib/python3.7/site-packages/airflow/models/dagbag.py", line 338, in parse
    loader.exec_module(new_module)
  File "<frozen importlib._bootstrap_external>", line 724, in exec_module
  File "<frozen importlib._bootstrap_external>", line 860, in get_code
  File "<frozen importlib._bootstrap_external>", line 791, in source_to_code
  File "<frozen importlib._bootstrap>", line 219, in _call_with_frames_removed
  File "/opt/airflow/dags/subdags/subdag_downloads.py", line 8
    start_date=args[]'start_date'],
                    ^
SyntaxError: invalid syntax
[2024-07-06T10:32:51.971+0000] {processor.py:768} WARNING - No viable dags retrieved from /opt/airflow/dags/subdags/subdag_downloads.py
[2024-07-06T10:32:51.992+0000] {processor.py:176} INFO - Processing /opt/airflow/dags/subdags/subdag_downloads.py took 0.037 seconds
[2024-07-06T10:32:52.991+0000] {processor.py:154} INFO - Started process (PID=9765) to work on /opt/airflow/dags/subdags/subdag_downloads.py
[2024-07-06T10:32:52.993+0000] {processor.py:756} INFO - Processing file /opt/airflow/dags/subdags/subdag_downloads.py for tasks to queue
[2024-07-06T10:32:52.994+0000] {logging_mixin.py:120} INFO - [2024-07-06T10:32:52.994+0000] {dagbag.py:537} INFO - Filling up the DagBag from /opt/airflow/dags/subdags/subdag_downloads.py
[2024-07-06T10:32:53.008+0000] {logging_mixin.py:120} INFO - [2024-07-06T10:32:53.006+0000] {dagbag.py:342} ERROR - Failed to import: /opt/airflow/dags/subdags/subdag_downloads.py
Traceback (most recent call last):
  File "/home/airflow/.local/lib/python3.7/site-packages/airflow/models/dagbag.py", line 338, in parse
    loader.exec_module(new_module)
  File "<frozen importlib._bootstrap_external>", line 724, in exec_module
  File "<frozen importlib._bootstrap_external>", line 860, in get_code
  File "<frozen importlib._bootstrap_external>", line 791, in source_to_code
  File "<frozen importlib._bootstrap>", line 219, in _call_with_frames_removed
  File "/opt/airflow/dags/subdags/subdag_downloads.py", line 8
    start_date=args[]'start_date'],
                    ^
SyntaxError: invalid syntax
[2024-07-06T10:32:53.008+0000] {processor.py:768} WARNING - No viable dags retrieved from /opt/airflow/dags/subdags/subdag_downloads.py
[2024-07-06T10:32:53.027+0000] {processor.py:176} INFO - Processing /opt/airflow/dags/subdags/subdag_downloads.py took 0.042 seconds
[2024-07-06T10:32:58.205+0000] {processor.py:154} INFO - Started process (PID=9776) to work on /opt/airflow/dags/subdags/subdag_downloads.py
[2024-07-06T10:32:58.206+0000] {processor.py:756} INFO - Processing file /opt/airflow/dags/subdags/subdag_downloads.py for tasks to queue
[2024-07-06T10:32:58.207+0000] {logging_mixin.py:120} INFO - [2024-07-06T10:32:58.207+0000] {dagbag.py:537} INFO - Filling up the DagBag from /opt/airflow/dags/subdags/subdag_downloads.py
[2024-07-06T10:32:58.214+0000] {logging_mixin.py:120} INFO - [2024-07-06T10:32:58.213+0000] {dagbag.py:342} ERROR - Failed to import: /opt/airflow/dags/subdags/subdag_downloads.py
Traceback (most recent call last):
  File "/home/airflow/.local/lib/python3.7/site-packages/airflow/models/dagbag.py", line 338, in parse
    loader.exec_module(new_module)
  File "<frozen importlib._bootstrap_external>", line 724, in exec_module
  File "<frozen importlib._bootstrap_external>", line 860, in get_code
  File "<frozen importlib._bootstrap_external>", line 791, in source_to_code
  File "<frozen importlib._bootstrap>", line 219, in _call_with_frames_removed
  File "/opt/airflow/dags/subdags/subdag_downloads.py", line 8
    start_date=args[]'start_date'],
                    ^
SyntaxError: invalid syntax
[2024-07-06T10:32:58.215+0000] {processor.py:768} WARNING - No viable dags retrieved from /opt/airflow/dags/subdags/subdag_downloads.py
[2024-07-06T10:32:58.234+0000] {processor.py:176} INFO - Processing /opt/airflow/dags/subdags/subdag_downloads.py took 0.032 seconds
[2024-07-06T10:33:01.234+0000] {processor.py:154} INFO - Started process (PID=9779) to work on /opt/airflow/dags/subdags/subdag_downloads.py
[2024-07-06T10:33:01.235+0000] {processor.py:756} INFO - Processing file /opt/airflow/dags/subdags/subdag_downloads.py for tasks to queue
[2024-07-06T10:33:01.236+0000] {logging_mixin.py:120} INFO - [2024-07-06T10:33:01.236+0000] {dagbag.py:537} INFO - Filling up the DagBag from /opt/airflow/dags/subdags/subdag_downloads.py
[2024-07-06T10:33:01.247+0000] {logging_mixin.py:120} INFO - [2024-07-06T10:33:01.246+0000] {dagbag.py:342} ERROR - Failed to import: /opt/airflow/dags/subdags/subdag_downloads.py
Traceback (most recent call last):
  File "/home/airflow/.local/lib/python3.7/site-packages/airflow/models/dagbag.py", line 338, in parse
    loader.exec_module(new_module)
  File "<frozen importlib._bootstrap_external>", line 724, in exec_module
  File "<frozen importlib._bootstrap_external>", line 860, in get_code
  File "<frozen importlib._bootstrap_external>", line 791, in source_to_code
  File "<frozen importlib._bootstrap>", line 219, in _call_with_frames_removed
  File "/opt/airflow/dags/subdags/subdag_downloads.py", line 8
    start_date=args[]'start_date'],
                    ^
SyntaxError: invalid syntax
[2024-07-06T10:33:01.247+0000] {processor.py:768} WARNING - No viable dags retrieved from /opt/airflow/dags/subdags/subdag_downloads.py
[2024-07-06T10:33:01.266+0000] {processor.py:176} INFO - Processing /opt/airflow/dags/subdags/subdag_downloads.py took 0.036 seconds
[2024-07-06T10:33:06.339+0000] {processor.py:154} INFO - Started process (PID=9781) to work on /opt/airflow/dags/subdags/subdag_downloads.py
[2024-07-06T10:33:06.341+0000] {processor.py:756} INFO - Processing file /opt/airflow/dags/subdags/subdag_downloads.py for tasks to queue
[2024-07-06T10:33:06.342+0000] {logging_mixin.py:120} INFO - [2024-07-06T10:33:06.342+0000] {dagbag.py:537} INFO - Filling up the DagBag from /opt/airflow/dags/subdags/subdag_downloads.py
[2024-07-06T10:33:06.354+0000] {logging_mixin.py:120} INFO - [2024-07-06T10:33:06.353+0000] {dagbag.py:342} ERROR - Failed to import: /opt/airflow/dags/subdags/subdag_downloads.py
Traceback (most recent call last):
  File "/home/airflow/.local/lib/python3.7/site-packages/airflow/models/dagbag.py", line 338, in parse
    loader.exec_module(new_module)
  File "<frozen importlib._bootstrap_external>", line 724, in exec_module
  File "<frozen importlib._bootstrap_external>", line 860, in get_code
  File "<frozen importlib._bootstrap_external>", line 791, in source_to_code
  File "<frozen importlib._bootstrap>", line 219, in _call_with_frames_removed
  File "/opt/airflow/dags/subdags/subdag_downloads.py", line 10
    ),
     ^
SyntaxError: invalid syntax
[2024-07-06T10:33:06.354+0000] {processor.py:768} WARNING - No viable dags retrieved from /opt/airflow/dags/subdags/subdag_downloads.py
[2024-07-06T10:33:06.378+0000] {processor.py:176} INFO - Processing /opt/airflow/dags/subdags/subdag_downloads.py took 0.044 seconds
[2024-07-06T10:33:16.477+0000] {processor.py:154} INFO - Started process (PID=9791) to work on /opt/airflow/dags/subdags/subdag_downloads.py
[2024-07-06T10:33:16.479+0000] {processor.py:756} INFO - Processing file /opt/airflow/dags/subdags/subdag_downloads.py for tasks to queue
[2024-07-06T10:33:16.480+0000] {logging_mixin.py:120} INFO - [2024-07-06T10:33:16.479+0000] {dagbag.py:537} INFO - Filling up the DagBag from /opt/airflow/dags/subdags/subdag_downloads.py
[2024-07-06T10:33:16.491+0000] {logging_mixin.py:120} INFO - [2024-07-06T10:33:16.490+0000] {dagbag.py:342} ERROR - Failed to import: /opt/airflow/dags/subdags/subdag_downloads.py
Traceback (most recent call last):
  File "/home/airflow/.local/lib/python3.7/site-packages/airflow/models/dagbag.py", line 338, in parse
    loader.exec_module(new_module)
  File "<frozen importlib._bootstrap_external>", line 724, in exec_module
  File "<frozen importlib._bootstrap_external>", line 860, in get_code
  File "<frozen importlib._bootstrap_external>", line 791, in source_to_code
  File "<frozen importlib._bootstrap>", line 219, in _call_with_frames_removed
  File "/opt/airflow/dags/subdags/subdag_downloads.py", line 10
    ),
     ^
SyntaxError: invalid syntax
[2024-07-06T10:33:16.492+0000] {processor.py:768} WARNING - No viable dags retrieved from /opt/airflow/dags/subdags/subdag_downloads.py
[2024-07-06T10:33:16.516+0000] {processor.py:176} INFO - Processing /opt/airflow/dags/subdags/subdag_downloads.py took 0.044 seconds
[2024-07-06T10:33:19.570+0000] {processor.py:154} INFO - Started process (PID=9794) to work on /opt/airflow/dags/subdags/subdag_downloads.py
[2024-07-06T10:33:19.571+0000] {processor.py:756} INFO - Processing file /opt/airflow/dags/subdags/subdag_downloads.py for tasks to queue
[2024-07-06T10:33:19.572+0000] {logging_mixin.py:120} INFO - [2024-07-06T10:33:19.572+0000] {dagbag.py:537} INFO - Filling up the DagBag from /opt/airflow/dags/subdags/subdag_downloads.py
[2024-07-06T10:33:19.588+0000] {logging_mixin.py:120} INFO - [2024-07-06T10:33:19.586+0000] {dagbag.py:342} ERROR - Failed to import: /opt/airflow/dags/subdags/subdag_downloads.py
Traceback (most recent call last):
  File "/home/airflow/.local/lib/python3.7/site-packages/airflow/models/dagbag.py", line 338, in parse
    loader.exec_module(new_module)
  File "<frozen importlib._bootstrap_external>", line 724, in exec_module
  File "<frozen importlib._bootstrap_external>", line 860, in get_code
  File "<frozen importlib._bootstrap_external>", line 791, in source_to_code
  File "<frozen importlib._bootstrap>", line 219, in _call_with_frames_removed
  File "/opt/airflow/dags/subdags/subdag_downloads.py", line 10
    ),
     ^
SyntaxError: invalid syntax
[2024-07-06T10:33:19.588+0000] {processor.py:768} WARNING - No viable dags retrieved from /opt/airflow/dags/subdags/subdag_downloads.py
[2024-07-06T10:33:19.611+0000] {processor.py:176} INFO - Processing /opt/airflow/dags/subdags/subdag_downloads.py took 0.047 seconds
[2024-07-06T10:33:22.587+0000] {processor.py:154} INFO - Started process (PID=9804) to work on /opt/airflow/dags/subdags/subdag_downloads.py
[2024-07-06T10:33:22.588+0000] {processor.py:756} INFO - Processing file /opt/airflow/dags/subdags/subdag_downloads.py for tasks to queue
[2024-07-06T10:33:22.588+0000] {logging_mixin.py:120} INFO - [2024-07-06T10:33:22.588+0000] {dagbag.py:537} INFO - Filling up the DagBag from /opt/airflow/dags/subdags/subdag_downloads.py
[2024-07-06T10:33:22.600+0000] {logging_mixin.py:120} INFO - [2024-07-06T10:33:22.600+0000] {dagbag.py:342} ERROR - Failed to import: /opt/airflow/dags/subdags/subdag_downloads.py
Traceback (most recent call last):
  File "/home/airflow/.local/lib/python3.7/site-packages/airflow/models/dagbag.py", line 338, in parse
    loader.exec_module(new_module)
  File "<frozen importlib._bootstrap_external>", line 724, in exec_module
  File "<frozen importlib._bootstrap_external>", line 860, in get_code
  File "<frozen importlib._bootstrap_external>", line 791, in source_to_code
  File "<frozen importlib._bootstrap>", line 219, in _call_with_frames_removed
  File "/opt/airflow/dags/subdags/subdag_downloads.py", line 11
    ),
     ^
SyntaxError: invalid syntax
[2024-07-06T10:33:22.601+0000] {processor.py:768} WARNING - No viable dags retrieved from /opt/airflow/dags/subdags/subdag_downloads.py
[2024-07-06T10:33:22.620+0000] {processor.py:176} INFO - Processing /opt/airflow/dags/subdags/subdag_downloads.py took 0.037 seconds
[2024-07-06T10:33:28.820+0000] {processor.py:154} INFO - Started process (PID=9808) to work on /opt/airflow/dags/subdags/subdag_downloads.py
[2024-07-06T10:33:28.823+0000] {processor.py:756} INFO - Processing file /opt/airflow/dags/subdags/subdag_downloads.py for tasks to queue
[2024-07-06T10:33:28.824+0000] {logging_mixin.py:120} INFO - [2024-07-06T10:33:28.824+0000] {dagbag.py:537} INFO - Filling up the DagBag from /opt/airflow/dags/subdags/subdag_downloads.py
[2024-07-06T10:33:28.838+0000] {logging_mixin.py:120} INFO - [2024-07-06T10:33:28.837+0000] {dagbag.py:342} ERROR - Failed to import: /opt/airflow/dags/subdags/subdag_downloads.py
Traceback (most recent call last):
  File "/home/airflow/.local/lib/python3.7/site-packages/airflow/models/dagbag.py", line 338, in parse
    loader.exec_module(new_module)
  File "<frozen importlib._bootstrap_external>", line 724, in exec_module
  File "<frozen importlib._bootstrap_external>", line 860, in get_code
  File "<frozen importlib._bootstrap_external>", line 791, in source_to_code
  File "<frozen importlib._bootstrap>", line 219, in _call_with_frames_removed
  File "/opt/airflow/dags/subdags/subdag_downloads.py", line 11
    ),
     ^
SyntaxError: invalid syntax
[2024-07-06T10:33:28.840+0000] {processor.py:768} WARNING - No viable dags retrieved from /opt/airflow/dags/subdags/subdag_downloads.py
[2024-07-06T10:33:28.865+0000] {processor.py:176} INFO - Processing /opt/airflow/dags/subdags/subdag_downloads.py took 0.051 seconds
[2024-07-06T10:33:29.847+0000] {processor.py:154} INFO - Started process (PID=9809) to work on /opt/airflow/dags/subdags/subdag_downloads.py
[2024-07-06T10:33:29.848+0000] {processor.py:756} INFO - Processing file /opt/airflow/dags/subdags/subdag_downloads.py for tasks to queue
[2024-07-06T10:33:29.850+0000] {logging_mixin.py:120} INFO - [2024-07-06T10:33:29.850+0000] {dagbag.py:537} INFO - Filling up the DagBag from /opt/airflow/dags/subdags/subdag_downloads.py
[2024-07-06T10:33:29.866+0000] {logging_mixin.py:120} INFO - [2024-07-06T10:33:29.864+0000] {dagbag.py:342} ERROR - Failed to import: /opt/airflow/dags/subdags/subdag_downloads.py
Traceback (most recent call last):
  File "/home/airflow/.local/lib/python3.7/site-packages/airflow/models/dagbag.py", line 338, in parse
    loader.exec_module(new_module)
  File "<frozen importlib._bootstrap_external>", line 724, in exec_module
  File "<frozen importlib._bootstrap_external>", line 860, in get_code
  File "<frozen importlib._bootstrap_external>", line 791, in source_to_code
  File "<frozen importlib._bootstrap>", line 219, in _call_with_frames_removed
  File "/opt/airflow/dags/subdags/subdag_downloads.py", line 11
    ),
     ^
SyntaxError: invalid syntax
[2024-07-06T10:33:29.866+0000] {processor.py:768} WARNING - No viable dags retrieved from /opt/airflow/dags/subdags/subdag_downloads.py
[2024-07-06T10:33:29.895+0000] {processor.py:176} INFO - Processing /opt/airflow/dags/subdags/subdag_downloads.py took 0.055 seconds
[2024-07-06T10:33:32.962+0000] {processor.py:154} INFO - Started process (PID=9819) to work on /opt/airflow/dags/subdags/subdag_downloads.py
[2024-07-06T10:33:32.966+0000] {processor.py:756} INFO - Processing file /opt/airflow/dags/subdags/subdag_downloads.py for tasks to queue
[2024-07-06T10:33:32.971+0000] {logging_mixin.py:120} INFO - [2024-07-06T10:33:32.970+0000] {dagbag.py:537} INFO - Filling up the DagBag from /opt/airflow/dags/subdags/subdag_downloads.py
[2024-07-06T10:33:32.993+0000] {logging_mixin.py:120} INFO - [2024-07-06T10:33:32.992+0000] {dagbag.py:342} ERROR - Failed to import: /opt/airflow/dags/subdags/subdag_downloads.py
Traceback (most recent call last):
  File "/home/airflow/.local/lib/python3.7/site-packages/airflow/models/dagbag.py", line 338, in parse
    loader.exec_module(new_module)
  File "<frozen importlib._bootstrap_external>", line 724, in exec_module
  File "<frozen importlib._bootstrap_external>", line 860, in get_code
  File "<frozen importlib._bootstrap_external>", line 791, in source_to_code
  File "<frozen importlib._bootstrap>", line 219, in _call_with_frames_removed
  File "/opt/airflow/dags/subdags/subdag_downloads.py", line 11
    ),
     ^
SyntaxError: invalid syntax
[2024-07-06T10:33:32.994+0000] {processor.py:768} WARNING - No viable dags retrieved from /opt/airflow/dags/subdags/subdag_downloads.py
[2024-07-06T10:33:33.097+0000] {processor.py:176} INFO - Processing /opt/airflow/dags/subdags/subdag_downloads.py took 0.147 seconds
[2024-07-06T10:33:34.311+0000] {processor.py:154} INFO - Started process (PID=9821) to work on /opt/airflow/dags/subdags/subdag_downloads.py
[2024-07-06T10:33:34.323+0000] {processor.py:756} INFO - Processing file /opt/airflow/dags/subdags/subdag_downloads.py for tasks to queue
[2024-07-06T10:33:34.332+0000] {logging_mixin.py:120} INFO - [2024-07-06T10:33:34.331+0000] {dagbag.py:537} INFO - Filling up the DagBag from /opt/airflow/dags/subdags/subdag_downloads.py
[2024-07-06T10:33:34.414+0000] {logging_mixin.py:120} INFO - [2024-07-06T10:33:34.391+0000] {dagbag.py:342} ERROR - Failed to import: /opt/airflow/dags/subdags/subdag_downloads.py
Traceback (most recent call last):
  File "/home/airflow/.local/lib/python3.7/site-packages/airflow/models/dagbag.py", line 338, in parse
    loader.exec_module(new_module)
  File "<frozen importlib._bootstrap_external>", line 724, in exec_module
  File "<frozen importlib._bootstrap_external>", line 860, in get_code
  File "<frozen importlib._bootstrap_external>", line 791, in source_to_code
  File "<frozen importlib._bootstrap>", line 219, in _call_with_frames_removed
  File "/opt/airflow/dags/subdags/subdag_downloads.py", line 11
    ),
     ^
SyntaxError: invalid syntax
[2024-07-06T10:33:34.418+0000] {processor.py:768} WARNING - No viable dags retrieved from /opt/airflow/dags/subdags/subdag_downloads.py
[2024-07-06T10:33:34.536+0000] {processor.py:176} INFO - Processing /opt/airflow/dags/subdags/subdag_downloads.py took 0.242 seconds
[2024-07-06T10:33:39.482+0000] {processor.py:154} INFO - Started process (PID=9822) to work on /opt/airflow/dags/subdags/subdag_downloads.py
[2024-07-06T10:33:39.483+0000] {processor.py:756} INFO - Processing file /opt/airflow/dags/subdags/subdag_downloads.py for tasks to queue
[2024-07-06T10:33:39.484+0000] {logging_mixin.py:120} INFO - [2024-07-06T10:33:39.484+0000] {dagbag.py:537} INFO - Filling up the DagBag from /opt/airflow/dags/subdags/subdag_downloads.py
[2024-07-06T10:33:39.495+0000] {logging_mixin.py:120} INFO - [2024-07-06T10:33:39.493+0000] {dagbag.py:342} ERROR - Failed to import: /opt/airflow/dags/subdags/subdag_downloads.py
Traceback (most recent call last):
  File "/home/airflow/.local/lib/python3.7/site-packages/airflow/models/dagbag.py", line 338, in parse
    loader.exec_module(new_module)
  File "<frozen importlib._bootstrap_external>", line 724, in exec_module
  File "<frozen importlib._bootstrap_external>", line 860, in get_code
  File "<frozen importlib._bootstrap_external>", line 791, in source_to_code
  File "<frozen importlib._bootstrap>", line 219, in _call_with_frames_removed
  File "/opt/airflow/dags/subdags/subdag_downloads.py", line 11
    ),
     ^
SyntaxError: invalid syntax
[2024-07-06T10:33:39.495+0000] {processor.py:768} WARNING - No viable dags retrieved from /opt/airflow/dags/subdags/subdag_downloads.py
[2024-07-06T10:33:39.521+0000] {processor.py:176} INFO - Processing /opt/airflow/dags/subdags/subdag_downloads.py took 0.044 seconds
[2024-07-06T10:33:48.573+0000] {processor.py:154} INFO - Started process (PID=9832) to work on /opt/airflow/dags/subdags/subdag_downloads.py
[2024-07-06T10:33:48.574+0000] {processor.py:756} INFO - Processing file /opt/airflow/dags/subdags/subdag_downloads.py for tasks to queue
[2024-07-06T10:33:48.575+0000] {logging_mixin.py:120} INFO - [2024-07-06T10:33:48.575+0000] {dagbag.py:537} INFO - Filling up the DagBag from /opt/airflow/dags/subdags/subdag_downloads.py
[2024-07-06T10:33:48.585+0000] {logging_mixin.py:120} INFO - [2024-07-06T10:33:48.585+0000] {dagbag.py:342} ERROR - Failed to import: /opt/airflow/dags/subdags/subdag_downloads.py
Traceback (most recent call last):
  File "/home/airflow/.local/lib/python3.7/site-packages/airflow/models/dagbag.py", line 338, in parse
    loader.exec_module(new_module)
  File "<frozen importlib._bootstrap_external>", line 724, in exec_module
  File "<frozen importlib._bootstrap_external>", line 860, in get_code
  File "<frozen importlib._bootstrap_external>", line 791, in source_to_code
  File "<frozen importlib._bootstrap>", line 219, in _call_with_frames_removed
  File "/opt/airflow/dags/subdags/subdag_downloads.py", line 11
    ) as ,
         ^
SyntaxError: invalid syntax
[2024-07-06T10:33:48.586+0000] {processor.py:768} WARNING - No viable dags retrieved from /opt/airflow/dags/subdags/subdag_downloads.py
[2024-07-06T10:33:48.607+0000] {processor.py:176} INFO - Processing /opt/airflow/dags/subdags/subdag_downloads.py took 0.037 seconds
[2024-07-06T10:33:52.673+0000] {processor.py:154} INFO - Started process (PID=9835) to work on /opt/airflow/dags/subdags/subdag_downloads.py
[2024-07-06T10:33:52.674+0000] {processor.py:756} INFO - Processing file /opt/airflow/dags/subdags/subdag_downloads.py for tasks to queue
[2024-07-06T10:33:52.675+0000] {logging_mixin.py:120} INFO - [2024-07-06T10:33:52.675+0000] {dagbag.py:537} INFO - Filling up the DagBag from /opt/airflow/dags/subdags/subdag_downloads.py
[2024-07-06T10:33:52.690+0000] {logging_mixin.py:120} INFO - [2024-07-06T10:33:52.688+0000] {dagbag.py:342} ERROR - Failed to import: /opt/airflow/dags/subdags/subdag_downloads.py
Traceback (most recent call last):
  File "/home/airflow/.local/lib/python3.7/site-packages/airflow/models/dagbag.py", line 338, in parse
    loader.exec_module(new_module)
  File "<frozen importlib._bootstrap_external>", line 724, in exec_module
  File "<frozen importlib._bootstrap_external>", line 860, in get_code
  File "<frozen importlib._bootstrap_external>", line 791, in source_to_code
  File "<frozen importlib._bootstrap>", line 219, in _call_with_frames_removed
  File "/opt/airflow/dags/subdags/subdag_downloads.py", line 11
    ) as DAG,
            ^
SyntaxError: invalid syntax
[2024-07-06T10:33:52.690+0000] {processor.py:768} WARNING - No viable dags retrieved from /opt/airflow/dags/subdags/subdag_downloads.py
[2024-07-06T10:33:52.716+0000] {processor.py:176} INFO - Processing /opt/airflow/dags/subdags/subdag_downloads.py took 0.050 seconds
[2024-07-06T10:34:22.926+0000] {processor.py:154} INFO - Started process (PID=9869) to work on /opt/airflow/dags/subdags/subdag_downloads.py
[2024-07-06T10:34:22.927+0000] {processor.py:756} INFO - Processing file /opt/airflow/dags/subdags/subdag_downloads.py for tasks to queue
[2024-07-06T10:34:22.928+0000] {logging_mixin.py:120} INFO - [2024-07-06T10:34:22.928+0000] {dagbag.py:537} INFO - Filling up the DagBag from /opt/airflow/dags/subdags/subdag_downloads.py
[2024-07-06T10:34:22.932+0000] {logging_mixin.py:120} INFO - [2024-07-06T10:34:22.931+0000] {dagbag.py:342} ERROR - Failed to import: /opt/airflow/dags/subdags/subdag_downloads.py
Traceback (most recent call last):
  File "/home/airflow/.local/lib/python3.7/site-packages/airflow/models/dagbag.py", line 338, in parse
    loader.exec_module(new_module)
  File "<frozen importlib._bootstrap_external>", line 724, in exec_module
  File "<frozen importlib._bootstrap_external>", line 860, in get_code
  File "<frozen importlib._bootstrap_external>", line 791, in source_to_code
  File "<frozen importlib._bootstrap>", line 219, in _call_with_frames_removed
  File "/opt/airflow/dags/subdags/subdag_downloads.py", line 11
    ) as DAG,
            ^
SyntaxError: invalid syntax
[2024-07-06T10:34:22.932+0000] {processor.py:768} WARNING - No viable dags retrieved from /opt/airflow/dags/subdags/subdag_downloads.py
[2024-07-06T10:34:22.951+0000] {processor.py:176} INFO - Processing /opt/airflow/dags/subdags/subdag_downloads.py took 0.029 seconds
[2024-07-06T10:34:42.392+0000] {processor.py:154} INFO - Started process (PID=9892) to work on /opt/airflow/dags/subdags/subdag_downloads.py
[2024-07-06T10:34:42.395+0000] {processor.py:756} INFO - Processing file /opt/airflow/dags/subdags/subdag_downloads.py for tasks to queue
[2024-07-06T10:34:42.396+0000] {logging_mixin.py:120} INFO - [2024-07-06T10:34:42.396+0000] {dagbag.py:537} INFO - Filling up the DagBag from /opt/airflow/dags/subdags/subdag_downloads.py
[2024-07-06T10:34:42.410+0000] {logging_mixin.py:120} INFO - [2024-07-06T10:34:42.408+0000] {dagbag.py:342} ERROR - Failed to import: /opt/airflow/dags/subdags/subdag_downloads.py
Traceback (most recent call last):
  File "/home/airflow/.local/lib/python3.7/site-packages/airflow/models/dagbag.py", line 338, in parse
    loader.exec_module(new_module)
  File "<frozen importlib._bootstrap_external>", line 724, in exec_module
  File "<frozen importlib._bootstrap_external>", line 860, in get_code
  File "<frozen importlib._bootstrap_external>", line 791, in source_to_code
  File "<frozen importlib._bootstrap>", line 219, in _call_with_frames_removed
  File "/opt/airflow/dags/subdags/subdag_downloads.py", line 11
    ) as DAG
           ^
SyntaxError: invalid syntax
[2024-07-06T10:34:42.411+0000] {processor.py:768} WARNING - No viable dags retrieved from /opt/airflow/dags/subdags/subdag_downloads.py
[2024-07-06T10:34:42.450+0000] {processor.py:176} INFO - Processing /opt/airflow/dags/subdags/subdag_downloads.py took 0.070 seconds
[2024-07-06T10:34:53.606+0000] {processor.py:154} INFO - Started process (PID=9904) to work on /opt/airflow/dags/subdags/subdag_downloads.py
[2024-07-06T10:34:53.608+0000] {processor.py:756} INFO - Processing file /opt/airflow/dags/subdags/subdag_downloads.py for tasks to queue
[2024-07-06T10:34:53.609+0000] {logging_mixin.py:120} INFO - [2024-07-06T10:34:53.609+0000] {dagbag.py:537} INFO - Filling up the DagBag from /opt/airflow/dags/subdags/subdag_downloads.py
[2024-07-06T10:34:53.624+0000] {logging_mixin.py:120} INFO - [2024-07-06T10:34:53.623+0000] {dagbag.py:342} ERROR - Failed to import: /opt/airflow/dags/subdags/subdag_downloads.py
Traceback (most recent call last):
  File "/home/airflow/.local/lib/python3.7/site-packages/airflow/models/dagbag.py", line 338, in parse
    loader.exec_module(new_module)
  File "<frozen importlib._bootstrap_external>", line 724, in exec_module
  File "<frozen importlib._bootstrap_external>", line 860, in get_code
  File "<frozen importlib._bootstrap_external>", line 791, in source_to_code
  File "<frozen importlib._bootstrap>", line 219, in _call_with_frames_removed
  File "/opt/airflow/dags/subdags/subdag_downloads.py", line 11
    ) as dag
           ^
SyntaxError: invalid syntax
[2024-07-06T10:34:53.625+0000] {processor.py:768} WARNING - No viable dags retrieved from /opt/airflow/dags/subdags/subdag_downloads.py
[2024-07-06T10:34:53.654+0000] {processor.py:176} INFO - Processing /opt/airflow/dags/subdags/subdag_downloads.py took 0.053 seconds
[2024-07-06T10:34:57.643+0000] {processor.py:154} INFO - Started process (PID=9905) to work on /opt/airflow/dags/subdags/subdag_downloads.py
[2024-07-06T10:34:57.644+0000] {processor.py:756} INFO - Processing file /opt/airflow/dags/subdags/subdag_downloads.py for tasks to queue
[2024-07-06T10:34:57.645+0000] {logging_mixin.py:120} INFO - [2024-07-06T10:34:57.645+0000] {dagbag.py:537} INFO - Filling up the DagBag from /opt/airflow/dags/subdags/subdag_downloads.py
[2024-07-06T10:34:57.679+0000] {processor.py:768} WARNING - No viable dags retrieved from /opt/airflow/dags/subdags/subdag_downloads.py
[2024-07-06T10:34:57.696+0000] {processor.py:176} INFO - Processing /opt/airflow/dags/subdags/subdag_downloads.py took 0.058 seconds
[2024-07-06T10:35:28.179+0000] {processor.py:154} INFO - Started process (PID=9939) to work on /opt/airflow/dags/subdags/subdag_downloads.py
[2024-07-06T10:35:28.181+0000] {processor.py:756} INFO - Processing file /opt/airflow/dags/subdags/subdag_downloads.py for tasks to queue
[2024-07-06T10:35:28.182+0000] {logging_mixin.py:120} INFO - [2024-07-06T10:35:28.182+0000] {dagbag.py:537} INFO - Filling up the DagBag from /opt/airflow/dags/subdags/subdag_downloads.py
[2024-07-06T10:35:28.200+0000] {processor.py:768} WARNING - No viable dags retrieved from /opt/airflow/dags/subdags/subdag_downloads.py
[2024-07-06T10:35:28.218+0000] {processor.py:176} INFO - Processing /opt/airflow/dags/subdags/subdag_downloads.py took 0.046 seconds
[2024-07-06T10:35:58.793+0000] {processor.py:154} INFO - Started process (PID=9968) to work on /opt/airflow/dags/subdags/subdag_downloads.py
[2024-07-06T10:35:58.796+0000] {processor.py:756} INFO - Processing file /opt/airflow/dags/subdags/subdag_downloads.py for tasks to queue
[2024-07-06T10:35:58.797+0000] {logging_mixin.py:120} INFO - [2024-07-06T10:35:58.797+0000] {dagbag.py:537} INFO - Filling up the DagBag from /opt/airflow/dags/subdags/subdag_downloads.py
[2024-07-06T10:35:58.807+0000] {processor.py:768} WARNING - No viable dags retrieved from /opt/airflow/dags/subdags/subdag_downloads.py
[2024-07-06T10:35:58.822+0000] {processor.py:176} INFO - Processing /opt/airflow/dags/subdags/subdag_downloads.py took 0.043 seconds
[2024-07-06T10:36:29.241+0000] {processor.py:154} INFO - Started process (PID=10006) to work on /opt/airflow/dags/subdags/subdag_downloads.py
[2024-07-06T10:36:29.242+0000] {processor.py:756} INFO - Processing file /opt/airflow/dags/subdags/subdag_downloads.py for tasks to queue
[2024-07-06T10:36:29.243+0000] {logging_mixin.py:120} INFO - [2024-07-06T10:36:29.243+0000] {dagbag.py:537} INFO - Filling up the DagBag from /opt/airflow/dags/subdags/subdag_downloads.py
[2024-07-06T10:36:29.249+0000] {processor.py:768} WARNING - No viable dags retrieved from /opt/airflow/dags/subdags/subdag_downloads.py
[2024-07-06T10:36:29.263+0000] {processor.py:176} INFO - Processing /opt/airflow/dags/subdags/subdag_downloads.py took 0.025 seconds
[2024-07-06T10:36:59.315+0000] {processor.py:154} INFO - Started process (PID=10048) to work on /opt/airflow/dags/subdags/subdag_downloads.py
[2024-07-06T10:36:59.317+0000] {processor.py:756} INFO - Processing file /opt/airflow/dags/subdags/subdag_downloads.py for tasks to queue
[2024-07-06T10:36:59.318+0000] {logging_mixin.py:120} INFO - [2024-07-06T10:36:59.318+0000] {dagbag.py:537} INFO - Filling up the DagBag from /opt/airflow/dags/subdags/subdag_downloads.py
[2024-07-06T10:36:59.329+0000] {processor.py:768} WARNING - No viable dags retrieved from /opt/airflow/dags/subdags/subdag_downloads.py
[2024-07-06T10:36:59.344+0000] {processor.py:176} INFO - Processing /opt/airflow/dags/subdags/subdag_downloads.py took 0.037 seconds
[2024-07-06T10:37:29.841+0000] {processor.py:154} INFO - Started process (PID=10074) to work on /opt/airflow/dags/subdags/subdag_downloads.py
[2024-07-06T10:37:29.842+0000] {processor.py:756} INFO - Processing file /opt/airflow/dags/subdags/subdag_downloads.py for tasks to queue
[2024-07-06T10:37:29.843+0000] {logging_mixin.py:120} INFO - [2024-07-06T10:37:29.843+0000] {dagbag.py:537} INFO - Filling up the DagBag from /opt/airflow/dags/subdags/subdag_downloads.py
[2024-07-06T10:37:29.849+0000] {processor.py:768} WARNING - No viable dags retrieved from /opt/airflow/dags/subdags/subdag_downloads.py
[2024-07-06T10:37:29.861+0000] {processor.py:176} INFO - Processing /opt/airflow/dags/subdags/subdag_downloads.py took 0.024 seconds
[2024-07-06T10:38:00.552+0000] {processor.py:154} INFO - Started process (PID=10108) to work on /opt/airflow/dags/subdags/subdag_downloads.py
[2024-07-06T10:38:00.553+0000] {processor.py:756} INFO - Processing file /opt/airflow/dags/subdags/subdag_downloads.py for tasks to queue
[2024-07-06T10:38:00.555+0000] {logging_mixin.py:120} INFO - [2024-07-06T10:38:00.554+0000] {dagbag.py:537} INFO - Filling up the DagBag from /opt/airflow/dags/subdags/subdag_downloads.py
[2024-07-06T10:38:00.563+0000] {processor.py:768} WARNING - No viable dags retrieved from /opt/airflow/dags/subdags/subdag_downloads.py
[2024-07-06T10:38:00.580+0000] {processor.py:176} INFO - Processing /opt/airflow/dags/subdags/subdag_downloads.py took 0.034 seconds
[2024-07-06T10:38:30.964+0000] {processor.py:154} INFO - Started process (PID=10145) to work on /opt/airflow/dags/subdags/subdag_downloads.py
[2024-07-06T10:38:30.966+0000] {processor.py:756} INFO - Processing file /opt/airflow/dags/subdags/subdag_downloads.py for tasks to queue
[2024-07-06T10:38:30.967+0000] {logging_mixin.py:120} INFO - [2024-07-06T10:38:30.967+0000] {dagbag.py:537} INFO - Filling up the DagBag from /opt/airflow/dags/subdags/subdag_downloads.py
[2024-07-06T10:38:30.979+0000] {processor.py:768} WARNING - No viable dags retrieved from /opt/airflow/dags/subdags/subdag_downloads.py
[2024-07-06T10:38:30.998+0000] {processor.py:176} INFO - Processing /opt/airflow/dags/subdags/subdag_downloads.py took 0.041 seconds
[2024-07-06T10:39:01.689+0000] {processor.py:154} INFO - Started process (PID=10177) to work on /opt/airflow/dags/subdags/subdag_downloads.py
[2024-07-06T10:39:01.691+0000] {processor.py:756} INFO - Processing file /opt/airflow/dags/subdags/subdag_downloads.py for tasks to queue
[2024-07-06T10:39:01.692+0000] {logging_mixin.py:120} INFO - [2024-07-06T10:39:01.691+0000] {dagbag.py:537} INFO - Filling up the DagBag from /opt/airflow/dags/subdags/subdag_downloads.py
[2024-07-06T10:39:01.701+0000] {processor.py:768} WARNING - No viable dags retrieved from /opt/airflow/dags/subdags/subdag_downloads.py
[2024-07-06T10:39:01.724+0000] {processor.py:176} INFO - Processing /opt/airflow/dags/subdags/subdag_downloads.py took 0.038 seconds
[2024-07-06T10:39:32.621+0000] {processor.py:154} INFO - Started process (PID=10214) to work on /opt/airflow/dags/subdags/subdag_downloads.py
[2024-07-06T10:39:32.623+0000] {processor.py:756} INFO - Processing file /opt/airflow/dags/subdags/subdag_downloads.py for tasks to queue
[2024-07-06T10:39:32.624+0000] {logging_mixin.py:120} INFO - [2024-07-06T10:39:32.624+0000] {dagbag.py:537} INFO - Filling up the DagBag from /opt/airflow/dags/subdags/subdag_downloads.py
[2024-07-06T10:39:32.638+0000] {processor.py:768} WARNING - No viable dags retrieved from /opt/airflow/dags/subdags/subdag_downloads.py
[2024-07-06T10:39:32.657+0000] {processor.py:176} INFO - Processing /opt/airflow/dags/subdags/subdag_downloads.py took 0.042 seconds
[2024-07-06T10:40:03.329+0000] {processor.py:154} INFO - Started process (PID=10252) to work on /opt/airflow/dags/subdags/subdag_downloads.py
[2024-07-06T10:40:03.330+0000] {processor.py:756} INFO - Processing file /opt/airflow/dags/subdags/subdag_downloads.py for tasks to queue
[2024-07-06T10:40:03.331+0000] {logging_mixin.py:120} INFO - [2024-07-06T10:40:03.331+0000] {dagbag.py:537} INFO - Filling up the DagBag from /opt/airflow/dags/subdags/subdag_downloads.py
[2024-07-06T10:40:03.341+0000] {processor.py:768} WARNING - No viable dags retrieved from /opt/airflow/dags/subdags/subdag_downloads.py
[2024-07-06T10:40:03.362+0000] {processor.py:176} INFO - Processing /opt/airflow/dags/subdags/subdag_downloads.py took 0.039 seconds
[2024-07-06T10:40:33.811+0000] {processor.py:154} INFO - Started process (PID=10277) to work on /opt/airflow/dags/subdags/subdag_downloads.py
[2024-07-06T10:40:33.813+0000] {processor.py:756} INFO - Processing file /opt/airflow/dags/subdags/subdag_downloads.py for tasks to queue
[2024-07-06T10:40:33.814+0000] {logging_mixin.py:120} INFO - [2024-07-06T10:40:33.814+0000] {dagbag.py:537} INFO - Filling up the DagBag from /opt/airflow/dags/subdags/subdag_downloads.py
[2024-07-06T10:40:33.826+0000] {processor.py:768} WARNING - No viable dags retrieved from /opt/airflow/dags/subdags/subdag_downloads.py
[2024-07-06T10:40:33.843+0000] {processor.py:176} INFO - Processing /opt/airflow/dags/subdags/subdag_downloads.py took 0.038 seconds
[2024-07-06T10:41:04.100+0000] {processor.py:154} INFO - Started process (PID=10312) to work on /opt/airflow/dags/subdags/subdag_downloads.py
[2024-07-06T10:41:04.102+0000] {processor.py:756} INFO - Processing file /opt/airflow/dags/subdags/subdag_downloads.py for tasks to queue
[2024-07-06T10:41:04.103+0000] {logging_mixin.py:120} INFO - [2024-07-06T10:41:04.103+0000] {dagbag.py:537} INFO - Filling up the DagBag from /opt/airflow/dags/subdags/subdag_downloads.py
[2024-07-06T10:41:04.117+0000] {processor.py:768} WARNING - No viable dags retrieved from /opt/airflow/dags/subdags/subdag_downloads.py
[2024-07-06T10:41:04.133+0000] {processor.py:176} INFO - Processing /opt/airflow/dags/subdags/subdag_downloads.py took 0.040 seconds
[2024-07-06T10:41:34.216+0000] {processor.py:154} INFO - Started process (PID=10347) to work on /opt/airflow/dags/subdags/subdag_downloads.py
[2024-07-06T10:41:34.217+0000] {processor.py:756} INFO - Processing file /opt/airflow/dags/subdags/subdag_downloads.py for tasks to queue
[2024-07-06T10:41:34.217+0000] {logging_mixin.py:120} INFO - [2024-07-06T10:41:34.217+0000] {dagbag.py:537} INFO - Filling up the DagBag from /opt/airflow/dags/subdags/subdag_downloads.py
[2024-07-06T10:41:34.223+0000] {processor.py:768} WARNING - No viable dags retrieved from /opt/airflow/dags/subdags/subdag_downloads.py
[2024-07-06T10:41:34.235+0000] {processor.py:176} INFO - Processing /opt/airflow/dags/subdags/subdag_downloads.py took 0.022 seconds
[2024-07-06T10:42:04.632+0000] {processor.py:154} INFO - Started process (PID=10374) to work on /opt/airflow/dags/subdags/subdag_downloads.py
[2024-07-06T10:42:04.635+0000] {processor.py:756} INFO - Processing file /opt/airflow/dags/subdags/subdag_downloads.py for tasks to queue
[2024-07-06T10:42:04.638+0000] {logging_mixin.py:120} INFO - [2024-07-06T10:42:04.638+0000] {dagbag.py:537} INFO - Filling up the DagBag from /opt/airflow/dags/subdags/subdag_downloads.py
[2024-07-06T10:42:04.666+0000] {processor.py:768} WARNING - No viable dags retrieved from /opt/airflow/dags/subdags/subdag_downloads.py
[2024-07-06T10:42:04.726+0000] {processor.py:176} INFO - Processing /opt/airflow/dags/subdags/subdag_downloads.py took 0.106 seconds
[2024-07-06T10:42:35.501+0000] {processor.py:154} INFO - Started process (PID=10412) to work on /opt/airflow/dags/subdags/subdag_downloads.py
[2024-07-06T10:42:35.503+0000] {processor.py:756} INFO - Processing file /opt/airflow/dags/subdags/subdag_downloads.py for tasks to queue
[2024-07-06T10:42:35.504+0000] {logging_mixin.py:120} INFO - [2024-07-06T10:42:35.504+0000] {dagbag.py:537} INFO - Filling up the DagBag from /opt/airflow/dags/subdags/subdag_downloads.py
[2024-07-06T10:42:35.514+0000] {processor.py:768} WARNING - No viable dags retrieved from /opt/airflow/dags/subdags/subdag_downloads.py
[2024-07-06T10:42:35.531+0000] {processor.py:176} INFO - Processing /opt/airflow/dags/subdags/subdag_downloads.py took 0.035 seconds
[2024-07-06T10:43:06.056+0000] {processor.py:154} INFO - Started process (PID=10446) to work on /opt/airflow/dags/subdags/subdag_downloads.py
[2024-07-06T10:43:06.059+0000] {processor.py:756} INFO - Processing file /opt/airflow/dags/subdags/subdag_downloads.py for tasks to queue
[2024-07-06T10:43:06.061+0000] {logging_mixin.py:120} INFO - [2024-07-06T10:43:06.061+0000] {dagbag.py:537} INFO - Filling up the DagBag from /opt/airflow/dags/subdags/subdag_downloads.py
[2024-07-06T10:43:06.074+0000] {processor.py:768} WARNING - No viable dags retrieved from /opt/airflow/dags/subdags/subdag_downloads.py
[2024-07-06T10:43:06.095+0000] {processor.py:176} INFO - Processing /opt/airflow/dags/subdags/subdag_downloads.py took 0.045 seconds
[2024-07-06T10:43:36.748+0000] {processor.py:154} INFO - Started process (PID=10476) to work on /opt/airflow/dags/subdags/subdag_downloads.py
[2024-07-06T10:43:36.750+0000] {processor.py:756} INFO - Processing file /opt/airflow/dags/subdags/subdag_downloads.py for tasks to queue
[2024-07-06T10:43:36.751+0000] {logging_mixin.py:120} INFO - [2024-07-06T10:43:36.751+0000] {dagbag.py:537} INFO - Filling up the DagBag from /opt/airflow/dags/subdags/subdag_downloads.py
[2024-07-06T10:43:36.764+0000] {processor.py:768} WARNING - No viable dags retrieved from /opt/airflow/dags/subdags/subdag_downloads.py
[2024-07-06T10:43:36.783+0000] {processor.py:176} INFO - Processing /opt/airflow/dags/subdags/subdag_downloads.py took 0.043 seconds
[2024-07-06T10:44:07.421+0000] {processor.py:154} INFO - Started process (PID=10510) to work on /opt/airflow/dags/subdags/subdag_downloads.py
[2024-07-06T10:44:07.423+0000] {processor.py:756} INFO - Processing file /opt/airflow/dags/subdags/subdag_downloads.py for tasks to queue
[2024-07-06T10:44:07.424+0000] {logging_mixin.py:120} INFO - [2024-07-06T10:44:07.424+0000] {dagbag.py:537} INFO - Filling up the DagBag from /opt/airflow/dags/subdags/subdag_downloads.py
[2024-07-06T10:44:07.435+0000] {processor.py:768} WARNING - No viable dags retrieved from /opt/airflow/dags/subdags/subdag_downloads.py
[2024-07-06T10:44:07.454+0000] {processor.py:176} INFO - Processing /opt/airflow/dags/subdags/subdag_downloads.py took 0.040 seconds
[2024-07-06T10:44:37.988+0000] {processor.py:154} INFO - Started process (PID=10545) to work on /opt/airflow/dags/subdags/subdag_downloads.py
[2024-07-06T10:44:37.990+0000] {processor.py:756} INFO - Processing file /opt/airflow/dags/subdags/subdag_downloads.py for tasks to queue
[2024-07-06T10:44:37.992+0000] {logging_mixin.py:120} INFO - [2024-07-06T10:44:37.992+0000] {dagbag.py:537} INFO - Filling up the DagBag from /opt/airflow/dags/subdags/subdag_downloads.py
[2024-07-06T10:44:38.004+0000] {processor.py:768} WARNING - No viable dags retrieved from /opt/airflow/dags/subdags/subdag_downloads.py
[2024-07-06T10:44:38.024+0000] {processor.py:176} INFO - Processing /opt/airflow/dags/subdags/subdag_downloads.py took 0.043 seconds
[2024-07-06T10:45:08.508+0000] {processor.py:154} INFO - Started process (PID=10571) to work on /opt/airflow/dags/subdags/subdag_downloads.py
[2024-07-06T10:45:08.509+0000] {processor.py:756} INFO - Processing file /opt/airflow/dags/subdags/subdag_downloads.py for tasks to queue
[2024-07-06T10:45:08.509+0000] {logging_mixin.py:120} INFO - [2024-07-06T10:45:08.509+0000] {dagbag.py:537} INFO - Filling up the DagBag from /opt/airflow/dags/subdags/subdag_downloads.py
[2024-07-06T10:45:08.516+0000] {processor.py:768} WARNING - No viable dags retrieved from /opt/airflow/dags/subdags/subdag_downloads.py
[2024-07-06T10:45:08.530+0000] {processor.py:176} INFO - Processing /opt/airflow/dags/subdags/subdag_downloads.py took 0.026 seconds
[2024-07-06T10:45:39.491+0000] {processor.py:154} INFO - Started process (PID=10604) to work on /opt/airflow/dags/subdags/subdag_downloads.py
[2024-07-06T10:45:39.492+0000] {processor.py:756} INFO - Processing file /opt/airflow/dags/subdags/subdag_downloads.py for tasks to queue
[2024-07-06T10:45:39.494+0000] {logging_mixin.py:120} INFO - [2024-07-06T10:45:39.493+0000] {dagbag.py:537} INFO - Filling up the DagBag from /opt/airflow/dags/subdags/subdag_downloads.py
[2024-07-06T10:45:39.524+0000] {processor.py:768} WARNING - No viable dags retrieved from /opt/airflow/dags/subdags/subdag_downloads.py
[2024-07-06T10:45:39.554+0000] {processor.py:176} INFO - Processing /opt/airflow/dags/subdags/subdag_downloads.py took 0.071 seconds
[2024-07-06T10:46:09.694+0000] {processor.py:154} INFO - Started process (PID=10643) to work on /opt/airflow/dags/subdags/subdag_downloads.py
[2024-07-06T10:46:09.696+0000] {processor.py:756} INFO - Processing file /opt/airflow/dags/subdags/subdag_downloads.py for tasks to queue
[2024-07-06T10:46:09.697+0000] {logging_mixin.py:120} INFO - [2024-07-06T10:46:09.697+0000] {dagbag.py:537} INFO - Filling up the DagBag from /opt/airflow/dags/subdags/subdag_downloads.py
[2024-07-06T10:46:09.707+0000] {processor.py:768} WARNING - No viable dags retrieved from /opt/airflow/dags/subdags/subdag_downloads.py
[2024-07-06T10:46:09.724+0000] {processor.py:176} INFO - Processing /opt/airflow/dags/subdags/subdag_downloads.py took 0.036 seconds
[2024-07-06T10:46:40.338+0000] {processor.py:154} INFO - Started process (PID=10669) to work on /opt/airflow/dags/subdags/subdag_downloads.py
[2024-07-06T10:46:40.340+0000] {processor.py:756} INFO - Processing file /opt/airflow/dags/subdags/subdag_downloads.py for tasks to queue
[2024-07-06T10:46:40.341+0000] {logging_mixin.py:120} INFO - [2024-07-06T10:46:40.341+0000] {dagbag.py:537} INFO - Filling up the DagBag from /opt/airflow/dags/subdags/subdag_downloads.py
[2024-07-06T10:46:40.350+0000] {processor.py:768} WARNING - No viable dags retrieved from /opt/airflow/dags/subdags/subdag_downloads.py
[2024-07-06T10:46:40.372+0000] {processor.py:176} INFO - Processing /opt/airflow/dags/subdags/subdag_downloads.py took 0.039 seconds
[2024-07-06T10:47:10.868+0000] {processor.py:154} INFO - Started process (PID=10703) to work on /opt/airflow/dags/subdags/subdag_downloads.py
[2024-07-06T10:47:10.872+0000] {processor.py:756} INFO - Processing file /opt/airflow/dags/subdags/subdag_downloads.py for tasks to queue
[2024-07-06T10:47:10.873+0000] {logging_mixin.py:120} INFO - [2024-07-06T10:47:10.873+0000] {dagbag.py:537} INFO - Filling up the DagBag from /opt/airflow/dags/subdags/subdag_downloads.py
[2024-07-06T10:47:10.884+0000] {processor.py:768} WARNING - No viable dags retrieved from /opt/airflow/dags/subdags/subdag_downloads.py
[2024-07-06T10:47:10.903+0000] {processor.py:176} INFO - Processing /opt/airflow/dags/subdags/subdag_downloads.py took 0.048 seconds
[2024-07-06T10:47:41.124+0000] {processor.py:154} INFO - Started process (PID=10737) to work on /opt/airflow/dags/subdags/subdag_downloads.py
[2024-07-06T10:47:41.127+0000] {processor.py:756} INFO - Processing file /opt/airflow/dags/subdags/subdag_downloads.py for tasks to queue
[2024-07-06T10:47:41.130+0000] {logging_mixin.py:120} INFO - [2024-07-06T10:47:41.130+0000] {dagbag.py:537} INFO - Filling up the DagBag from /opt/airflow/dags/subdags/subdag_downloads.py
[2024-07-06T10:47:41.140+0000] {processor.py:768} WARNING - No viable dags retrieved from /opt/airflow/dags/subdags/subdag_downloads.py
[2024-07-06T10:47:41.159+0000] {processor.py:176} INFO - Processing /opt/airflow/dags/subdags/subdag_downloads.py took 0.043 seconds
[2024-07-06T10:48:11.650+0000] {processor.py:154} INFO - Started process (PID=10771) to work on /opt/airflow/dags/subdags/subdag_downloads.py
[2024-07-06T10:48:11.651+0000] {processor.py:756} INFO - Processing file /opt/airflow/dags/subdags/subdag_downloads.py for tasks to queue
[2024-07-06T10:48:11.652+0000] {logging_mixin.py:120} INFO - [2024-07-06T10:48:11.652+0000] {dagbag.py:537} INFO - Filling up the DagBag from /opt/airflow/dags/subdags/subdag_downloads.py
[2024-07-06T10:48:11.663+0000] {processor.py:768} WARNING - No viable dags retrieved from /opt/airflow/dags/subdags/subdag_downloads.py
[2024-07-06T10:48:11.680+0000] {processor.py:176} INFO - Processing /opt/airflow/dags/subdags/subdag_downloads.py took 0.035 seconds
[2024-07-06T10:48:42.039+0000] {processor.py:154} INFO - Started process (PID=10796) to work on /opt/airflow/dags/subdags/subdag_downloads.py
[2024-07-06T10:48:42.041+0000] {processor.py:756} INFO - Processing file /opt/airflow/dags/subdags/subdag_downloads.py for tasks to queue
[2024-07-06T10:48:42.043+0000] {logging_mixin.py:120} INFO - [2024-07-06T10:48:42.043+0000] {dagbag.py:537} INFO - Filling up the DagBag from /opt/airflow/dags/subdags/subdag_downloads.py
[2024-07-06T10:48:42.056+0000] {processor.py:768} WARNING - No viable dags retrieved from /opt/airflow/dags/subdags/subdag_downloads.py
[2024-07-06T10:48:42.074+0000] {processor.py:176} INFO - Processing /opt/airflow/dags/subdags/subdag_downloads.py took 0.043 seconds
[2024-07-06T10:49:12.355+0000] {processor.py:154} INFO - Started process (PID=10830) to work on /opt/airflow/dags/subdags/subdag_downloads.py
[2024-07-06T10:49:12.357+0000] {processor.py:756} INFO - Processing file /opt/airflow/dags/subdags/subdag_downloads.py for tasks to queue
[2024-07-06T10:49:12.359+0000] {logging_mixin.py:120} INFO - [2024-07-06T10:49:12.359+0000] {dagbag.py:537} INFO - Filling up the DagBag from /opt/airflow/dags/subdags/subdag_downloads.py
[2024-07-06T10:49:12.370+0000] {processor.py:768} WARNING - No viable dags retrieved from /opt/airflow/dags/subdags/subdag_downloads.py
[2024-07-06T10:49:12.390+0000] {processor.py:176} INFO - Processing /opt/airflow/dags/subdags/subdag_downloads.py took 0.043 seconds
[2024-07-06T10:49:42.593+0000] {processor.py:154} INFO - Started process (PID=10864) to work on /opt/airflow/dags/subdags/subdag_downloads.py
[2024-07-06T10:49:42.594+0000] {processor.py:756} INFO - Processing file /opt/airflow/dags/subdags/subdag_downloads.py for tasks to queue
[2024-07-06T10:49:42.595+0000] {logging_mixin.py:120} INFO - [2024-07-06T10:49:42.595+0000] {dagbag.py:537} INFO - Filling up the DagBag from /opt/airflow/dags/subdags/subdag_downloads.py
[2024-07-06T10:49:42.604+0000] {processor.py:768} WARNING - No viable dags retrieved from /opt/airflow/dags/subdags/subdag_downloads.py
[2024-07-06T10:49:42.620+0000] {processor.py:176} INFO - Processing /opt/airflow/dags/subdags/subdag_downloads.py took 0.031 seconds
[2024-07-06T10:50:13.108+0000] {processor.py:154} INFO - Started process (PID=10896) to work on /opt/airflow/dags/subdags/subdag_downloads.py
[2024-07-06T10:50:13.108+0000] {processor.py:756} INFO - Processing file /opt/airflow/dags/subdags/subdag_downloads.py for tasks to queue
[2024-07-06T10:50:13.109+0000] {logging_mixin.py:120} INFO - [2024-07-06T10:50:13.109+0000] {dagbag.py:537} INFO - Filling up the DagBag from /opt/airflow/dags/subdags/subdag_downloads.py
[2024-07-06T10:50:13.114+0000] {processor.py:768} WARNING - No viable dags retrieved from /opt/airflow/dags/subdags/subdag_downloads.py
[2024-07-06T10:50:13.127+0000] {processor.py:176} INFO - Processing /opt/airflow/dags/subdags/subdag_downloads.py took 0.022 seconds
[2024-07-06T10:50:43.552+0000] {processor.py:154} INFO - Started process (PID=10923) to work on /opt/airflow/dags/subdags/subdag_downloads.py
[2024-07-06T10:50:43.554+0000] {processor.py:756} INFO - Processing file /opt/airflow/dags/subdags/subdag_downloads.py for tasks to queue
[2024-07-06T10:50:43.556+0000] {logging_mixin.py:120} INFO - [2024-07-06T10:50:43.555+0000] {dagbag.py:537} INFO - Filling up the DagBag from /opt/airflow/dags/subdags/subdag_downloads.py
[2024-07-06T10:50:43.566+0000] {processor.py:768} WARNING - No viable dags retrieved from /opt/airflow/dags/subdags/subdag_downloads.py
[2024-07-06T10:50:43.583+0000] {processor.py:176} INFO - Processing /opt/airflow/dags/subdags/subdag_downloads.py took 0.038 seconds
[2024-07-06T10:51:13.755+0000] {processor.py:154} INFO - Started process (PID=10957) to work on /opt/airflow/dags/subdags/subdag_downloads.py
[2024-07-06T10:51:13.757+0000] {processor.py:756} INFO - Processing file /opt/airflow/dags/subdags/subdag_downloads.py for tasks to queue
[2024-07-06T10:51:13.758+0000] {logging_mixin.py:120} INFO - [2024-07-06T10:51:13.758+0000] {dagbag.py:537} INFO - Filling up the DagBag from /opt/airflow/dags/subdags/subdag_downloads.py
[2024-07-06T10:51:13.767+0000] {processor.py:768} WARNING - No viable dags retrieved from /opt/airflow/dags/subdags/subdag_downloads.py
[2024-07-06T10:51:13.781+0000] {processor.py:176} INFO - Processing /opt/airflow/dags/subdags/subdag_downloads.py took 0.032 seconds
[2024-07-06T10:51:44.324+0000] {processor.py:154} INFO - Started process (PID=10991) to work on /opt/airflow/dags/subdags/subdag_downloads.py
[2024-07-06T10:51:44.325+0000] {processor.py:756} INFO - Processing file /opt/airflow/dags/subdags/subdag_downloads.py for tasks to queue
[2024-07-06T10:51:44.325+0000] {logging_mixin.py:120} INFO - [2024-07-06T10:51:44.325+0000] {dagbag.py:537} INFO - Filling up the DagBag from /opt/airflow/dags/subdags/subdag_downloads.py
[2024-07-06T10:51:44.332+0000] {processor.py:768} WARNING - No viable dags retrieved from /opt/airflow/dags/subdags/subdag_downloads.py
[2024-07-06T10:51:44.345+0000] {processor.py:176} INFO - Processing /opt/airflow/dags/subdags/subdag_downloads.py took 0.025 seconds
[2024-07-06T10:52:14.753+0000] {processor.py:154} INFO - Started process (PID=11016) to work on /opt/airflow/dags/subdags/subdag_downloads.py
[2024-07-06T10:52:14.755+0000] {processor.py:756} INFO - Processing file /opt/airflow/dags/subdags/subdag_downloads.py for tasks to queue
[2024-07-06T10:52:14.756+0000] {logging_mixin.py:120} INFO - [2024-07-06T10:52:14.756+0000] {dagbag.py:537} INFO - Filling up the DagBag from /opt/airflow/dags/subdags/subdag_downloads.py
[2024-07-06T10:52:14.765+0000] {processor.py:768} WARNING - No viable dags retrieved from /opt/airflow/dags/subdags/subdag_downloads.py
[2024-07-06T10:52:14.780+0000] {processor.py:176} INFO - Processing /opt/airflow/dags/subdags/subdag_downloads.py took 0.034 seconds
[2024-07-06T10:52:45.221+0000] {processor.py:154} INFO - Started process (PID=11050) to work on /opt/airflow/dags/subdags/subdag_downloads.py
[2024-07-06T10:52:45.223+0000] {processor.py:756} INFO - Processing file /opt/airflow/dags/subdags/subdag_downloads.py for tasks to queue
[2024-07-06T10:52:45.224+0000] {logging_mixin.py:120} INFO - [2024-07-06T10:52:45.224+0000] {dagbag.py:537} INFO - Filling up the DagBag from /opt/airflow/dags/subdags/subdag_downloads.py
[2024-07-06T10:52:45.234+0000] {processor.py:768} WARNING - No viable dags retrieved from /opt/airflow/dags/subdags/subdag_downloads.py
[2024-07-06T10:52:45.254+0000] {processor.py:176} INFO - Processing /opt/airflow/dags/subdags/subdag_downloads.py took 0.039 seconds
[2024-07-06T10:53:15.625+0000] {processor.py:154} INFO - Started process (PID=11084) to work on /opt/airflow/dags/subdags/subdag_downloads.py
[2024-07-06T10:53:15.627+0000] {processor.py:756} INFO - Processing file /opt/airflow/dags/subdags/subdag_downloads.py for tasks to queue
[2024-07-06T10:53:15.629+0000] {logging_mixin.py:120} INFO - [2024-07-06T10:53:15.628+0000] {dagbag.py:537} INFO - Filling up the DagBag from /opt/airflow/dags/subdags/subdag_downloads.py
[2024-07-06T10:53:15.638+0000] {processor.py:768} WARNING - No viable dags retrieved from /opt/airflow/dags/subdags/subdag_downloads.py
[2024-07-06T10:53:15.655+0000] {processor.py:176} INFO - Processing /opt/airflow/dags/subdags/subdag_downloads.py took 0.036 seconds
[2024-07-06T10:53:45.775+0000] {processor.py:154} INFO - Started process (PID=11109) to work on /opt/airflow/dags/subdags/subdag_downloads.py
[2024-07-06T10:53:45.776+0000] {processor.py:756} INFO - Processing file /opt/airflow/dags/subdags/subdag_downloads.py for tasks to queue
[2024-07-06T10:53:45.777+0000] {logging_mixin.py:120} INFO - [2024-07-06T10:53:45.777+0000] {dagbag.py:537} INFO - Filling up the DagBag from /opt/airflow/dags/subdags/subdag_downloads.py
[2024-07-06T10:53:45.785+0000] {processor.py:768} WARNING - No viable dags retrieved from /opt/airflow/dags/subdags/subdag_downloads.py
[2024-07-06T10:53:45.806+0000] {processor.py:176} INFO - Processing /opt/airflow/dags/subdags/subdag_downloads.py took 0.038 seconds
[2024-07-06T10:54:16.106+0000] {processor.py:154} INFO - Started process (PID=11143) to work on /opt/airflow/dags/subdags/subdag_downloads.py
[2024-07-06T10:54:16.108+0000] {processor.py:756} INFO - Processing file /opt/airflow/dags/subdags/subdag_downloads.py for tasks to queue
[2024-07-06T10:54:16.110+0000] {logging_mixin.py:120} INFO - [2024-07-06T10:54:16.109+0000] {dagbag.py:537} INFO - Filling up the DagBag from /opt/airflow/dags/subdags/subdag_downloads.py
[2024-07-06T10:54:16.119+0000] {processor.py:768} WARNING - No viable dags retrieved from /opt/airflow/dags/subdags/subdag_downloads.py
[2024-07-06T10:54:16.135+0000] {processor.py:176} INFO - Processing /opt/airflow/dags/subdags/subdag_downloads.py took 0.039 seconds
[2024-07-06T10:54:46.529+0000] {processor.py:154} INFO - Started process (PID=11175) to work on /opt/airflow/dags/subdags/subdag_downloads.py
[2024-07-06T10:54:46.531+0000] {processor.py:756} INFO - Processing file /opt/airflow/dags/subdags/subdag_downloads.py for tasks to queue
[2024-07-06T10:54:46.532+0000] {logging_mixin.py:120} INFO - [2024-07-06T10:54:46.532+0000] {dagbag.py:537} INFO - Filling up the DagBag from /opt/airflow/dags/subdags/subdag_downloads.py
[2024-07-06T10:54:46.542+0000] {processor.py:768} WARNING - No viable dags retrieved from /opt/airflow/dags/subdags/subdag_downloads.py
[2024-07-06T10:54:46.558+0000] {processor.py:176} INFO - Processing /opt/airflow/dags/subdags/subdag_downloads.py took 0.034 seconds
