[2024-07-05T01:07:45.438+0000] {taskinstance.py:1165} INFO - Dependencies all met for <TaskInstance: example_bash_operator.runme_0 scheduled__2024-07-04T00:00:00+00:00 [queued]>
[2024-07-05T01:07:45.535+0000] {taskinstance.py:1165} INFO - Dependencies all met for <TaskInstance: example_bash_operator.runme_0 scheduled__2024-07-04T00:00:00+00:00 [queued]>
[2024-07-05T01:07:45.538+0000] {taskinstance.py:1362} INFO - 
--------------------------------------------------------------------------------
[2024-07-05T01:07:45.540+0000] {taskinstance.py:1363} INFO - Starting attempt 1 of 1
[2024-07-05T01:07:45.551+0000] {taskinstance.py:1364} INFO - 
--------------------------------------------------------------------------------
[2024-07-05T01:07:45.928+0000] {taskinstance.py:1383} INFO - Executing <Task(BashOperator): runme_0> on 2024-07-04 00:00:00+00:00
[2024-07-05T01:07:45.936+0000] {standard_task_runner.py:55} INFO - Started process 71756 to run task
[2024-07-05T01:07:45.950+0000] {standard_task_runner.py:82} INFO - Running: ['***', 'tasks', 'run', 'example_bash_operator', 'runme_0', 'scheduled__2024-07-04T00:00:00+00:00', '--job-id', '60', '--raw', '--subdir', '/home/***/.local/lib/python3.7/site-packages/***/example_dags/example_bash_operator.py', '--cfg-path', '/tmp/tmpj8q3sqg4']
[2024-07-05T01:07:45.958+0000] {standard_task_runner.py:83} INFO - Job 60: Subtask runme_0
[2024-07-05T01:07:46.230+0000] {task_command.py:376} INFO - Running <TaskInstance: example_bash_operator.runme_0 scheduled__2024-07-04T00:00:00+00:00 [running]> on host 409ff340d891
[2024-07-05T01:07:46.427+0000] {taskinstance.py:1592} INFO - Exporting the following env vars:
AIRFLOW_CTX_DAG_OWNER=***
AIRFLOW_CTX_DAG_ID=example_bash_operator
AIRFLOW_CTX_TASK_ID=runme_0
AIRFLOW_CTX_EXECUTION_DATE=2024-07-04T00:00:00+00:00
AIRFLOW_CTX_TRY_NUMBER=1
AIRFLOW_CTX_DAG_RUN_ID=scheduled__2024-07-04T00:00:00+00:00
[2024-07-05T01:07:46.459+0000] {subprocess.py:63} INFO - Tmp dir root location: 
 /tmp
[2024-07-05T01:07:46.472+0000] {subprocess.py:75} INFO - Running command: ['/bin/bash', '-c', 'echo "example_bash_operator__runme_0__20240704" && sleep 1']
[2024-07-05T01:07:46.583+0000] {subprocess.py:86} INFO - Output:
[2024-07-05T01:07:46.588+0000] {subprocess.py:93} INFO - example_bash_operator__runme_0__20240704
[2024-07-05T01:07:47.593+0000] {subprocess.py:97} INFO - Command exited with return code 0
[2024-07-05T01:07:47.652+0000] {taskinstance.py:1406} INFO - Marking task as SUCCESS. dag_id=example_bash_operator, task_id=runme_0, execution_date=20240704T000000, start_date=20240705T010745, end_date=20240705T010747
[2024-07-05T01:07:47.722+0000] {local_task_job.py:164} INFO - Task exited with return code 0
[2024-07-05T01:07:47.803+0000] {local_task_job.py:273} INFO - 0 downstream tasks scheduled from follow-on schedule check
