[2024-07-05T09:55:16.295+0000] {taskinstance.py:1165} INFO - Dependencies all met for <TaskInstance: user_processing.process_user scheduled__2024-07-04T00:00:00+00:00 [queued]>
[2024-07-05T09:55:16.305+0000] {taskinstance.py:1165} INFO - Dependencies all met for <TaskInstance: user_processing.process_user scheduled__2024-07-04T00:00:00+00:00 [queued]>
[2024-07-05T09:55:16.305+0000] {taskinstance.py:1362} INFO - 
--------------------------------------------------------------------------------
[2024-07-05T09:55:16.306+0000] {taskinstance.py:1363} INFO - Starting attempt 3 of 3
[2024-07-05T09:55:16.306+0000] {taskinstance.py:1364} INFO - 
--------------------------------------------------------------------------------
[2024-07-05T09:55:16.318+0000] {taskinstance.py:1383} INFO - Executing <Task(PythonOperator): process_user> on 2024-07-04 00:00:00+00:00
[2024-07-05T09:55:16.323+0000] {standard_task_runner.py:55} INFO - Started process 83847 to run task
[2024-07-05T09:55:16.327+0000] {standard_task_runner.py:82} INFO - Running: ['***', 'tasks', 'run', 'user_processing', 'process_user', 'scheduled__2024-07-04T00:00:00+00:00', '--job-id', '77', '--raw', '--subdir', 'DAGS_FOLDER/user_processing.py', '--cfg-path', '/tmp/tmp5lv7c6py']
[2024-07-05T09:55:16.329+0000] {standard_task_runner.py:83} INFO - Job 77: Subtask process_user
[2024-07-05T09:55:16.394+0000] {task_command.py:376} INFO - Running <TaskInstance: user_processing.process_user scheduled__2024-07-04T00:00:00+00:00 [running]> on host 409ff340d891
[2024-07-05T09:55:16.466+0000] {taskinstance.py:1592} INFO - Exporting the following env vars:
AIRFLOW_CTX_DAG_OWNER=***
AIRFLOW_CTX_DAG_ID=user_processing
AIRFLOW_CTX_TASK_ID=process_user
AIRFLOW_CTX_EXECUTION_DATE=2024-07-04T00:00:00+00:00
AIRFLOW_CTX_TRY_NUMBER=3
AIRFLOW_CTX_DAG_RUN_ID=scheduled__2024-07-04T00:00:00+00:00
[2024-07-05T09:55:16.496+0000] {python.py:177} INFO - Done. Returned value was: None
[2024-07-05T09:55:16.513+0000] {taskinstance.py:1406} INFO - Marking task as SUCCESS. dag_id=user_processing, task_id=process_user, execution_date=20240704T000000, start_date=20240705T095516, end_date=20240705T095516
[2024-07-05T09:55:16.539+0000] {local_task_job.py:164} INFO - Task exited with return code 0
[2024-07-05T09:55:16.567+0000] {local_task_job.py:273} INFO - 1 downstream tasks scheduled from follow-on schedule check
