[2024-07-05T09:53:07.179+0000] {taskinstance.py:1165} INFO - Dependencies all met for <TaskInstance: user_processing.process_user scheduled__2024-07-04T00:00:00+00:00 [queued]>
[2024-07-05T09:53:07.186+0000] {taskinstance.py:1165} INFO - Dependencies all met for <TaskInstance: user_processing.process_user scheduled__2024-07-04T00:00:00+00:00 [queued]>
[2024-07-05T09:53:07.186+0000] {taskinstance.py:1362} INFO - 
--------------------------------------------------------------------------------
[2024-07-05T09:53:07.187+0000] {taskinstance.py:1363} INFO - Starting attempt 2 of 2
[2024-07-05T09:53:07.187+0000] {taskinstance.py:1364} INFO - 
--------------------------------------------------------------------------------
[2024-07-05T09:53:07.197+0000] {taskinstance.py:1383} INFO - Executing <Task(PythonOperator): process_user> on 2024-07-04 00:00:00+00:00
[2024-07-05T09:53:07.200+0000] {standard_task_runner.py:55} INFO - Started process 83721 to run task
[2024-07-05T09:53:07.204+0000] {standard_task_runner.py:82} INFO - Running: ['***', 'tasks', 'run', 'user_processing', 'process_user', 'scheduled__2024-07-04T00:00:00+00:00', '--job-id', '71', '--raw', '--subdir', 'DAGS_FOLDER/user_processing.py', '--cfg-path', '/tmp/tmpk2eoolhi']
[2024-07-05T09:53:07.205+0000] {standard_task_runner.py:83} INFO - Job 71: Subtask process_user
[2024-07-05T09:53:07.275+0000] {task_command.py:376} INFO - Running <TaskInstance: user_processing.process_user scheduled__2024-07-04T00:00:00+00:00 [running]> on host 409ff340d891
[2024-07-05T09:53:07.328+0000] {taskinstance.py:1592} INFO - Exporting the following env vars:
AIRFLOW_CTX_DAG_OWNER=***
AIRFLOW_CTX_DAG_ID=user_processing
AIRFLOW_CTX_TASK_ID=process_user
AIRFLOW_CTX_EXECUTION_DATE=2024-07-04T00:00:00+00:00
AIRFLOW_CTX_TRY_NUMBER=2
AIRFLOW_CTX_DAG_RUN_ID=scheduled__2024-07-04T00:00:00+00:00
[2024-07-05T09:53:07.352+0000] {python.py:177} INFO - Done. Returned value was: None
[2024-07-05T09:53:07.359+0000] {taskinstance.py:1406} INFO - Marking task as SUCCESS. dag_id=user_processing, task_id=process_user, execution_date=20240704T000000, start_date=20240705T095307, end_date=20240705T095307
[2024-07-05T09:53:07.382+0000] {local_task_job.py:164} INFO - Task exited with return code 0
[2024-07-05T09:53:07.402+0000] {local_task_job.py:273} INFO - 1 downstream tasks scheduled from follow-on schedule check
