[2024-06-30T00:27:30.613+0000] {taskinstance.py:1165} INFO - Dependencies all met for <TaskInstance: example_bash_operator.runme_0 scheduled__2024-06-29T00:00:00+00:00 [queued]>
[2024-06-30T00:27:30.663+0000] {taskinstance.py:1165} INFO - Dependencies all met for <TaskInstance: example_bash_operator.runme_0 scheduled__2024-06-29T00:00:00+00:00 [queued]>
[2024-06-30T00:27:30.675+0000] {taskinstance.py:1362} INFO - 
--------------------------------------------------------------------------------
[2024-06-30T00:27:30.719+0000] {taskinstance.py:1363} INFO - Starting attempt 1 of 1
[2024-06-30T00:27:30.719+0000] {taskinstance.py:1364} INFO - 
--------------------------------------------------------------------------------
[2024-06-30T00:27:30.792+0000] {taskinstance.py:1383} INFO - Executing <Task(BashOperator): runme_0> on 2024-06-29 00:00:00+00:00
[2024-06-30T00:27:30.802+0000] {standard_task_runner.py:55} INFO - Started process 7668 to run task
[2024-06-30T00:27:30.815+0000] {standard_task_runner.py:82} INFO - Running: ['***', 'tasks', 'run', 'example_bash_operator', 'runme_0', 'scheduled__2024-06-29T00:00:00+00:00', '--job-id', '28', '--raw', '--subdir', '/home/***/.local/lib/python3.7/site-packages/***/example_dags/example_bash_operator.py', '--cfg-path', '/tmp/tmpc5693r3h']
[2024-06-30T00:27:30.817+0000] {standard_task_runner.py:83} INFO - Job 28: Subtask runme_0
[2024-06-30T00:27:31.172+0000] {task_command.py:376} INFO - Running <TaskInstance: example_bash_operator.runme_0 scheduled__2024-06-29T00:00:00+00:00 [running]> on host 409ff340d891
[2024-06-30T00:27:31.442+0000] {taskinstance.py:1592} INFO - Exporting the following env vars:
AIRFLOW_CTX_DAG_OWNER=***
AIRFLOW_CTX_DAG_ID=example_bash_operator
AIRFLOW_CTX_TASK_ID=runme_0
AIRFLOW_CTX_EXECUTION_DATE=2024-06-29T00:00:00+00:00
AIRFLOW_CTX_TRY_NUMBER=1
AIRFLOW_CTX_DAG_RUN_ID=scheduled__2024-06-29T00:00:00+00:00
[2024-06-30T00:27:31.453+0000] {subprocess.py:63} INFO - Tmp dir root location: 
 /tmp
[2024-06-30T00:27:31.455+0000] {subprocess.py:75} INFO - Running command: ['/bin/bash', '-c', 'echo "example_bash_operator__runme_0__20240629" && sleep 1']
[2024-06-30T00:27:31.475+0000] {subprocess.py:86} INFO - Output:
[2024-06-30T00:27:31.529+0000] {subprocess.py:93} INFO - example_bash_operator__runme_0__20240629
[2024-06-30T00:27:32.482+0000] {subprocess.py:97} INFO - Command exited with return code 0
[2024-06-30T00:27:32.550+0000] {taskinstance.py:1406} INFO - Marking task as SUCCESS. dag_id=example_bash_operator, task_id=runme_0, execution_date=20240629T000000, start_date=20240630T002730, end_date=20240630T002732
[2024-06-30T00:27:32.615+0000] {local_task_job.py:164} INFO - Task exited with return code 0
[2024-06-30T00:27:32.790+0000] {local_task_job.py:273} INFO - 0 downstream tasks scheduled from follow-on schedule check
