[2024-06-29T04:04:14.062+0000] {taskinstance.py:1165} INFO - Dependencies all met for <TaskInstance: example_bash_operator.run_after_loop manual__2024-06-29T04:04:10.514377+00:00 [queued]>
[2024-06-29T04:04:14.070+0000] {taskinstance.py:1165} INFO - Dependencies all met for <TaskInstance: example_bash_operator.run_after_loop manual__2024-06-29T04:04:10.514377+00:00 [queued]>
[2024-06-29T04:04:14.070+0000] {taskinstance.py:1362} INFO - 
--------------------------------------------------------------------------------
[2024-06-29T04:04:14.070+0000] {taskinstance.py:1363} INFO - Starting attempt 1 of 1
[2024-06-29T04:04:14.071+0000] {taskinstance.py:1364} INFO - 
--------------------------------------------------------------------------------
[2024-06-29T04:04:14.082+0000] {taskinstance.py:1383} INFO - Executing <Task(BashOperator): run_after_loop> on 2024-06-29 04:04:10.514377+00:00
[2024-06-29T04:04:14.085+0000] {standard_task_runner.py:55} INFO - Started process 636 to run task
[2024-06-29T04:04:14.088+0000] {standard_task_runner.py:82} INFO - Running: ['***', 'tasks', 'run', 'example_bash_operator', 'run_after_loop', 'manual__2024-06-29T04:04:10.514377+00:00', '--job-id', '20', '--raw', '--subdir', '/home/***/.local/lib/python3.7/site-packages/***/example_dags/example_bash_operator.py', '--cfg-path', '/tmp/tmpj_t1_4j9']
[2024-06-29T04:04:14.089+0000] {standard_task_runner.py:83} INFO - Job 20: Subtask run_after_loop
[2024-06-29T04:04:14.145+0000] {task_command.py:376} INFO - Running <TaskInstance: example_bash_operator.run_after_loop manual__2024-06-29T04:04:10.514377+00:00 [running]> on host 409ff340d891
[2024-06-29T04:04:14.197+0000] {taskinstance.py:1592} INFO - Exporting the following env vars:
AIRFLOW_CTX_DAG_OWNER=***
AIRFLOW_CTX_DAG_ID=example_bash_operator
AIRFLOW_CTX_TASK_ID=run_after_loop
AIRFLOW_CTX_EXECUTION_DATE=2024-06-29T04:04:10.514377+00:00
AIRFLOW_CTX_TRY_NUMBER=1
AIRFLOW_CTX_DAG_RUN_ID=manual__2024-06-29T04:04:10.514377+00:00
[2024-06-29T04:04:14.198+0000] {subprocess.py:63} INFO - Tmp dir root location: 
 /tmp
[2024-06-29T04:04:14.198+0000] {subprocess.py:75} INFO - Running command: ['/bin/bash', '-c', 'echo 1']
[2024-06-29T04:04:14.205+0000] {subprocess.py:86} INFO - Output:
[2024-06-29T04:04:14.206+0000] {subprocess.py:93} INFO - 1
[2024-06-29T04:04:14.206+0000] {subprocess.py:97} INFO - Command exited with return code 0
[2024-06-29T04:04:14.225+0000] {taskinstance.py:1406} INFO - Marking task as SUCCESS. dag_id=example_bash_operator, task_id=run_after_loop, execution_date=20240629T040410, start_date=20240629T040414, end_date=20240629T040414
[2024-06-29T04:04:14.267+0000] {local_task_job.py:164} INFO - Task exited with return code 0
[2024-06-29T04:04:14.283+0000] {local_task_job.py:273} INFO - 0 downstream tasks scheduled from follow-on schedule check
