[2024-06-30T00:27:34.221+0000] {taskinstance.py:1165} INFO - Dependencies all met for <TaskInstance: example_bash_operator.run_after_loop scheduled__2024-06-29T00:00:00+00:00 [queued]>
[2024-06-30T00:27:34.240+0000] {taskinstance.py:1165} INFO - Dependencies all met for <TaskInstance: example_bash_operator.run_after_loop scheduled__2024-06-29T00:00:00+00:00 [queued]>
[2024-06-30T00:27:34.241+0000] {taskinstance.py:1362} INFO - 
--------------------------------------------------------------------------------
[2024-06-30T00:27:34.242+0000] {taskinstance.py:1363} INFO - Starting attempt 1 of 1
[2024-06-30T00:27:34.242+0000] {taskinstance.py:1364} INFO - 
--------------------------------------------------------------------------------
[2024-06-30T00:27:34.270+0000] {taskinstance.py:1383} INFO - Executing <Task(BashOperator): run_after_loop> on 2024-06-29 00:00:00+00:00
[2024-06-30T00:27:34.279+0000] {standard_task_runner.py:55} INFO - Started process 7678 to run task
[2024-06-30T00:27:34.288+0000] {standard_task_runner.py:82} INFO - Running: ['***', 'tasks', 'run', 'example_bash_operator', 'run_after_loop', 'scheduled__2024-06-29T00:00:00+00:00', '--job-id', '32', '--raw', '--subdir', '/home/***/.local/lib/python3.7/site-packages/***/example_dags/example_bash_operator.py', '--cfg-path', '/tmp/tmpnr6azbdr']
[2024-06-30T00:27:34.294+0000] {standard_task_runner.py:83} INFO - Job 32: Subtask run_after_loop
[2024-06-30T00:27:34.494+0000] {task_command.py:376} INFO - Running <TaskInstance: example_bash_operator.run_after_loop scheduled__2024-06-29T00:00:00+00:00 [running]> on host 409ff340d891
[2024-06-30T00:27:34.706+0000] {taskinstance.py:1592} INFO - Exporting the following env vars:
AIRFLOW_CTX_DAG_OWNER=***
AIRFLOW_CTX_DAG_ID=example_bash_operator
AIRFLOW_CTX_TASK_ID=run_after_loop
AIRFLOW_CTX_EXECUTION_DATE=2024-06-29T00:00:00+00:00
AIRFLOW_CTX_TRY_NUMBER=1
AIRFLOW_CTX_DAG_RUN_ID=scheduled__2024-06-29T00:00:00+00:00
[2024-06-30T00:27:34.709+0000] {subprocess.py:63} INFO - Tmp dir root location: 
 /tmp
[2024-06-30T00:27:34.710+0000] {subprocess.py:75} INFO - Running command: ['/bin/bash', '-c', 'echo 1']
[2024-06-30T00:27:34.734+0000] {subprocess.py:86} INFO - Output:
[2024-06-30T00:27:34.738+0000] {subprocess.py:93} INFO - 1
[2024-06-30T00:27:34.739+0000] {subprocess.py:97} INFO - Command exited with return code 0
[2024-06-30T00:27:34.829+0000] {taskinstance.py:1406} INFO - Marking task as SUCCESS. dag_id=example_bash_operator, task_id=run_after_loop, execution_date=20240629T000000, start_date=20240630T002734, end_date=20240630T002734
[2024-06-30T00:27:34.905+0000] {local_task_job.py:164} INFO - Task exited with return code 0
[2024-06-30T00:27:34.955+0000] {local_task_job.py:273} INFO - 0 downstream tasks scheduled from follow-on schedule check
