[2024-07-06T00:47:46.937+0000] {taskinstance.py:1165} INFO - Dependencies all met for <TaskInstance: parallel_dag.extract_a scheduled__2024-07-05T00:00:00+00:00 [queued]>
[2024-07-06T00:47:46.970+0000] {taskinstance.py:1165} INFO - Dependencies all met for <TaskInstance: parallel_dag.extract_a scheduled__2024-07-05T00:00:00+00:00 [queued]>
[2024-07-06T00:47:46.974+0000] {taskinstance.py:1362} INFO - 
--------------------------------------------------------------------------------
[2024-07-06T00:47:46.975+0000] {taskinstance.py:1363} INFO - Starting attempt 1 of 1
[2024-07-06T00:47:46.975+0000] {taskinstance.py:1364} INFO - 
--------------------------------------------------------------------------------
[2024-07-06T00:47:47.054+0000] {taskinstance.py:1383} INFO - Executing <Task(BashOperator): extract_a> on 2024-07-05 00:00:00+00:00
[2024-07-06T00:47:47.062+0000] {standard_task_runner.py:55} INFO - Started process 1218 to run task
[2024-07-06T00:47:47.081+0000] {standard_task_runner.py:82} INFO - Running: ['***', 'tasks', 'run', 'parallel_dag', 'extract_a', 'scheduled__2024-07-05T00:00:00+00:00', '--job-id', '95', '--raw', '--subdir', 'DAGS_FOLDER/parallel.py', '--cfg-path', '/tmp/tmpy8krcybs']
[2024-07-06T00:47:47.303+0000] {standard_task_runner.py:83} INFO - Job 95: Subtask extract_a
[2024-07-06T00:47:47.756+0000] {task_command.py:376} INFO - Running <TaskInstance: parallel_dag.extract_a scheduled__2024-07-05T00:00:00+00:00 [running]> on host 1d08768f7af2
[2024-07-06T00:47:48.030+0000] {taskinstance.py:1592} INFO - Exporting the following env vars:
AIRFLOW_CTX_DAG_OWNER=***
AIRFLOW_CTX_DAG_ID=parallel_dag
AIRFLOW_CTX_TASK_ID=extract_a
AIRFLOW_CTX_EXECUTION_DATE=2024-07-05T00:00:00+00:00
AIRFLOW_CTX_TRY_NUMBER=1
AIRFLOW_CTX_DAG_RUN_ID=scheduled__2024-07-05T00:00:00+00:00
[2024-07-06T00:47:48.042+0000] {subprocess.py:63} INFO - Tmp dir root location: 
 /tmp
[2024-07-06T00:47:48.050+0000] {subprocess.py:75} INFO - Running command: ['/bin/bash', '-c', 'sleep 10']
[2024-07-06T00:47:48.087+0000] {subprocess.py:86} INFO - Output:
[2024-07-06T00:47:58.102+0000] {subprocess.py:97} INFO - Command exited with return code 0
[2024-07-06T00:47:58.140+0000] {taskinstance.py:1406} INFO - Marking task as SUCCESS. dag_id=parallel_dag, task_id=extract_a, execution_date=20240705T000000, start_date=20240706T004746, end_date=20240706T004758
[2024-07-06T00:47:58.194+0000] {local_task_job.py:164} INFO - Task exited with return code 0
[2024-07-06T00:47:58.228+0000] {local_task_job.py:273} INFO - 0 downstream tasks scheduled from follow-on schedule check
