[2024-07-04T01:22:48.999+0000] {taskinstance.py:1165} INFO - Dependencies all met for <TaskInstance: example_bash_operator.run_after_loop scheduled__2024-07-03T00:00:00+00:00 [queued]>
[2024-07-04T01:22:49.020+0000] {taskinstance.py:1165} INFO - Dependencies all met for <TaskInstance: example_bash_operator.run_after_loop scheduled__2024-07-03T00:00:00+00:00 [queued]>
[2024-07-04T01:22:49.021+0000] {taskinstance.py:1362} INFO - 
--------------------------------------------------------------------------------
[2024-07-04T01:22:49.021+0000] {taskinstance.py:1363} INFO - Starting attempt 1 of 1
[2024-07-04T01:22:49.022+0000] {taskinstance.py:1364} INFO - 
--------------------------------------------------------------------------------
[2024-07-04T01:22:49.048+0000] {taskinstance.py:1383} INFO - Executing <Task(BashOperator): run_after_loop> on 2024-07-03 00:00:00+00:00
[2024-07-04T01:22:49.064+0000] {standard_task_runner.py:55} INFO - Started process 60335 to run task
[2024-07-04T01:22:49.071+0000] {standard_task_runner.py:82} INFO - Running: ['***', 'tasks', 'run', 'example_bash_operator', 'run_after_loop', 'scheduled__2024-07-03T00:00:00+00:00', '--job-id', '57', '--raw', '--subdir', '/home/***/.local/lib/python3.7/site-packages/***/example_dags/example_bash_operator.py', '--cfg-path', '/tmp/tmpqsxp4653']
[2024-07-04T01:22:49.072+0000] {standard_task_runner.py:83} INFO - Job 57: Subtask run_after_loop
[2024-07-04T01:22:49.216+0000] {task_command.py:376} INFO - Running <TaskInstance: example_bash_operator.run_after_loop scheduled__2024-07-03T00:00:00+00:00 [running]> on host 409ff340d891
[2024-07-04T01:22:49.427+0000] {taskinstance.py:1592} INFO - Exporting the following env vars:
AIRFLOW_CTX_DAG_OWNER=***
AIRFLOW_CTX_DAG_ID=example_bash_operator
AIRFLOW_CTX_TASK_ID=run_after_loop
AIRFLOW_CTX_EXECUTION_DATE=2024-07-03T00:00:00+00:00
AIRFLOW_CTX_TRY_NUMBER=1
AIRFLOW_CTX_DAG_RUN_ID=scheduled__2024-07-03T00:00:00+00:00
[2024-07-04T01:22:49.432+0000] {subprocess.py:63} INFO - Tmp dir root location: 
 /tmp
[2024-07-04T01:22:49.434+0000] {subprocess.py:75} INFO - Running command: ['/bin/bash', '-c', 'echo 1']
[2024-07-04T01:22:49.478+0000] {subprocess.py:86} INFO - Output:
[2024-07-04T01:22:49.497+0000] {subprocess.py:93} INFO - 1
[2024-07-04T01:22:49.503+0000] {subprocess.py:97} INFO - Command exited with return code 0
[2024-07-04T01:22:49.592+0000] {taskinstance.py:1406} INFO - Marking task as SUCCESS. dag_id=example_bash_operator, task_id=run_after_loop, execution_date=20240703T000000, start_date=20240704T012249, end_date=20240704T012249
[2024-07-04T01:22:49.662+0000] {local_task_job.py:164} INFO - Task exited with return code 0
[2024-07-04T01:22:49.740+0000] {local_task_job.py:273} INFO - 0 downstream tasks scheduled from follow-on schedule check
