[2024-07-01T00:00:02.625+0000] {taskinstance.py:1165} INFO - Dependencies all met for <TaskInstance: example_bash_operator.runme_0 scheduled__2024-06-30T00:00:00+00:00 [queued]>
[2024-07-01T00:00:02.684+0000] {taskinstance.py:1165} INFO - Dependencies all met for <TaskInstance: example_bash_operator.runme_0 scheduled__2024-06-30T00:00:00+00:00 [queued]>
[2024-07-01T00:00:02.766+0000] {taskinstance.py:1362} INFO - 
--------------------------------------------------------------------------------
[2024-07-01T00:00:02.813+0000] {taskinstance.py:1363} INFO - Starting attempt 1 of 1
[2024-07-01T00:00:02.861+0000] {taskinstance.py:1364} INFO - 
--------------------------------------------------------------------------------
[2024-07-01T00:00:02.931+0000] {taskinstance.py:1383} INFO - Executing <Task(BashOperator): runme_0> on 2024-06-30 00:00:00+00:00
[2024-07-01T00:00:02.954+0000] {standard_task_runner.py:55} INFO - Started process 37237 to run task
[2024-07-01T00:00:02.969+0000] {standard_task_runner.py:82} INFO - Running: ['***', 'tasks', 'run', 'example_bash_operator', 'runme_0', 'scheduled__2024-06-30T00:00:00+00:00', '--job-id', '34', '--raw', '--subdir', '/home/***/.local/lib/python3.7/site-packages/***/example_dags/example_bash_operator.py', '--cfg-path', '/tmp/tmp6o5cnuy2']
[2024-07-01T00:00:02.995+0000] {standard_task_runner.py:83} INFO - Job 34: Subtask runme_0
[2024-07-01T00:00:03.500+0000] {task_command.py:376} INFO - Running <TaskInstance: example_bash_operator.runme_0 scheduled__2024-06-30T00:00:00+00:00 [running]> on host 409ff340d891
[2024-07-01T00:00:03.891+0000] {taskinstance.py:1592} INFO - Exporting the following env vars:
AIRFLOW_CTX_DAG_OWNER=***
AIRFLOW_CTX_DAG_ID=example_bash_operator
AIRFLOW_CTX_TASK_ID=runme_0
AIRFLOW_CTX_EXECUTION_DATE=2024-06-30T00:00:00+00:00
AIRFLOW_CTX_TRY_NUMBER=1
AIRFLOW_CTX_DAG_RUN_ID=scheduled__2024-06-30T00:00:00+00:00
[2024-07-01T00:00:03.959+0000] {subprocess.py:63} INFO - Tmp dir root location: 
 /tmp
[2024-07-01T00:00:03.962+0000] {subprocess.py:75} INFO - Running command: ['/bin/bash', '-c', 'echo "example_bash_operator__runme_0__20240630" && sleep 1']
[2024-07-01T00:00:04.018+0000] {subprocess.py:86} INFO - Output:
[2024-07-01T00:00:04.027+0000] {subprocess.py:93} INFO - example_bash_operator__runme_0__20240630
[2024-07-01T00:00:05.029+0000] {subprocess.py:97} INFO - Command exited with return code 0
[2024-07-01T00:00:05.119+0000] {taskinstance.py:1406} INFO - Marking task as SUCCESS. dag_id=example_bash_operator, task_id=runme_0, execution_date=20240630T000000, start_date=20240701T000002, end_date=20240701T000005
[2024-07-01T00:00:05.211+0000] {local_task_job.py:164} INFO - Task exited with return code 0
[2024-07-01T00:00:05.302+0000] {local_task_job.py:273} INFO - 0 downstream tasks scheduled from follow-on schedule check
